# JRE version: Java(TM) SE Runtime Environment (8.0_191-b12) (build 1.8.0_191-b12)
# Java VM: Java HotSpot(TM) 64-Bit Server VM (25.191-b12 mixed mode windows-amd64 compressed oops)
Heap:
 PSYoungGen      total 99840K, used 2114K [0x00000000d5980000, 0x00000000e1600000, 0x0000000100000000)
  eden space 99328K, 2% used [0x00000000d5980000,0x00000000d5b70aa0,0x00000000dba80000)
  from space 512K, 25% used [0x00000000e1500000,0x00000000e1520000,0x00000000e1580000)
  to   space 512K, 0% used [0x00000000e1580000,0x00000000e1580000,0x00000000e1600000)
 ParOldGen       total 87552K, used 4317K [0x0000000080c00000, 0x0000000086180000, 0x00000000d5980000)
  object space 87552K, 4% used [0x0000000080c00000,0x0000000081037468,0x0000000086180000)
 Metaspace       used 3119K, capacity 4566K, committed 4864K, reserved 1056768K
  class space    used 319K, capacity 390K, committed 512K, reserved 1048576K
GC Heap History (10 events):
Event: 6.492 GC heap before
{Heap before GC invocations=35 (full 0):
 PSYoungGen      total 119808K, used 119424K [0x00000000d5980000, 0x00000000e1600000, 0x0000000100000000)
  eden space 119296K, 100% used [0x00000000d5980000,0x00000000dce00000,0x00000000dce00000)
  from space 512K, 25% used [0x00000000e1580000,0x00000000e15a0000,0x00000000e1600000)
  to   space 1024K, 0% used [0x00000000e1400000,0x00000000e1400000,0x00000000e1500000)
 ParOldGen       total 87552K, used 3789K [0x0000000080c00000, 0x0000000086180000, 0x00000000d5980000)
  object space 87552K, 4% used [0x0000000080c00000,0x0000000080fb3468,0x0000000086180000)
 Metaspace       used 3119K, capacity 4566K, committed 4864K, reserved 1056768K
  class space    used 319K, capacity 390K, committed 512K, reserved 1048576K
Event: 6.494 GC heap after
Heap after GC invocations=35 (full 0):
 PSYoungGen      total 115712K, used 128K [0x00000000d5980000, 0x00000000e1600000, 0x0000000100000000)
  eden space 114688K, 0% used [0x00000000d5980000,0x00000000d5980000,0x00000000dc980000)
  from space 1024K, 12% used [0x00000000e1400000,0x00000000e1420000,0x00000000e1500000)
  to   space 512K, 0% used [0x00000000e1580000,0x00000000e1580000,0x00000000e1600000)
 ParOldGen       total 87552K, used 3877K [0x0000000080c00000, 0x0000000086180000, 0x00000000d5980000)
  object space 87552K, 4% used [0x0000000080c00000,0x0000000080fc9468,0x0000000086180000)
 Metaspace       used 3119K, capacity 4566K, committed 4864K, reserved 1056768K
  class space    used 319K, capacity 390K, committed 512K, reserved 1048576K
}
Event: 6.641 GC heap before
{Heap before GC invocations=36 (full 0):
 PSYoungGen      total 115712K, used 114816K [0x00000000d5980000, 0x00000000e1600000, 0x0000000100000000)
  eden space 114688K, 100% used [0x00000000d5980000,0x00000000dc980000,0x00000000dc980000)
  from space 1024K, 12% used [0x00000000e1400000,0x00000000e1420000,0x00000000e1500000)
  to   space 512K, 0% used [0x00000000e1580000,0x00000000e1580000,0x00000000e1600000)
 ParOldGen       total 87552K, used 3877K [0x0000000080c00000, 0x0000000086180000, 0x00000000d5980000)
  object space 87552K, 4% used [0x0000000080c00000,0x0000000080fc9468,0x0000000086180000)
 Metaspace       used 3119K, capacity 4566K, committed 4864K, reserved 1056768K
  class space    used 319K, capacity 390K, committed 512K, reserved 1048576K
Event: 6.641 GC heap after
Heap after GC invocations=36 (full 0):
 PSYoungGen      total 111104K, used 128K [0x00000000d5980000, 0x00000000e1600000, 0x0000000100000000)
  eden space 110592K, 0% used [0x00000000d5980000,0x00000000d5980000,0x00000000dc580000)
  from space 512K, 25% used [0x00000000e1580000,0x00000000e15a0000,0x00000000e1600000)
  to   space 512K, 0% used [0x00000000e1500000,0x00000000e1500000,0x00000000e1580000)
 ParOldGen       total 87552K, used 3989K [0x0000000080c00000, 0x0000000086180000, 0x00000000d5980000)
  object space 87552K, 4% used [0x0000000080c00000,0x0000000080fe5468,0x0000000086180000)
 Metaspace       used 3119K, capacity 4566K, committed 4864K, reserved 1056768K
  class space    used 319K, capacity 390K, committed 512K, reserved 1048576K
}
Event: 6.844 GC heap before
{Heap before GC invocations=37 (full 0):
 PSYoungGen      total 111104K, used 110720K [0x00000000d5980000, 0x00000000e1600000, 0x0000000100000000)
  eden space 110592K, 100% used [0x00000000d5980000,0x00000000dc580000,0x00000000dc580000)
  from space 512K, 25% used [0x00000000e1580000,0x00000000e15a0000,0x00000000e1600000)
  to   space 512K, 0% used [0x00000000e1500000,0x00000000e1500000,0x00000000e1580000)
 ParOldGen       total 87552K, used 3989K [0x0000000080c00000, 0x0000000086180000, 0x00000000d5980000)
  object space 87552K, 4% used [0x0000000080c00000,0x0000000080fe5468,0x0000000086180000)
 Metaspace       used 3119K, capacity 4566K, committed 4864K, reserved 1056768K
  class space    used 319K, capacity 390K, committed 512K, reserved 1048576K
Event: 6.844 GC heap after
Heap after GC invocations=37 (full 0):
 PSYoungGen      total 107008K, used 128K [0x00000000d5980000, 0x00000000e1600000, 0x0000000100000000)
  eden space 106496K, 0% used [0x00000000d5980000,0x00000000d5980000,0x00000000dc180000)
  from space 512K, 25% used [0x00000000e1500000,0x00000000e1520000,0x00000000e1580000)
  to   space 512K, 0% used [0x00000000e1580000,0x00000000e1580000,0x00000000e1600000)
 ParOldGen       total 87552K, used 4093K [0x0000000080c00000, 0x0000000086180000, 0x00000000d5980000)
  object space 87552K, 4% used [0x0000000080c00000,0x0000000080fff468,0x0000000086180000)
 Metaspace       used 3119K, capacity 4566K, committed 4864K, reserved 1056768K
  class space    used 319K, capacity 390K, committed 512K, reserved 1048576K
}
Event: 7.020 GC heap before
{Heap before GC invocations=38 (full 0):
 PSYoungGen      total 107008K, used 106624K [0x00000000d5980000, 0x00000000e1600000, 0x0000000100000000)
  eden space 106496K, 100% used [0x00000000d5980000,0x00000000dc180000,0x00000000dc180000)
  from space 512K, 25% used [0x00000000e1500000,0x00000000e1520000,0x00000000e1580000)
  to   space 512K, 0% used [0x00000000e1580000,0x00000000e1580000,0x00000000e1600000)
 ParOldGen       total 87552K, used 4093K [0x0000000080c00000, 0x0000000086180000, 0x00000000d5980000)
  object space 87552K, 4% used [0x0000000080c00000,0x0000000080fff468,0x0000000086180000)
 Metaspace       used 3119K, capacity 4566K, committed 4864K, reserved 1056768K
  class space    used 319K, capacity 390K, committed 512K, reserved 1048576K
Event: 7.021 GC heap after
Heap after GC invocations=38 (full 0):
 PSYoungGen      total 103424K, used 128K [0x00000000d5980000, 0x00000000e1600000, 0x0000000100000000)
  eden space 102912K, 0% used [0x00000000d5980000,0x00000000d5980000,0x00000000dbe00000)
  from space 512K, 25% used [0x00000000e1580000,0x00000000e15a0000,0x00000000e1600000)
  to   space 512K, 0% used [0x00000000e1500000,0x00000000e1500000,0x00000000e1580000)
 ParOldGen       total 87552K, used 4221K [0x0000000080c00000, 0x0000000086180000, 0x00000000d5980000)
  object space 87552K, 4% used [0x0000000080c00000,0x000000008101f468,0x0000000086180000)
 Metaspace       used 3119K, capacity 4566K, committed 4864K, reserved 1056768K
  class space    used 319K, capacity 390K, committed 512K, reserved 1048576K
}
Event: 7.170 GC heap before
{Heap before GC invocations=39 (full 0):
 PSYoungGen      total 103424K, used 103040K [0x00000000d5980000, 0x00000000e1600000, 0x0000000100000000)
  eden space 102912K, 100% used [0x00000000d5980000,0x00000000dbe00000,0x00000000dbe00000)
  from space 512K, 25% used [0x00000000e1580000,0x00000000e15a0000,0x00000000e1600000)
  to   space 512K, 0% used [0x00000000e1500000,0x00000000e1500000,0x00000000e1580000)
 ParOldGen       total 87552K, used 4221K [0x0000000080c00000, 0x0000000086180000, 0x00000000d5980000)
  object space 87552K, 4% used [0x0000000080c00000,0x000000008101f468,0x0000000086180000)
 Metaspace       used 3119K, capacity 4566K, committed 4864K, reserved 1056768K
  class space    used 319K, capacity 390K, committed 512K, reserved 1048576K
Event: 7.170 GC heap after
Heap after GC invocations=39 (full 0):
 PSYoungGen      total 99840K, used 128K [0x00000000d5980000, 0x00000000e1600000, 0x0000000100000000)
  eden space 99328K, 0% used [0x00000000d5980000,0x00000000d5980000,0x00000000dba80000)
  from space 512K, 25% used [0x00000000e1500000,0x00000000e1520000,0x00000000e1580000)
  to   space 512K, 0% used [0x00000000e1580000,0x00000000e1580000,0x00000000e1600000)
 ParOldGen       total 87552K, used 4317K [0x0000000080c00000, 0x0000000086180000, 0x00000000d5980000)
  object space 87552K, 4% used [0x0000000080c00000,0x0000000081037468,0x0000000086180000)
 Metaspace       used 3119K, capacity 4566K, committed 4864K, reserved 1056768K
  class space    used 319K, capacity 390K, committed 512K, reserved 1048576K
}

