# JRE version: Java(TM) SE Runtime Environment (8.0_191-b12) (build 1.8.0_191-b12)
# Java VM: Java HotSpot(TM) 64-Bit Server VM (25.191-b12 mixed mode windows-amd64 compressed oops)
Heap:
 PSYoungGen      total 763392K, used 259897K [0x000000076af00000, 0x00000007bcf80000, 0x00000007c0000000)
  eden space 762368K, 33% used [0x000000076af00000,0x000000077ac12648,0x0000000799780000)
  from space 1024K, 73% used [0x00000007bca00000,0x00000007bcabc010,0x00000007bcb00000)
  to   space 3072K, 0% used [0x00000007bcc80000,0x00000007bcc80000,0x00000007bcf80000)
 ParOldGen       total 175104K, used 5345K [0x00000006c0c00000, 0x00000006cb700000, 0x000000076af00000)
  object space 175104K, 3% used [0x00000006c0c00000,0x00000006c1138478,0x00000006cb700000)
 Metaspace       used 4256K, capacity 4704K, committed 4864K, reserved 1056768K
  class space    used 422K, capacity 464K, committed 512K, reserved 1048576K
GC Heap History (10 events):
Event: 3.479 GC heap before
{Heap before GC invocations=9 (full 0):
 PSYoungGen      total 526336K, used 524128K [0x000000076af00000, 0x000000078b400000, 0x00000007c0000000)
  eden space 523264K, 100% used [0x000000076af00000,0x000000078ae00000,0x000000078ae00000)
  from space 3072K, 28% used [0x000000078b100000,0x000000078b1d8000,0x000000078b400000)
  to   space 3072K, 0% used [0x000000078ae00000,0x000000078ae00000,0x000000078b100000)
 ParOldGen       total 175104K, used 2057K [0x00000006c0c00000, 0x00000006cb700000, 0x000000076af00000)
  object space 175104K, 1% used [0x00000006c0c00000,0x00000006c0e02468,0x00000006cb700000)
 Metaspace       used 4256K, capacity 4704K, committed 4864K, reserved 1056768K
  class space    used 422K, capacity 464K, committed 512K, reserved 1048576K
Event: 3.480 GC heap after
Heap after GC invocations=9 (full 0):
 PSYoungGen      total 526336K, used 1216K [0x000000076af00000, 0x000000079e700000, 0x00000007c0000000)
  eden space 523264K, 0% used [0x000000076af00000,0x000000076af00000,0x000000078ae00000)
  from space 3072K, 39% used [0x000000078ae00000,0x000000078af30000,0x000000078b100000)
  to   space 3072K, 0% used [0x000000079e400000,0x000000079e400000,0x000000079e700000)
 ParOldGen       total 175104K, used 2369K [0x00000006c0c00000, 0x00000006cb700000, 0x000000076af00000)
  object space 175104K, 1% used [0x00000006c0c00000,0x00000006c0e50478,0x00000006cb700000)
 Metaspace       used 4256K, capacity 4704K, committed 4864K, reserved 1056768K
  class space    used 422K, capacity 464K, committed 512K, reserved 1048576K
}
Event: 4.352 GC heap before
{Heap before GC invocations=10 (full 0):
 PSYoungGen      total 526336K, used 524480K [0x000000076af00000, 0x000000079e700000, 0x00000007c0000000)
  eden space 523264K, 100% used [0x000000076af00000,0x000000078ae00000,0x000000078ae00000)
  from space 3072K, 39% used [0x000000078ae00000,0x000000078af30000,0x000000078b100000)
  to   space 3072K, 0% used [0x000000079e400000,0x000000079e400000,0x000000079e700000)
 ParOldGen       total 175104K, used 2369K [0x00000006c0c00000, 0x00000006cb700000, 0x000000076af00000)
  object space 175104K, 1% used [0x00000006c0c00000,0x00000006c0e50478,0x00000006cb700000)
 Metaspace       used 4256K, capacity 4704K, committed 4864K, reserved 1056768K
  class space    used 422K, capacity 464K, committed 512K, reserved 1048576K
Event: 4.353 GC heap after
Heap after GC invocations=10 (full 0):
 PSYoungGen      total 840704K, used 1088K [0x000000076af00000, 0x000000079e700000, 0x00000007c0000000)
  eden space 837632K, 0% used [0x000000076af00000,0x000000076af00000,0x000000079e100000)
  from space 3072K, 35% used [0x000000079e400000,0x000000079e510000,0x000000079e700000)
  to   space 3072K, 0% used [0x000000079e100000,0x000000079e100000,0x000000079e400000)
 ParOldGen       total 175104K, used 2913K [0x00000006c0c00000, 0x00000006cb700000, 0x000000076af00000)
  object space 175104K, 1% used [0x00000006c0c00000,0x00000006c0ed8478,0x00000006cb700000)
 Metaspace       used 4256K, capacity 4704K, committed 4864K, reserved 1056768K
  class space    used 422K, capacity 464K, committed 512K, reserved 1048576K
}
Event: 5.691 GC heap before
{Heap before GC invocations=11 (full 0):
 PSYoungGen      total 840704K, used 838720K [0x000000076af00000, 0x000000079e700000, 0x00000007c0000000)
  eden space 837632K, 100% used [0x000000076af00000,0x000000079e100000,0x000000079e100000)
  from space 3072K, 35% used [0x000000079e400000,0x000000079e510000,0x000000079e700000)
  to   space 3072K, 0% used [0x000000079e100000,0x000000079e100000,0x000000079e400000)
 ParOldGen       total 175104K, used 2913K [0x00000006c0c00000, 0x00000006cb700000, 0x000000076af00000)
  object space 175104K, 1% used [0x00000006c0c00000,0x00000006c0ed8478,0x00000006cb700000)
 Metaspace       used 4256K, capacity 4704K, committed 4864K, reserved 1056768K
  class space    used 422K, capacity 464K, committed 512K, reserved 1048576K
Event: 5.693 GC heap after
Heap after GC invocations=11 (full 0):
 PSYoungGen      total 840704K, used 832K [0x000000076af00000, 0x00000007bd200000, 0x00000007c0000000)
  eden space 837632K, 0% used [0x000000076af00000,0x000000076af00000,0x000000079e100000)
  from space 3072K, 27% used [0x000000079e100000,0x000000079e1d0000,0x000000079e400000)
  to   space 3072K, 0% used [0x00000007bcf00000,0x00000007bcf00000,0x00000007bd200000)
 ParOldGen       total 175104K, used 3913K [0x00000006c0c00000, 0x00000006cb700000, 0x000000076af00000)
  object space 175104K, 2% used [0x00000006c0c00000,0x00000006c0fd2478,0x00000006cb700000)
 Metaspace       used 4256K, capacity 4704K, committed 4864K, reserved 1056768K
  class space    used 422K, capacity 464K, committed 512K, reserved 1048576K
}
Event: 6.953 GC heap before
{Heap before GC invocations=12 (full 0):
 PSYoungGen      total 840704K, used 838464K [0x000000076af00000, 0x00000007bd200000, 0x00000007c0000000)
  eden space 837632K, 100% used [0x000000076af00000,0x000000079e100000,0x000000079e100000)
  from space 3072K, 27% used [0x000000079e100000,0x000000079e1d0000,0x000000079e400000)
  to   space 3072K, 0% used [0x00000007bcf00000,0x00000007bcf00000,0x00000007bd200000)
 ParOldGen       total 175104K, used 3913K [0x00000006c0c00000, 0x00000006cb700000, 0x000000076af00000)
  object space 175104K, 2% used [0x00000006c0c00000,0x00000006c0fd2478,0x00000006cb700000)
 Metaspace       used 4256K, capacity 4704K, committed 4864K, reserved 1056768K
  class space    used 422K, capacity 464K, committed 512K, reserved 1048576K
Event: 6.955 GC heap after
Heap after GC invocations=12 (full 0):
 PSYoungGen      total 800256K, used 736K [0x000000076af00000, 0x00000007bd000000, 0x00000007c0000000)
  eden space 799232K, 0% used [0x000000076af00000,0x000000076af00000,0x000000079bb80000)
  from space 1024K, 71% used [0x00000007bcf00000,0x00000007bcfb8000,0x00000007bd000000)
  to   space 3072K, 0% used [0x00000007bca00000,0x00000007bca00000,0x00000007bcd00000)
 ParOldGen       total 175104K, used 4673K [0x00000006c0c00000, 0x00000006cb700000, 0x000000076af00000)
  object space 175104K, 2% used [0x00000006c0c00000,0x00000006c1090478,0x00000006cb700000)
 Metaspace       used 4256K, capacity 4704K, committed 4864K, reserved 1056768K
  class space    used 422K, capacity 464K, committed 512K, reserved 1048576K
}
Event: 8.175 GC heap before
{Heap before GC invocations=13 (full 0):
 PSYoungGen      total 800256K, used 799968K [0x000000076af00000, 0x00000007bd000000, 0x00000007c0000000)
  eden space 799232K, 100% used [0x000000076af00000,0x000000079bb80000,0x000000079bb80000)
  from space 1024K, 71% used [0x00000007bcf00000,0x00000007bcfb8000,0x00000007bd000000)
  to   space 3072K, 0% used [0x00000007bca00000,0x00000007bca00000,0x00000007bcd00000)
 ParOldGen       total 175104K, used 4673K [0x00000006c0c00000, 0x00000006cb700000, 0x000000076af00000)
  object space 175104K, 2% used [0x00000006c0c00000,0x00000006c1090478,0x00000006cb700000)
 Metaspace       used 4256K, capacity 4704K, committed 4864K, reserved 1056768K
  class space    used 422K, capacity 464K, committed 512K, reserved 1048576K
Event: 8.178 GC heap after
Heap after GC invocations=13 (full 0):
 PSYoungGen      total 763392K, used 752K [0x000000076af00000, 0x00000007bcf80000, 0x00000007c0000000)
  eden space 762368K, 0% used [0x000000076af00000,0x000000076af00000,0x0000000799780000)
  from space 1024K, 73% used [0x00000007bca00000,0x00000007bcabc010,0x00000007bcb00000)
  to   space 3072K, 0% used [0x00000007bcc80000,0x00000007bcc80000,0x00000007bcf80000)
 ParOldGen       total 175104K, used 5345K [0x00000006c0c00000, 0x00000006cb700000, 0x000000076af00000)
  object space 175104K, 3% used [0x00000006c0c00000,0x00000006c1138478,0x00000006cb700000)
 Metaspace       used 4256K, capacity 4704K, committed 4864K, reserved 1056768K
  class space    used 422K, capacity 464K, committed 512K, reserved 1048576K
}

