# JRE version: Java(TM) SE Runtime Environment (8.0_191-b12) (build 1.8.0_191-b12)
# Java VM: Java HotSpot(TM) 64-Bit Server VM (25.191-b12 mixed mode windows-amd64 compressed oops)
Heap:
 PSYoungGen      total 231424K, used 207144K [0x00000000d5980000, 0x00000000e5a80000, 0x0000000100000000)
  eden space 229888K, 89% used [0x00000000d5980000,0x00000000e238a128,0x00000000e3a00000)
  from space 1536K, 16% used [0x00000000e5780000,0x00000000e57c0000,0x00000000e5900000)
  to   space 1536K, 0% used [0x00000000e5900000,0x00000000e5900000,0x00000000e5a80000)
 ParOldGen       total 87552K, used 2481K [0x0000000080c00000, 0x0000000086180000, 0x00000000d5980000)
  object space 87552K, 2% used [0x0000000080c00000,0x0000000080e6c478,0x0000000086180000)
 Metaspace       used 3119K, capacity 4566K, committed 4864K, reserved 1056768K
  class space    used 319K, capacity 390K, committed 512K, reserved 1048576K
GC Heap History (10 events):
Event: 2.761 GC heap before
{Heap before GC invocations=15 (full 0):
 PSYoungGen      total 102912K, used 102560K [0x00000000d5980000, 0x00000000e5c80000, 0x0000000100000000)
  eden space 102400K, 100% used [0x00000000d5980000,0x00000000dbd80000,0x00000000dbd80000)
  from space 512K, 31% used [0x00000000e5c00000,0x00000000e5c28000,0x00000000e5c80000)
  to   space 1536K, 0% used [0x00000000e5980000,0x00000000e5980000,0x00000000e5b00000)
 ParOldGen       total 87552K, used 1817K [0x0000000080c00000, 0x0000000086180000, 0x00000000d5980000)
  object space 87552K, 2% used [0x0000000080c00000,0x0000000080dc6468,0x0000000086180000)
 Metaspace       used 3119K, capacity 4566K, committed 4864K, reserved 1056768K
  class space    used 319K, capacity 390K, committed 512K, reserved 1048576K
Event: 2.770 GC heap after
Heap after GC invocations=15 (full 0):
 PSYoungGen      total 165376K, used 96K [0x00000000d5980000, 0x00000000e5c80000, 0x0000000100000000)
  eden space 163840K, 0% used [0x00000000d5980000,0x00000000d5980000,0x00000000df980000)
  from space 1536K, 6% used [0x00000000e5980000,0x00000000e5998000,0x00000000e5b00000)
  to   space 1536K, 0% used [0x00000000e5b00000,0x00000000e5b00000,0x00000000e5c80000)
 ParOldGen       total 87552K, used 1913K [0x0000000080c00000, 0x0000000086180000, 0x00000000d5980000)
  object space 87552K, 2% used [0x0000000080c00000,0x0000000080dde468,0x0000000086180000)
 Metaspace       used 3119K, capacity 4566K, committed 4864K, reserved 1056768K
  class space    used 319K, capacity 390K, committed 512K, reserved 1048576K
}
Event: 3.039 GC heap before
{Heap before GC invocations=16 (full 0):
 PSYoungGen      total 165376K, used 163936K [0x00000000d5980000, 0x00000000e5c80000, 0x0000000100000000)
  eden space 163840K, 100% used [0x00000000d5980000,0x00000000df980000,0x00000000df980000)
  from space 1536K, 6% used [0x00000000e5980000,0x00000000e5998000,0x00000000e5b00000)
  to   space 1536K, 0% used [0x00000000e5b00000,0x00000000e5b00000,0x00000000e5c80000)
 ParOldGen       total 87552K, used 1913K [0x0000000080c00000, 0x0000000086180000, 0x00000000d5980000)
  object space 87552K, 2% used [0x0000000080c00000,0x0000000080dde468,0x0000000086180000)
 Metaspace       used 3119K, capacity 4566K, committed 4864K, reserved 1056768K
  class space    used 319K, capacity 390K, committed 512K, reserved 1048576K
Event: 3.039 GC heap after
Heap after GC invocations=16 (full 0):
 PSYoungGen      total 263680K, used 192K [0x00000000d5980000, 0x00000000e5c80000, 0x0000000100000000)
  eden space 262144K, 0% used [0x00000000d5980000,0x00000000d5980000,0x00000000e5980000)
  from space 1536K, 12% used [0x00000000e5b00000,0x00000000e5b30000,0x00000000e5c80000)
  to   space 1536K, 0% used [0x00000000e5980000,0x00000000e5980000,0x00000000e5b00000)
 ParOldGen       total 87552K, used 1985K [0x0000000080c00000, 0x0000000086180000, 0x00000000d5980000)
  object space 87552K, 2% used [0x0000000080c00000,0x0000000080df0468,0x0000000086180000)
 Metaspace       used 3119K, capacity 4566K, committed 4864K, reserved 1056768K
  class space    used 319K, capacity 390K, committed 512K, reserved 1048576K
}
Event: 3.486 GC heap before
{Heap before GC invocations=17 (full 0):
 PSYoungGen      total 263680K, used 262336K [0x00000000d5980000, 0x00000000e5c80000, 0x0000000100000000)
  eden space 262144K, 100% used [0x00000000d5980000,0x00000000e5980000,0x00000000e5980000)
  from space 1536K, 12% used [0x00000000e5b00000,0x00000000e5b30000,0x00000000e5c80000)
  to   space 1536K, 0% used [0x00000000e5980000,0x00000000e5980000,0x00000000e5b00000)
 ParOldGen       total 87552K, used 1985K [0x0000000080c00000, 0x0000000086180000, 0x00000000d5980000)
  object space 87552K, 2% used [0x0000000080c00000,0x0000000080df0468,0x0000000086180000)
 Metaspace       used 3119K, capacity 4566K, committed 4864K, reserved 1056768K
  class space    used 319K, capacity 390K, committed 512K, reserved 1048576K
Event: 3.487 GC heap after
Heap after GC invocations=17 (full 0):
 PSYoungGen      total 251392K, used 224K [0x00000000d5980000, 0x00000000e5b80000, 0x0000000100000000)
  eden space 250880K, 0% used [0x00000000d5980000,0x00000000d5980000,0x00000000e4e80000)
  from space 512K, 43% used [0x00000000e5980000,0x00000000e59b8000,0x00000000e5a00000)
  to   space 1536K, 0% used [0x00000000e5a00000,0x00000000e5a00000,0x00000000e5b80000)
 ParOldGen       total 87552K, used 2121K [0x0000000080c00000, 0x0000000086180000, 0x00000000d5980000)
  object space 87552K, 2% used [0x0000000080c00000,0x0000000080e12468,0x0000000086180000)
 Metaspace       used 3119K, capacity 4566K, committed 4864K, reserved 1056768K
  class space    used 319K, capacity 390K, committed 512K, reserved 1048576K
}
Event: 3.968 GC heap before
{Heap before GC invocations=18 (full 0):
 PSYoungGen      total 251392K, used 251104K [0x00000000d5980000, 0x00000000e5b80000, 0x0000000100000000)
  eden space 250880K, 100% used [0x00000000d5980000,0x00000000e4e80000,0x00000000e4e80000)
  from space 512K, 43% used [0x00000000e5980000,0x00000000e59b8000,0x00000000e5a00000)
  to   space 1536K, 0% used [0x00000000e5a00000,0x00000000e5a00000,0x00000000e5b80000)
 ParOldGen       total 87552K, used 2121K [0x0000000080c00000, 0x0000000086180000, 0x00000000d5980000)
  object space 87552K, 2% used [0x0000000080c00000,0x0000000080e12468,0x0000000086180000)
 Metaspace       used 3119K, capacity 4566K, committed 4864K, reserved 1056768K
  class space    used 319K, capacity 390K, committed 512K, reserved 1048576K
Event: 3.968 GC heap after
Heap after GC invocations=18 (full 0):
 PSYoungGen      total 240640K, used 256K [0x00000000d5980000, 0x00000000e5a80000, 0x0000000100000000)
  eden space 240128K, 0% used [0x00000000d5980000,0x00000000d5980000,0x00000000e4400000)
  from space 512K, 50% used [0x00000000e5a00000,0x00000000e5a40000,0x00000000e5a80000)
  to   space 1536K, 0% used [0x00000000e5780000,0x00000000e5780000,0x00000000e5900000)
 ParOldGen       total 87552K, used 2321K [0x0000000080c00000, 0x0000000086180000, 0x00000000d5980000)
  object space 87552K, 2% used [0x0000000080c00000,0x0000000080e44478,0x0000000086180000)
 Metaspace       used 3119K, capacity 4566K, committed 4864K, reserved 1056768K
  class space    used 319K, capacity 390K, committed 512K, reserved 1048576K
}
Event: 4.311 GC heap before
{Heap before GC invocations=19 (full 0):
 PSYoungGen      total 240640K, used 240384K [0x00000000d5980000, 0x00000000e5a80000, 0x0000000100000000)
  eden space 240128K, 100% used [0x00000000d5980000,0x00000000e4400000,0x00000000e4400000)
  from space 512K, 50% used [0x00000000e5a00000,0x00000000e5a40000,0x00000000e5a80000)
  to   space 1536K, 0% used [0x00000000e5780000,0x00000000e5780000,0x00000000e5900000)
 ParOldGen       total 87552K, used 2321K [0x0000000080c00000, 0x0000000086180000, 0x00000000d5980000)
  object space 87552K, 2% used [0x0000000080c00000,0x0000000080e44478,0x0000000086180000)
 Metaspace       used 3119K, capacity 4566K, committed 4864K, reserved 1056768K
  class space    used 319K, capacity 390K, committed 512K, reserved 1048576K
Event: 4.312 GC heap after
Heap after GC invocations=19 (full 0):
 PSYoungGen      total 231424K, used 256K [0x00000000d5980000, 0x00000000e5a80000, 0x0000000100000000)
  eden space 229888K, 0% used [0x00000000d5980000,0x00000000d5980000,0x00000000e3a00000)
  from space 1536K, 16% used [0x00000000e5780000,0x00000000e57c0000,0x00000000e5900000)
  to   space 1536K, 0% used [0x00000000e5900000,0x00000000e5900000,0x00000000e5a80000)
 ParOldGen       total 87552K, used 2481K [0x0000000080c00000, 0x0000000086180000, 0x00000000d5980000)
  object space 87552K, 2% used [0x0000000080c00000,0x0000000080e6c478,0x0000000086180000)
 Metaspace       used 3119K, capacity 4566K, committed 4864K, reserved 1056768K
  class space    used 319K, capacity 390K, committed 512K, reserved 1048576K
}

