# JRE version: Java(TM) SE Runtime Environment (8.0_191-b12) (build 1.8.0_191-b12)
# Java VM: Java HotSpot(TM) 64-Bit Server VM (25.191-b12 mixed mode windows-amd64 compressed oops)
Heap:
 PSYoungGen      total 84480K, used 77378K [0x000000076af00000, 0x00000007a8c80000, 0x00000007c0000000)
  eden space 83968K, 91% used [0x000000076af00000,0x000000076fa709b8,0x0000000770100000)
  from space 512K, 25% used [0x00000007a8c00000,0x00000007a8c20000,0x00000007a8c80000)
  to   space 512K, 0% used [0x00000007a8b80000,0x00000007a8b80000,0x00000007a8c00000)
 ParOldGen       total 175104K, used 13524K [0x00000006c0c00000, 0x00000006cb700000, 0x000000076af00000)
  object space 175104K, 7% used [0x00000006c0c00000,0x00000006c19350b0,0x00000006cb700000)
 Metaspace       used 4250K, capacity 4704K, committed 4864K, reserved 1056768K
  class space    used 422K, capacity 464K, committed 512K, reserved 1048576K
GC Heap History (10 events):
Event: 22.130 GC heap before
{Heap before GC invocations=54 (full 0):
 PSYoungGen      total 96768K, used 95872K [0x000000076af00000, 0x00000007a8d00000, 0x00000007c0000000)
  eden space 95744K, 100% used [0x000000076af00000,0x0000000770c80000,0x0000000770c80000)
  from space 1024K, 12% used [0x00000007a8b00000,0x00000007a8b20000,0x00000007a8c00000)
  to   space 1024K, 0% used [0x00000007a8c00000,0x00000007a8c00000,0x00000007a8d00000)
 ParOldGen       total 175104K, used 13044K [0x00000006c0c00000, 0x00000006cb700000, 0x000000076af00000)
  object space 175104K, 7% used [0x00000006c0c00000,0x00000006c18bd0b0,0x00000006cb700000)
 Metaspace       used 4250K, capacity 4704K, committed 4864K, reserved 1056768K
  class space    used 422K, capacity 464K, committed 512K, reserved 1048576K
Event: 22.131 GC heap after
Heap after GC invocations=54 (full 0):
 PSYoungGen      total 93696K, used 128K [0x000000076af00000, 0x00000007a8c80000, 0x00000007c0000000)
  eden space 93184K, 0% used [0x000000076af00000,0x000000076af00000,0x0000000770a00000)
  from space 512K, 25% used [0x00000007a8c00000,0x00000007a8c20000,0x00000007a8c80000)
  to   space 1024K, 0% used [0x00000007a8a80000,0x00000007a8a80000,0x00000007a8b80000)
 ParOldGen       total 175104K, used 13140K [0x00000006c0c00000, 0x00000006cb700000, 0x000000076af00000)
  object space 175104K, 7% used [0x00000006c0c00000,0x00000006c18d50b0,0x00000006cb700000)
 Metaspace       used 4250K, capacity 4704K, committed 4864K, reserved 1056768K
  class space    used 422K, capacity 464K, committed 512K, reserved 1048576K
}
Event: 22.349 GC heap before
{Heap before GC invocations=55 (full 0):
 PSYoungGen      total 93696K, used 93312K [0x000000076af00000, 0x00000007a8c80000, 0x00000007c0000000)
  eden space 93184K, 100% used [0x000000076af00000,0x0000000770a00000,0x0000000770a00000)
  from space 512K, 25% used [0x00000007a8c00000,0x00000007a8c20000,0x00000007a8c80000)
  to   space 1024K, 0% used [0x00000007a8a80000,0x00000007a8a80000,0x00000007a8b80000)
 ParOldGen       total 175104K, used 13140K [0x00000006c0c00000, 0x00000006cb700000, 0x000000076af00000)
  object space 175104K, 7% used [0x00000006c0c00000,0x00000006c18d50b0,0x00000006cb700000)
 Metaspace       used 4250K, capacity 4704K, committed 4864K, reserved 1056768K
  class space    used 422K, capacity 464K, committed 512K, reserved 1048576K
Event: 22.350 GC heap after
Heap after GC invocations=55 (full 0):
 PSYoungGen      total 91648K, used 128K [0x000000076af00000, 0x00000007a8c80000, 0x00000007c0000000)
  eden space 90624K, 0% used [0x000000076af00000,0x000000076af00000,0x0000000770780000)
  from space 1024K, 12% used [0x00000007a8a80000,0x00000007a8aa0000,0x00000007a8b80000)
  to   space 512K, 0% used [0x00000007a8c00000,0x00000007a8c00000,0x00000007a8c80000)
 ParOldGen       total 175104K, used 13228K [0x00000006c0c00000, 0x00000006cb700000, 0x000000076af00000)
  object space 175104K, 7% used [0x00000006c0c00000,0x00000006c18eb0b0,0x00000006cb700000)
 Metaspace       used 4250K, capacity 4704K, committed 4864K, reserved 1056768K
  class space    used 422K, capacity 464K, committed 512K, reserved 1048576K
}
Event: 22.544 GC heap before
{Heap before GC invocations=56 (full 0):
 PSYoungGen      total 91648K, used 90752K [0x000000076af00000, 0x00000007a8c80000, 0x00000007c0000000)
  eden space 90624K, 100% used [0x000000076af00000,0x0000000770780000,0x0000000770780000)
  from space 1024K, 12% used [0x00000007a8a80000,0x00000007a8aa0000,0x00000007a8b80000)
  to   space 512K, 0% used [0x00000007a8c00000,0x00000007a8c00000,0x00000007a8c80000)
 ParOldGen       total 175104K, used 13228K [0x00000006c0c00000, 0x00000006cb700000, 0x000000076af00000)
  object space 175104K, 7% used [0x00000006c0c00000,0x00000006c18eb0b0,0x00000006cb700000)
 Metaspace       used 4250K, capacity 4704K, committed 4864K, reserved 1056768K
  class space    used 422K, capacity 464K, committed 512K, reserved 1048576K
Event: 22.545 GC heap after
Heap after GC invocations=56 (full 0):
 PSYoungGen      total 88576K, used 128K [0x000000076af00000, 0x00000007a8c80000, 0x00000007c0000000)
  eden space 88064K, 0% used [0x000000076af00000,0x000000076af00000,0x0000000770500000)
  from space 512K, 25% used [0x00000007a8c00000,0x00000007a8c20000,0x00000007a8c80000)
  to   space 512K, 0% used [0x00000007a8b80000,0x00000007a8b80000,0x00000007a8c00000)
 ParOldGen       total 175104K, used 13332K [0x00000006c0c00000, 0x00000006cb700000, 0x000000076af00000)
  object space 175104K, 7% used [0x00000006c0c00000,0x00000006c19050b0,0x00000006cb700000)
 Metaspace       used 4250K, capacity 4704K, committed 4864K, reserved 1056768K
  class space    used 422K, capacity 464K, committed 512K, reserved 1048576K
}
Event: 22.725 GC heap before
{Heap before GC invocations=57 (full 0):
 PSYoungGen      total 88576K, used 88192K [0x000000076af00000, 0x00000007a8c80000, 0x00000007c0000000)
  eden space 88064K, 100% used [0x000000076af00000,0x0000000770500000,0x0000000770500000)
  from space 512K, 25% used [0x00000007a8c00000,0x00000007a8c20000,0x00000007a8c80000)
  to   space 512K, 0% used [0x00000007a8b80000,0x00000007a8b80000,0x00000007a8c00000)
 ParOldGen       total 175104K, used 13332K [0x00000006c0c00000, 0x00000006cb700000, 0x000000076af00000)
  object space 175104K, 7% used [0x00000006c0c00000,0x00000006c19050b0,0x00000006cb700000)
 Metaspace       used 4250K, capacity 4704K, committed 4864K, reserved 1056768K
  class space    used 422K, capacity 464K, committed 512K, reserved 1048576K
Event: 22.726 GC heap after
Heap after GC invocations=57 (full 0):
 PSYoungGen      total 86528K, used 128K [0x000000076af00000, 0x00000007a8c80000, 0x00000007c0000000)
  eden space 86016K, 0% used [0x000000076af00000,0x000000076af00000,0x0000000770300000)
  from space 512K, 25% used [0x00000007a8b80000,0x00000007a8ba0000,0x00000007a8c00000)
  to   space 512K, 0% used [0x00000007a8c00000,0x00000007a8c00000,0x00000007a8c80000)
 ParOldGen       total 175104K, used 13436K [0x00000006c0c00000, 0x00000006cb700000, 0x000000076af00000)
  object space 175104K, 7% used [0x00000006c0c00000,0x00000006c191f0b0,0x00000006cb700000)
 Metaspace       used 4250K, capacity 4704K, committed 4864K, reserved 1056768K
  class space    used 422K, capacity 464K, committed 512K, reserved 1048576K
}
Event: 22.911 GC heap before
{Heap before GC invocations=58 (full 0):
 PSYoungGen      total 86528K, used 86144K [0x000000076af00000, 0x00000007a8c80000, 0x00000007c0000000)
  eden space 86016K, 100% used [0x000000076af00000,0x0000000770300000,0x0000000770300000)
  from space 512K, 25% used [0x00000007a8b80000,0x00000007a8ba0000,0x00000007a8c00000)
  to   space 512K, 0% used [0x00000007a8c00000,0x00000007a8c00000,0x00000007a8c80000)
 ParOldGen       total 175104K, used 13436K [0x00000006c0c00000, 0x00000006cb700000, 0x000000076af00000)
  object space 175104K, 7% used [0x00000006c0c00000,0x00000006c191f0b0,0x00000006cb700000)
 Metaspace       used 4250K, capacity 4704K, committed 4864K, reserved 1056768K
  class space    used 422K, capacity 464K, committed 512K, reserved 1048576K
Event: 22.911 GC heap after
Heap after GC invocations=58 (full 0):
 PSYoungGen      total 84480K, used 128K [0x000000076af00000, 0x00000007a8c80000, 0x00000007c0000000)
  eden space 83968K, 0% used [0x000000076af00000,0x000000076af00000,0x0000000770100000)
  from space 512K, 25% used [0x00000007a8c00000,0x00000007a8c20000,0x00000007a8c80000)
  to   space 512K, 0% used [0x00000007a8b80000,0x00000007a8b80000,0x00000007a8c00000)
 ParOldGen       total 175104K, used 13524K [0x00000006c0c00000, 0x00000006cb700000, 0x000000076af00000)
  object space 175104K, 7% used [0x00000006c0c00000,0x00000006c19350b0,0x00000006cb700000)
 Metaspace       used 4250K, capacity 4704K, committed 4864K, reserved 1056768K
  class space    used 422K, capacity 464K, committed 512K, reserved 1048576K
}

