# JRE version: Java(TM) SE Runtime Environment (8.0_191-b12) (build 1.8.0_191-b12)
# Java VM: Java HotSpot(TM) 64-Bit Server VM (25.191-b12 mixed mode windows-amd64 compressed oops)
Heap:
 PSYoungGen      total 800256K, used 336190K [0x000000076af00000, 0x00000007bd000000, 0x00000007c0000000)
  eden space 799232K, 41% used [0x000000076af00000,0x000000077f697b60,0x000000079bb80000)
  from space 1024K, 71% used [0x00000007bcf00000,0x00000007bcfb8000,0x00000007bd000000)
  to   space 3072K, 0% used [0x00000007bca00000,0x00000007bca00000,0x00000007bcd00000)
 ParOldGen       total 175104K, used 4661K [0x00000006c0c00000, 0x00000006cb700000, 0x000000076af00000)
  object space 175104K, 2% used [0x00000006c0c00000,0x00000006c108d468,0x00000006cb700000)
 Metaspace       used 4248K, capacity 4704K, committed 4864K, reserved 1056768K
  class space    used 422K, capacity 464K, committed 512K, reserved 1048576K
GC Heap History (10 events):
Event: 2.500 GC heap before
{Heap before GC invocations=8 (full 0):
 PSYoungGen      total 264704K, used 262528K [0x000000076af00000, 0x000000078b400000, 0x00000007c0000000)
  eden space 261632K, 100% used [0x000000076af00000,0x000000077ae80000,0x000000077ae80000)
  from space 3072K, 29% used [0x000000077ae80000,0x000000077af60000,0x000000077b180000)
  to   space 3072K, 0% used [0x000000078b100000,0x000000078b100000,0x000000078b400000)
 ParOldGen       total 175104K, used 1741K [0x00000006c0c00000, 0x00000006cb700000, 0x000000076af00000)
  object space 175104K, 0% used [0x00000006c0c00000,0x00000006c0db3458,0x00000006cb700000)
 Metaspace       used 4231K, capacity 4704K, committed 4864K, reserved 1056768K
  class space    used 421K, capacity 464K, committed 512K, reserved 1048576K
Event: 2.501 GC heap after
Heap after GC invocations=8 (full 0):
 PSYoungGen      total 526336K, used 864K [0x000000076af00000, 0x000000078b400000, 0x00000007c0000000)
  eden space 523264K, 0% used [0x000000076af00000,0x000000076af00000,0x000000078ae00000)
  from space 3072K, 28% used [0x000000078b100000,0x000000078b1d8000,0x000000078b400000)
  to   space 3072K, 0% used [0x000000078ae00000,0x000000078ae00000,0x000000078b100000)
 ParOldGen       total 175104K, used 2077K [0x00000006c0c00000, 0x00000006cb700000, 0x000000076af00000)
  object space 175104K, 1% used [0x00000006c0c00000,0x00000006c0e07458,0x00000006cb700000)
 Metaspace       used 4231K, capacity 4704K, committed 4864K, reserved 1056768K
  class space    used 421K, capacity 464K, committed 512K, reserved 1048576K
}
Event: 3.519 GC heap before
{Heap before GC invocations=9 (full 0):
 PSYoungGen      total 526336K, used 524128K [0x000000076af00000, 0x000000078b400000, 0x00000007c0000000)
  eden space 523264K, 100% used [0x000000076af00000,0x000000078ae00000,0x000000078ae00000)
  from space 3072K, 28% used [0x000000078b100000,0x000000078b1d8000,0x000000078b400000)
  to   space 3072K, 0% used [0x000000078ae00000,0x000000078ae00000,0x000000078b100000)
 ParOldGen       total 175104K, used 2077K [0x00000006c0c00000, 0x00000006cb700000, 0x000000076af00000)
  object space 175104K, 1% used [0x00000006c0c00000,0x00000006c0e07458,0x00000006cb700000)
 Metaspace       used 4247K, capacity 4704K, committed 4864K, reserved 1056768K
  class space    used 422K, capacity 464K, committed 512K, reserved 1048576K
Event: 3.521 GC heap after
Heap after GC invocations=9 (full 0):
 PSYoungGen      total 526336K, used 1184K [0x000000076af00000, 0x000000079e700000, 0x00000007c0000000)
  eden space 523264K, 0% used [0x000000076af00000,0x000000076af00000,0x000000078ae00000)
  from space 3072K, 38% used [0x000000078ae00000,0x000000078af28000,0x000000078b100000)
  to   space 3072K, 0% used [0x000000079e400000,0x000000079e400000,0x000000079e700000)
 ParOldGen       total 175104K, used 2381K [0x00000006c0c00000, 0x00000006cb700000, 0x000000076af00000)
  object space 175104K, 1% used [0x00000006c0c00000,0x00000006c0e53468,0x00000006cb700000)
 Metaspace       used 4247K, capacity 4704K, committed 4864K, reserved 1056768K
  class space    used 422K, capacity 464K, committed 512K, reserved 1048576K
}
Event: 4.368 GC heap before
{Heap before GC invocations=10 (full 0):
 PSYoungGen      total 526336K, used 524448K [0x000000076af00000, 0x000000079e700000, 0x00000007c0000000)
  eden space 523264K, 100% used [0x000000076af00000,0x000000078ae00000,0x000000078ae00000)
  from space 3072K, 38% used [0x000000078ae00000,0x000000078af28000,0x000000078b100000)
  to   space 3072K, 0% used [0x000000079e400000,0x000000079e400000,0x000000079e700000)
 ParOldGen       total 175104K, used 2381K [0x00000006c0c00000, 0x00000006cb700000, 0x000000076af00000)
  object space 175104K, 1% used [0x00000006c0c00000,0x00000006c0e53468,0x00000006cb700000)
 Metaspace       used 4247K, capacity 4704K, committed 4864K, reserved 1056768K
  class space    used 422K, capacity 464K, committed 512K, reserved 1048576K
Event: 4.369 GC heap after
Heap after GC invocations=10 (full 0):
 PSYoungGen      total 840704K, used 1088K [0x000000076af00000, 0x000000079e700000, 0x00000007c0000000)
  eden space 837632K, 0% used [0x000000076af00000,0x000000076af00000,0x000000079e100000)
  from space 3072K, 35% used [0x000000079e400000,0x000000079e510000,0x000000079e700000)
  to   space 3072K, 0% used [0x000000079e100000,0x000000079e100000,0x000000079e400000)
 ParOldGen       total 175104K, used 2925K [0x00000006c0c00000, 0x00000006cb700000, 0x000000076af00000)
  object space 175104K, 1% used [0x00000006c0c00000,0x00000006c0edb468,0x00000006cb700000)
 Metaspace       used 4247K, capacity 4704K, committed 4864K, reserved 1056768K
  class space    used 422K, capacity 464K, committed 512K, reserved 1048576K
}
Event: 5.740 GC heap before
{Heap before GC invocations=11 (full 0):
 PSYoungGen      total 840704K, used 838720K [0x000000076af00000, 0x000000079e700000, 0x00000007c0000000)
  eden space 837632K, 100% used [0x000000076af00000,0x000000079e100000,0x000000079e100000)
  from space 3072K, 35% used [0x000000079e400000,0x000000079e510000,0x000000079e700000)
  to   space 3072K, 0% used [0x000000079e100000,0x000000079e100000,0x000000079e400000)
 ParOldGen       total 175104K, used 2925K [0x00000006c0c00000, 0x00000006cb700000, 0x000000076af00000)
  object space 175104K, 1% used [0x00000006c0c00000,0x00000006c0edb468,0x00000006cb700000)
 Metaspace       used 4248K, capacity 4704K, committed 4864K, reserved 1056768K
  class space    used 422K, capacity 464K, committed 512K, reserved 1048576K
Event: 5.743 GC heap after
Heap after GC invocations=11 (full 0):
 PSYoungGen      total 840704K, used 832K [0x000000076af00000, 0x00000007bd200000, 0x00000007c0000000)
  eden space 837632K, 0% used [0x000000076af00000,0x000000076af00000,0x000000079e100000)
  from space 3072K, 27% used [0x000000079e100000,0x000000079e1d0000,0x000000079e400000)
  to   space 3072K, 0% used [0x00000007bcf00000,0x00000007bcf00000,0x00000007bd200000)
 ParOldGen       total 175104K, used 3909K [0x00000006c0c00000, 0x00000006cb700000, 0x000000076af00000)
  object space 175104K, 2% used [0x00000006c0c00000,0x00000006c0fd1468,0x00000006cb700000)
 Metaspace       used 4248K, capacity 4704K, committed 4864K, reserved 1056768K
  class space    used 422K, capacity 464K, committed 512K, reserved 1048576K
}
Event: 6.985 GC heap before
{Heap before GC invocations=12 (full 0):
 PSYoungGen      total 840704K, used 838464K [0x000000076af00000, 0x00000007bd200000, 0x00000007c0000000)
  eden space 837632K, 100% used [0x000000076af00000,0x000000079e100000,0x000000079e100000)
  from space 3072K, 27% used [0x000000079e100000,0x000000079e1d0000,0x000000079e400000)
  to   space 3072K, 0% used [0x00000007bcf00000,0x00000007bcf00000,0x00000007bd200000)
 ParOldGen       total 175104K, used 3909K [0x00000006c0c00000, 0x00000006cb700000, 0x000000076af00000)
  object space 175104K, 2% used [0x00000006c0c00000,0x00000006c0fd1468,0x00000006cb700000)
 Metaspace       used 4248K, capacity 4704K, committed 4864K, reserved 1056768K
  class space    used 422K, capacity 464K, committed 512K, reserved 1048576K
Event: 6.987 GC heap after
Heap after GC invocations=12 (full 0):
 PSYoungGen      total 800256K, used 736K [0x000000076af00000, 0x00000007bd000000, 0x00000007c0000000)
  eden space 799232K, 0% used [0x000000076af00000,0x000000076af00000,0x000000079bb80000)
  from space 1024K, 71% used [0x00000007bcf00000,0x00000007bcfb8000,0x00000007bd000000)
  to   space 3072K, 0% used [0x00000007bca00000,0x00000007bca00000,0x00000007bcd00000)
 ParOldGen       total 175104K, used 4661K [0x00000006c0c00000, 0x00000006cb700000, 0x000000076af00000)
  object space 175104K, 2% used [0x00000006c0c00000,0x00000006c108d468,0x00000006cb700000)
 Metaspace       used 4248K, capacity 4704K, committed 4864K, reserved 1056768K
  class space    used 422K, capacity 464K, committed 512K, reserved 1048576K
}

