# JRE version: Java(TM) SE Runtime Environment (8.0_191-b12) (build 1.8.0_191-b12)
# Java VM: Java HotSpot(TM) 64-Bit Server VM (25.191-b12 mixed mode windows-amd64 compressed oops)
Heap:
 PSYoungGen      total 216064K, used 137126K [0x00000000d5980000, 0x00000000e5c80000, 0x0000000100000000)
  eden space 214016K, 63% used [0x00000000d5980000,0x00000000ddf29ba8,0x00000000e2a80000)
  from space 2048K, 12% used [0x00000000e5880000,0x00000000e58c0000,0x00000000e5a80000)
  to   space 2048K, 0% used [0x00000000e5a80000,0x00000000e5a80000,0x00000000e5c80000)
 ParOldGen       total 87552K, used 2425K [0x0000000080c00000, 0x0000000086180000, 0x00000000d5980000)
  object space 87552K, 2% used [0x0000000080c00000,0x0000000080e5e468,0x0000000086180000)
 Metaspace       used 4004K, capacity 4606K, committed 4864K, reserved 1056768K
  class space    used 405K, capacity 430K, committed 512K, reserved 1048576K
GC Heap History (10 events):
Event: 1.981 GC heap before
{Heap before GC invocations=9 (full 0):
 PSYoungGen      total 267264K, used 266208K [0x00000000d5980000, 0x00000000e6180000, 0x0000000100000000)
  eden space 265728K, 100% used [0x00000000d5980000,0x00000000e5d00000,0x00000000e5d00000)
  from space 1536K, 31% used [0x00000000e5f00000,0x00000000e5f78000,0x00000000e6080000)
  to   space 2048K, 0% used [0x00000000e5d00000,0x00000000e5d00000,0x00000000e5f00000)
 ParOldGen       total 87552K, used 1177K [0x0000000080c00000, 0x0000000086180000, 0x00000000d5980000)
  object space 87552K, 1% used [0x0000000080c00000,0x0000000080d26458,0x0000000086180000)
 Metaspace       used 3985K, capacity 4606K, committed 4864K, reserved 1056768K
  class space    used 405K, capacity 430K, committed 512K, reserved 1048576K
Event: 1.982 GC heap after
Heap after GC invocations=9 (full 0):
 PSYoungGen      total 254464K, used 448K [0x00000000d5980000, 0x00000000e5f80000, 0x0000000100000000)
  eden space 253952K, 0% used [0x00000000d5980000,0x00000000d5980000,0x00000000e5180000)
  from space 512K, 87% used [0x00000000e5d00000,0x00000000e5d70000,0x00000000e5d80000)
  to   space 2048K, 0% used [0x00000000e5d80000,0x00000000e5d80000,0x00000000e5f80000)
 ParOldGen       total 87552K, used 1393K [0x0000000080c00000, 0x0000000086180000, 0x00000000d5980000)
  object space 87552K, 1% used [0x0000000080c00000,0x0000000080d5c468,0x0000000086180000)
 Metaspace       used 3985K, capacity 4606K, committed 4864K, reserved 1056768K
  class space    used 405K, capacity 430K, committed 512K, reserved 1048576K
}
Event: 2.477 GC heap before
{Heap before GC invocations=10 (full 0):
 PSYoungGen      total 254464K, used 254400K [0x00000000d5980000, 0x00000000e5f80000, 0x0000000100000000)
  eden space 253952K, 100% used [0x00000000d5980000,0x00000000e5180000,0x00000000e5180000)
  from space 512K, 87% used [0x00000000e5d00000,0x00000000e5d70000,0x00000000e5d80000)
  to   space 2048K, 0% used [0x00000000e5d80000,0x00000000e5d80000,0x00000000e5f80000)
 ParOldGen       total 87552K, used 1393K [0x0000000080c00000, 0x0000000086180000, 0x00000000d5980000)
  object space 87552K, 1% used [0x0000000080c00000,0x0000000080d5c468,0x0000000086180000)
 Metaspace       used 3985K, capacity 4606K, committed 4864K, reserved 1056768K
  class space    used 405K, capacity 430K, committed 512K, reserved 1048576K
Event: 2.478 GC heap after
Heap after GC invocations=10 (full 0):
 PSYoungGen      total 243712K, used 448K [0x00000000d5980000, 0x00000000e5e00000, 0x0000000100000000)
  eden space 243200K, 0% used [0x00000000d5980000,0x00000000d5980000,0x00000000e4700000)
  from space 512K, 87% used [0x00000000e5d80000,0x00000000e5df0000,0x00000000e5e00000)
  to   space 2048K, 0% used [0x00000000e5a00000,0x00000000e5a00000,0x00000000e5c00000)
 ParOldGen       total 87552K, used 1625K [0x0000000080c00000, 0x0000000086180000, 0x00000000d5980000)
  object space 87552K, 1% used [0x0000000080c00000,0x0000000080d96468,0x0000000086180000)
 Metaspace       used 3985K, capacity 4606K, committed 4864K, reserved 1056768K
  class space    used 405K, capacity 430K, committed 512K, reserved 1048576K
}
Event: 2.943 GC heap before
{Heap before GC invocations=11 (full 0):
 PSYoungGen      total 243712K, used 243648K [0x00000000d5980000, 0x00000000e5e00000, 0x0000000100000000)
  eden space 243200K, 100% used [0x00000000d5980000,0x00000000e4700000,0x00000000e4700000)
  from space 512K, 87% used [0x00000000e5d80000,0x00000000e5df0000,0x00000000e5e00000)
  to   space 2048K, 0% used [0x00000000e5a00000,0x00000000e5a00000,0x00000000e5c00000)
 ParOldGen       total 87552K, used 1625K [0x0000000080c00000, 0x0000000086180000, 0x00000000d5980000)
  object space 87552K, 1% used [0x0000000080c00000,0x0000000080d96468,0x0000000086180000)
 Metaspace       used 4004K, capacity 4606K, committed 4864K, reserved 1056768K
  class space    used 405K, capacity 430K, committed 512K, reserved 1048576K
Event: 2.944 GC heap after
Heap after GC invocations=11 (full 0):
 PSYoungGen      total 235008K, used 256K [0x00000000d5980000, 0x00000000e5e00000, 0x0000000100000000)
  eden space 232960K, 0% used [0x00000000d5980000,0x00000000d5980000,0x00000000e3d00000)
  from space 2048K, 12% used [0x00000000e5a00000,0x00000000e5a40000,0x00000000e5c00000)
  to   space 2048K, 0% used [0x00000000e5c00000,0x00000000e5c00000,0x00000000e5e00000)
 ParOldGen       total 87552K, used 2025K [0x0000000080c00000, 0x0000000086180000, 0x00000000d5980000)
  object space 87552K, 2% used [0x0000000080c00000,0x0000000080dfa468,0x0000000086180000)
 Metaspace       used 4004K, capacity 4606K, committed 4864K, reserved 1056768K
  class space    used 405K, capacity 430K, committed 512K, reserved 1048576K
}
Event: 3.360 GC heap before
{Heap before GC invocations=12 (full 0):
 PSYoungGen      total 235008K, used 233216K [0x00000000d5980000, 0x00000000e5e00000, 0x0000000100000000)
  eden space 232960K, 100% used [0x00000000d5980000,0x00000000e3d00000,0x00000000e3d00000)
  from space 2048K, 12% used [0x00000000e5a00000,0x00000000e5a40000,0x00000000e5c00000)
  to   space 2048K, 0% used [0x00000000e5c00000,0x00000000e5c00000,0x00000000e5e00000)
 ParOldGen       total 87552K, used 2025K [0x0000000080c00000, 0x0000000086180000, 0x00000000d5980000)
  object space 87552K, 2% used [0x0000000080c00000,0x0000000080dfa468,0x0000000086180000)
 Metaspace       used 4004K, capacity 4606K, committed 4864K, reserved 1056768K
  class space    used 405K, capacity 430K, committed 512K, reserved 1048576K
Event: 3.360 GC heap after
Heap after GC invocations=12 (full 0):
 PSYoungGen      total 223744K, used 224K [0x00000000d5980000, 0x00000000e5c80000, 0x0000000100000000)
  eden space 223232K, 0% used [0x00000000d5980000,0x00000000d5980000,0x00000000e3380000)
  from space 512K, 43% used [0x00000000e5c00000,0x00000000e5c38000,0x00000000e5c80000)
  to   space 2048K, 0% used [0x00000000e5880000,0x00000000e5880000,0x00000000e5a80000)
 ParOldGen       total 87552K, used 2241K [0x0000000080c00000, 0x0000000086180000, 0x00000000d5980000)
  object space 87552K, 2% used [0x0000000080c00000,0x0000000080e30468,0x0000000086180000)
 Metaspace       used 4004K, capacity 4606K, committed 4864K, reserved 1056768K
  class space    used 405K, capacity 430K, committed 512K, reserved 1048576K
}
Event: 3.730 GC heap before
{Heap before GC invocations=13 (full 0):
 PSYoungGen      total 223744K, used 223456K [0x00000000d5980000, 0x00000000e5c80000, 0x0000000100000000)
  eden space 223232K, 100% used [0x00000000d5980000,0x00000000e3380000,0x00000000e3380000)
  from space 512K, 43% used [0x00000000e5c00000,0x00000000e5c38000,0x00000000e5c80000)
  to   space 2048K, 0% used [0x00000000e5880000,0x00000000e5880000,0x00000000e5a80000)
 ParOldGen       total 87552K, used 2241K [0x0000000080c00000, 0x0000000086180000, 0x00000000d5980000)
  object space 87552K, 2% used [0x0000000080c00000,0x0000000080e30468,0x0000000086180000)
 Metaspace       used 4004K, capacity 4606K, committed 4864K, reserved 1056768K
  class space    used 405K, capacity 430K, committed 512K, reserved 1048576K
Event: 3.731 GC heap after
Heap after GC invocations=13 (full 0):
 PSYoungGen      total 216064K, used 256K [0x00000000d5980000, 0x00000000e5c80000, 0x0000000100000000)
  eden space 214016K, 0% used [0x00000000d5980000,0x00000000d5980000,0x00000000e2a80000)
  from space 2048K, 12% used [0x00000000e5880000,0x00000000e58c0000,0x00000000e5a80000)
  to   space 2048K, 0% used [0x00000000e5a80000,0x00000000e5a80000,0x00000000e5c80000)
 ParOldGen       total 87552K, used 2425K [0x0000000080c00000, 0x0000000086180000, 0x00000000d5980000)
  object space 87552K, 2% used [0x0000000080c00000,0x0000000080e5e468,0x0000000086180000)
 Metaspace       used 4004K, capacity 4606K, committed 4864K, reserved 1056768K
  class space    used 405K, capacity 430K, committed 512K, reserved 1048576K
}

