# JRE version: Java(TM) SE Runtime Environment (8.0_191-b12) (build 1.8.0_191-b12)
# Java VM: Java HotSpot(TM) 64-Bit Server VM (25.191-b12 mixed mode windows-amd64 compressed oops)
Heap:
 PSYoungGen      total 127488K, used 50401K [0x00000000d5980000, 0x00000000f5580000, 0x0000000100000000)
  eden space 125440K, 40% used [0x00000000d5980000,0x00000000d8a80430,0x00000000dd400000)
  from space 2048K, 10% used [0x00000000f5180000,0x00000000f51b8000,0x00000000f5380000)
  to   space 1536K, 0% used [0x00000000f5400000,0x00000000f5400000,0x00000000f5580000)
 ParOldGen       total 87552K, used 5112K [0x0000000080c00000, 0x0000000086180000, 0x00000000d5980000)
  object space 87552K, 5% used [0x0000000080c00000,0x00000000810fe0b0,0x0000000086180000)
 Metaspace       used 3627K, capacity 4566K, committed 4864K, reserved 1056768K
  class space    used 379K, capacity 390K, committed 512K, reserved 1048576K
GC Heap History (10 events):
Event: 6.756 GC heap before
{Heap before GC invocations=21 (full 0):
 PSYoungGen      total 153600K, used 153216K [0x00000000d5980000, 0x00000000f5880000, 0x0000000100000000)
  eden space 153088K, 100% used [0x00000000d5980000,0x00000000def00000,0x00000000def00000)
  from space 512K, 25% used [0x00000000f5800000,0x00000000f5820000,0x00000000f5880000)
  to   space 2048K, 0% used [0x00000000f5480000,0x00000000f5480000,0x00000000f5680000)
 ParOldGen       total 87552K, used 4480K [0x0000000080c00000, 0x0000000086180000, 0x00000000d5980000)
  object space 87552K, 5% used [0x0000000080c00000,0x00000000810600b0,0x0000000086180000)
 Metaspace       used 3627K, capacity 4566K, committed 4864K, reserved 1056768K
  class space    used 379K, capacity 390K, committed 512K, reserved 1048576K
Event: 6.757 GC heap after
Heap after GC invocations=21 (full 0):
 PSYoungGen      total 148992K, used 192K [0x00000000d5980000, 0x00000000f5880000, 0x0000000100000000)
  eden space 146944K, 0% used [0x00000000d5980000,0x00000000d5980000,0x00000000de900000)
  from space 2048K, 9% used [0x00000000f5480000,0x00000000f54b0000,0x00000000f5680000)
  to   space 2048K, 0% used [0x00000000f5680000,0x00000000f5680000,0x00000000f5880000)
 ParOldGen       total 87552K, used 4584K [0x0000000080c00000, 0x0000000086180000, 0x00000000d5980000)
  object space 87552K, 5% used [0x0000000080c00000,0x000000008107a0b0,0x0000000086180000)
 Metaspace       used 3627K, capacity 4566K, committed 4864K, reserved 1056768K
  class space    used 379K, capacity 390K, committed 512K, reserved 1048576K
}
Event: 7.008 GC heap before
{Heap before GC invocations=22 (full 0):
 PSYoungGen      total 148992K, used 147135K [0x00000000d5980000, 0x00000000f5880000, 0x0000000100000000)
  eden space 146944K, 99% used [0x00000000d5980000,0x00000000de8fffa8,0x00000000de900000)
  from space 2048K, 9% used [0x00000000f5480000,0x00000000f54b0000,0x00000000f5680000)
  to   space 2048K, 0% used [0x00000000f5680000,0x00000000f5680000,0x00000000f5880000)
 ParOldGen       total 87552K, used 4584K [0x0000000080c00000, 0x0000000086180000, 0x00000000d5980000)
  object space 87552K, 5% used [0x0000000080c00000,0x000000008107a0b0,0x0000000086180000)
 Metaspace       used 3627K, capacity 4566K, committed 4864K, reserved 1056768K
  class space    used 379K, capacity 390K, committed 512K, reserved 1048576K
Event: 7.009 GC heap after
Heap after GC invocations=22 (full 0):
 PSYoungGen      total 141824K, used 160K [0x00000000d5980000, 0x00000000f5700000, 0x0000000100000000)
  eden space 141312K, 0% used [0x00000000d5980000,0x00000000d5980000,0x00000000de380000)
  from space 512K, 31% used [0x00000000f5680000,0x00000000f56a8000,0x00000000f5700000)
  to   space 2048K, 0% used [0x00000000f5300000,0x00000000f5300000,0x00000000f5500000)
 ParOldGen       total 87552K, used 4728K [0x0000000080c00000, 0x0000000086180000, 0x00000000d5980000)
  object space 87552K, 5% used [0x0000000080c00000,0x000000008109e0b0,0x0000000086180000)
 Metaspace       used 3627K, capacity 4566K, committed 4864K, reserved 1056768K
  class space    used 379K, capacity 390K, committed 512K, reserved 1048576K
}
Event: 7.231 GC heap before
{Heap before GC invocations=23 (full 0):
 PSYoungGen      total 141824K, used 141472K [0x00000000d5980000, 0x00000000f5700000, 0x0000000100000000)
  eden space 141312K, 100% used [0x00000000d5980000,0x00000000de380000,0x00000000de380000)
  from space 512K, 31% used [0x00000000f5680000,0x00000000f56a8000,0x00000000f5700000)
  to   space 2048K, 0% used [0x00000000f5300000,0x00000000f5300000,0x00000000f5500000)
 ParOldGen       total 87552K, used 4728K [0x0000000080c00000, 0x0000000086180000, 0x00000000d5980000)
  object space 87552K, 5% used [0x0000000080c00000,0x000000008109e0b0,0x0000000086180000)
 Metaspace       used 3627K, capacity 4566K, committed 4864K, reserved 1056768K
  class space    used 379K, capacity 390K, committed 512K, reserved 1048576K
Event: 7.231 GC heap after
Heap after GC invocations=23 (full 0):
 PSYoungGen      total 137728K, used 160K [0x00000000d5980000, 0x00000000f5700000, 0x0000000100000000)
  eden space 135680K, 0% used [0x00000000d5980000,0x00000000d5980000,0x00000000dde00000)
  from space 2048K, 7% used [0x00000000f5300000,0x00000000f5328000,0x00000000f5500000)
  to   space 2048K, 0% used [0x00000000f5500000,0x00000000f5500000,0x00000000f5700000)
 ParOldGen       total 87552K, used 4848K [0x0000000080c00000, 0x0000000086180000, 0x00000000d5980000)
  object space 87552K, 5% used [0x0000000080c00000,0x00000000810bc0b0,0x0000000086180000)
 Metaspace       used 3627K, capacity 4566K, committed 4864K, reserved 1056768K
  class space    used 379K, capacity 390K, committed 512K, reserved 1048576K
}
Event: 7.430 GC heap before
{Heap before GC invocations=24 (full 0):
 PSYoungGen      total 137728K, used 135840K [0x00000000d5980000, 0x00000000f5700000, 0x0000000100000000)
  eden space 135680K, 100% used [0x00000000d5980000,0x00000000dde00000,0x00000000dde00000)
  from space 2048K, 7% used [0x00000000f5300000,0x00000000f5328000,0x00000000f5500000)
  to   space 2048K, 0% used [0x00000000f5500000,0x00000000f5500000,0x00000000f5700000)
 ParOldGen       total 87552K, used 4848K [0x0000000080c00000, 0x0000000086180000, 0x00000000d5980000)
  object space 87552K, 5% used [0x0000000080c00000,0x00000000810bc0b0,0x0000000086180000)
 Metaspace       used 3627K, capacity 4566K, committed 4864K, reserved 1056768K
  class space    used 379K, capacity 390K, committed 512K, reserved 1048576K
Event: 7.431 GC heap after
Heap after GC invocations=24 (full 0):
 PSYoungGen      total 131072K, used 192K [0x00000000d5980000, 0x00000000f5580000, 0x0000000100000000)
  eden space 130560K, 0% used [0x00000000d5980000,0x00000000d5980000,0x00000000dd900000)
  from space 512K, 37% used [0x00000000f5500000,0x00000000f5530000,0x00000000f5580000)
  to   space 2048K, 0% used [0x00000000f5180000,0x00000000f5180000,0x00000000f5380000)
 ParOldGen       total 87552K, used 4960K [0x0000000080c00000, 0x0000000086180000, 0x00000000d5980000)
  object space 87552K, 5% used [0x0000000080c00000,0x00000000810d80b0,0x0000000086180000)
 Metaspace       used 3627K, capacity 4566K, committed 4864K, reserved 1056768K
  class space    used 379K, capacity 390K, committed 512K, reserved 1048576K
}
Event: 7.686 GC heap before
{Heap before GC invocations=25 (full 0):
 PSYoungGen      total 131072K, used 130752K [0x00000000d5980000, 0x00000000f5580000, 0x0000000100000000)
  eden space 130560K, 100% used [0x00000000d5980000,0x00000000dd900000,0x00000000dd900000)
  from space 512K, 37% used [0x00000000f5500000,0x00000000f5530000,0x00000000f5580000)
  to   space 2048K, 0% used [0x00000000f5180000,0x00000000f5180000,0x00000000f5380000)
 ParOldGen       total 87552K, used 4960K [0x0000000080c00000, 0x0000000086180000, 0x00000000d5980000)
  object space 87552K, 5% used [0x0000000080c00000,0x00000000810d80b0,0x0000000086180000)
 Metaspace       used 3627K, capacity 4566K, committed 4864K, reserved 1056768K
  class space    used 379K, capacity 390K, committed 512K, reserved 1048576K
Event: 7.687 GC heap after
Heap after GC invocations=25 (full 0):
 PSYoungGen      total 127488K, used 224K [0x00000000d5980000, 0x00000000f5580000, 0x0000000100000000)
  eden space 125440K, 0% used [0x00000000d5980000,0x00000000d5980000,0x00000000dd400000)
  from space 2048K, 10% used [0x00000000f5180000,0x00000000f51b8000,0x00000000f5380000)
  to   space 1536K, 0% used [0x00000000f5400000,0x00000000f5400000,0x00000000f5580000)
 ParOldGen       total 87552K, used 5112K [0x0000000080c00000, 0x0000000086180000, 0x00000000d5980000)
  object space 87552K, 5% used [0x0000000080c00000,0x00000000810fe0b0,0x0000000086180000)
 Metaspace       used 3627K, capacity 4566K, committed 4864K, reserved 1056768K
  class space    used 379K, capacity 390K, committed 512K, reserved 1048576K
}

