# JRE version: Java(TM) SE Runtime Environment (8.0_191-b12) (build 1.8.0_191-b12)
# Java VM: Java HotSpot(TM) 64-Bit Server VM (25.191-b12 mixed mode windows-amd64 compressed oops)
Heap:
 PSYoungGen      total 691200K, used 110799K [0x00000000d5980000, 0x0000000100000000, 0x0000000100000000)
  eden space 687616K, 15% used [0x00000000d5980000,0x00000000dc4ebc68,0x00000000ff900000)
  from space 3584K, 22% used [0x00000000ffc80000,0x00000000ffd48000,0x0000000100000000)
  to   space 3584K, 0% used [0x00000000ff900000,0x00000000ff900000,0x00000000ffc80000)
 ParOldGen       total 87552K, used 8872K [0x0000000080c00000, 0x0000000086180000, 0x00000000d5980000)
  object space 87552K, 10% used [0x0000000080c00000,0x00000000814aa070,0x0000000086180000)
 Metaspace       used 4028K, capacity 4606K, committed 4864K, reserved 1056768K
  class space    used 405K, capacity 430K, committed 512K, reserved 1048576K
GC Heap History (10 events):
Event: 5.703 GC heap before
{Heap before GC invocations=10 (full 0):
 PSYoungGen      total 536064K, used 534464K [0x00000000d5980000, 0x0000000100000000, 0x0000000100000000)
  eden space 532480K, 100% used [0x00000000d5980000,0x00000000f6180000,0x00000000f6180000)
  from space 3584K, 55% used [0x00000000f6180000,0x00000000f6370000,0x00000000f6500000)
  to   space 3584K, 0% used [0x00000000ffc80000,0x00000000ffc80000,0x0000000100000000)
 ParOldGen       total 87552K, used 3048K [0x0000000080c00000, 0x0000000086180000, 0x00000000d5980000)
  object space 87552K, 3% used [0x0000000080c00000,0x0000000080efa070,0x0000000086180000)
 Metaspace       used 4028K, capacity 4606K, committed 4864K, reserved 1056768K
  class space    used 405K, capacity 430K, committed 512K, reserved 1048576K
Event: 5.705 GC heap after
Heap after GC invocations=10 (full 0):
 PSYoungGen      total 691200K, used 1760K [0x00000000d5980000, 0x0000000100000000, 0x0000000100000000)
  eden space 687616K, 0% used [0x00000000d5980000,0x00000000d5980000,0x00000000ff900000)
  from space 3584K, 49% used [0x00000000ffc80000,0x00000000ffe38000,0x0000000100000000)
  to   space 3584K, 0% used [0x00000000ff900000,0x00000000ff900000,0x00000000ffc80000)
 ParOldGen       total 87552K, used 4184K [0x0000000080c00000, 0x0000000086180000, 0x00000000d5980000)
  object space 87552K, 4% used [0x0000000080c00000,0x0000000081016070,0x0000000086180000)
 Metaspace       used 4028K, capacity 4606K, committed 4864K, reserved 1056768K
  class space    used 405K, capacity 430K, committed 512K, reserved 1048576K
}
Event: 7.353 GC heap before
{Heap before GC invocations=11 (full 0):
 PSYoungGen      total 691200K, used 689376K [0x00000000d5980000, 0x0000000100000000, 0x0000000100000000)
  eden space 687616K, 100% used [0x00000000d5980000,0x00000000ff900000,0x00000000ff900000)
  from space 3584K, 49% used [0x00000000ffc80000,0x00000000ffe38000,0x0000000100000000)
  to   space 3584K, 0% used [0x00000000ff900000,0x00000000ff900000,0x00000000ffc80000)
 ParOldGen       total 87552K, used 4184K [0x0000000080c00000, 0x0000000086180000, 0x00000000d5980000)
  object space 87552K, 4% used [0x0000000080c00000,0x0000000081016070,0x0000000086180000)
 Metaspace       used 4028K, capacity 4606K, committed 4864K, reserved 1056768K
  class space    used 405K, capacity 430K, committed 512K, reserved 1048576K
Event: 7.462 GC heap after
Heap after GC invocations=11 (full 0):
 PSYoungGen      total 691200K, used 1088K [0x00000000d5980000, 0x0000000100000000, 0x0000000100000000)
  eden space 687616K, 0% used [0x00000000d5980000,0x00000000d5980000,0x00000000ff900000)
  from space 3584K, 30% used [0x00000000ff900000,0x00000000ffa10000,0x00000000ffc80000)
  to   space 3584K, 0% used [0x00000000ffc80000,0x00000000ffc80000,0x0000000100000000)
 ParOldGen       total 87552K, used 5840K [0x0000000080c00000, 0x0000000086180000, 0x00000000d5980000)
  object space 87552K, 6% used [0x0000000080c00000,0x00000000811b4070,0x0000000086180000)
 Metaspace       used 4028K, capacity 4606K, committed 4864K, reserved 1056768K
  class space    used 405K, capacity 430K, committed 512K, reserved 1048576K
}
Event: 9.048 GC heap before
{Heap before GC invocations=12 (full 0):
 PSYoungGen      total 691200K, used 688704K [0x00000000d5980000, 0x0000000100000000, 0x0000000100000000)
  eden space 687616K, 100% used [0x00000000d5980000,0x00000000ff900000,0x00000000ff900000)
  from space 3584K, 30% used [0x00000000ff900000,0x00000000ffa10000,0x00000000ffc80000)
  to   space 3584K, 0% used [0x00000000ffc80000,0x00000000ffc80000,0x0000000100000000)
 ParOldGen       total 87552K, used 5840K [0x0000000080c00000, 0x0000000086180000, 0x00000000d5980000)
  object space 87552K, 6% used [0x0000000080c00000,0x00000000811b4070,0x0000000086180000)
 Metaspace       used 4028K, capacity 4606K, committed 4864K, reserved 1056768K
  class space    used 405K, capacity 430K, committed 512K, reserved 1048576K
Event: 9.051 GC heap after
Heap after GC invocations=12 (full 0):
 PSYoungGen      total 691200K, used 992K [0x00000000d5980000, 0x0000000100000000, 0x0000000100000000)
  eden space 687616K, 0% used [0x00000000d5980000,0x00000000d5980000,0x00000000ff900000)
  from space 3584K, 27% used [0x00000000ffc80000,0x00000000ffd78000,0x0000000100000000)
  to   space 3584K, 0% used [0x00000000ff900000,0x00000000ff900000,0x00000000ffc80000)
 ParOldGen       total 87552K, used 6848K [0x0000000080c00000, 0x0000000086180000, 0x00000000d5980000)
  object space 87552K, 7% used [0x0000000080c00000,0x00000000812b0070,0x0000000086180000)
 Metaspace       used 4028K, capacity 4606K, committed 4864K, reserved 1056768K
  class space    used 405K, capacity 430K, committed 512K, reserved 1048576K
}
Event: 10.625 GC heap before
{Heap before GC invocations=13 (full 0):
 PSYoungGen      total 691200K, used 688608K [0x00000000d5980000, 0x0000000100000000, 0x0000000100000000)
  eden space 687616K, 100% used [0x00000000d5980000,0x00000000ff900000,0x00000000ff900000)
  from space 3584K, 27% used [0x00000000ffc80000,0x00000000ffd78000,0x0000000100000000)
  to   space 3584K, 0% used [0x00000000ff900000,0x00000000ff900000,0x00000000ffc80000)
 ParOldGen       total 87552K, used 6848K [0x0000000080c00000, 0x0000000086180000, 0x00000000d5980000)
  object space 87552K, 7% used [0x0000000080c00000,0x00000000812b0070,0x0000000086180000)
 Metaspace       used 4028K, capacity 4606K, committed 4864K, reserved 1056768K
  class space    used 405K, capacity 430K, committed 512K, reserved 1048576K
Event: 10.628 GC heap after
Heap after GC invocations=13 (full 0):
 PSYoungGen      total 691200K, used 1184K [0x00000000d5980000, 0x0000000100000000, 0x0000000100000000)
  eden space 687616K, 0% used [0x00000000d5980000,0x00000000d5980000,0x00000000ff900000)
  from space 3584K, 33% used [0x00000000ff900000,0x00000000ffa28000,0x00000000ffc80000)
  to   space 3584K, 0% used [0x00000000ffc80000,0x00000000ffc80000,0x0000000100000000)
 ParOldGen       total 87552K, used 7744K [0x0000000080c00000, 0x0000000086180000, 0x00000000d5980000)
  object space 87552K, 8% used [0x0000000080c00000,0x0000000081390070,0x0000000086180000)
 Metaspace       used 4028K, capacity 4606K, committed 4864K, reserved 1056768K
  class space    used 405K, capacity 430K, committed 512K, reserved 1048576K
}
Event: 12.204 GC heap before
{Heap before GC invocations=14 (full 0):
 PSYoungGen      total 691200K, used 688800K [0x00000000d5980000, 0x0000000100000000, 0x0000000100000000)
  eden space 687616K, 100% used [0x00000000d5980000,0x00000000ff900000,0x00000000ff900000)
  from space 3584K, 33% used [0x00000000ff900000,0x00000000ffa28000,0x00000000ffc80000)
  to   space 3584K, 0% used [0x00000000ffc80000,0x00000000ffc80000,0x0000000100000000)
 ParOldGen       total 87552K, used 7744K [0x0000000080c00000, 0x0000000086180000, 0x00000000d5980000)
  object space 87552K, 8% used [0x0000000080c00000,0x0000000081390070,0x0000000086180000)
 Metaspace       used 4028K, capacity 4606K, committed 4864K, reserved 1056768K
  class space    used 405K, capacity 430K, committed 512K, reserved 1048576K
Event: 12.208 GC heap after
Heap after GC invocations=14 (full 0):
 PSYoungGen      total 691200K, used 800K [0x00000000d5980000, 0x0000000100000000, 0x0000000100000000)
  eden space 687616K, 0% used [0x00000000d5980000,0x00000000d5980000,0x00000000ff900000)
  from space 3584K, 22% used [0x00000000ffc80000,0x00000000ffd48000,0x0000000100000000)
  to   space 3584K, 0% used [0x00000000ff900000,0x00000000ff900000,0x00000000ffc80000)
 ParOldGen       total 87552K, used 8872K [0x0000000080c00000, 0x0000000086180000, 0x00000000d5980000)
  object space 87552K, 10% used [0x0000000080c00000,0x00000000814aa070,0x0000000086180000)
 Metaspace       used 4028K, capacity 4606K, committed 4864K, reserved 1056768K
  class space    used 405K, capacity 430K, committed 512K, reserved 1048576K
}

