# JRE version: Java(TM) SE Runtime Environment (8.0_191-b12) (build 1.8.0_191-b12)
# Java VM: Java HotSpot(TM) 64-Bit Server VM (25.191-b12 mixed mode windows-amd64 compressed oops)
Heap:
 PSYoungGen      total 682496K, used 407511K [0x00000000d5980000, 0x00000000ff700000, 0x0000000100000000)
  eden space 679424K, 59% used [0x00000000d5980000,0x00000000ee6edd00,0x00000000ff100000)
  from space 3072K, 17% used [0x00000000ff400000,0x00000000ff488000,0x00000000ff700000)
  to   space 3072K, 0% used [0x00000000ff100000,0x00000000ff100000,0x00000000ff400000)
 ParOldGen       total 87552K, used 4228K [0x0000000080c00000, 0x0000000086180000, 0x00000000d5980000)
  object space 87552K, 4% used [0x0000000080c00000,0x0000000081021080,0x0000000086180000)
 Metaspace       used 4004K, capacity 4606K, committed 4864K, reserved 1056768K
  class space    used 405K, capacity 430K, committed 512K, reserved 1048576K
GC Heap History (10 events):
Event: 1.461 GC heap before
{Heap before GC invocations=8 (full 0):
 PSYoungGen      total 135680K, used 133824K [0x00000000d5980000, 0x00000000e6280000, 0x0000000100000000)
  eden space 132608K, 100% used [0x00000000d5980000,0x00000000ddb00000,0x00000000ddb00000)
  from space 3072K, 39% used [0x00000000ddb00000,0x00000000ddc30000,0x00000000dde00000)
  to   space 3072K, 0% used [0x00000000e5f80000,0x00000000e5f80000,0x00000000e6280000)
 ParOldGen       total 87552K, used 1452K [0x0000000080c00000, 0x0000000086180000, 0x00000000d5980000)
  object space 87552K, 1% used [0x0000000080c00000,0x0000000080d6b080,0x0000000086180000)
 Metaspace       used 3979K, capacity 4606K, committed 4864K, reserved 1056768K
  class space    used 405K, capacity 430K, committed 512K, reserved 1048576K
Event: 1.462 GC heap after
Heap after GC invocations=8 (full 0):
 PSYoungGen      total 268288K, used 992K [0x00000000d5980000, 0x00000000e6280000, 0x0000000100000000)
  eden space 265216K, 0% used [0x00000000d5980000,0x00000000d5980000,0x00000000e5c80000)
  from space 3072K, 32% used [0x00000000e5f80000,0x00000000e6078000,0x00000000e6280000)
  to   space 3072K, 0% used [0x00000000e5c80000,0x00000000e5c80000,0x00000000e5f80000)
 ParOldGen       total 87552K, used 1972K [0x0000000080c00000, 0x0000000086180000, 0x00000000d5980000)
  object space 87552K, 2% used [0x0000000080c00000,0x0000000080ded080,0x0000000086180000)
 Metaspace       used 3979K, capacity 4606K, committed 4864K, reserved 1056768K
  class space    used 405K, capacity 430K, committed 512K, reserved 1048576K
}
Event: 2.067 GC heap before
{Heap before GC invocations=9 (full 0):
 PSYoungGen      total 268288K, used 266208K [0x00000000d5980000, 0x00000000e6280000, 0x0000000100000000)
  eden space 265216K, 100% used [0x00000000d5980000,0x00000000e5c80000,0x00000000e5c80000)
  from space 3072K, 32% used [0x00000000e5f80000,0x00000000e6078000,0x00000000e6280000)
  to   space 3072K, 0% used [0x00000000e5c80000,0x00000000e5c80000,0x00000000e5f80000)
 ParOldGen       total 87552K, used 1972K [0x0000000080c00000, 0x0000000086180000, 0x00000000d5980000)
  object space 87552K, 2% used [0x0000000080c00000,0x0000000080ded080,0x0000000086180000)
 Metaspace       used 3985K, capacity 4606K, committed 4864K, reserved 1056768K
  class space    used 405K, capacity 430K, committed 512K, reserved 1048576K
Event: 2.068 GC heap after
Heap after GC invocations=9 (full 0):
 PSYoungGen      total 268288K, used 832K [0x00000000d5980000, 0x00000000efe00000, 0x0000000100000000)
  eden space 265216K, 0% used [0x00000000d5980000,0x00000000d5980000,0x00000000e5c80000)
  from space 3072K, 27% used [0x00000000e5c80000,0x00000000e5d50000,0x00000000e5f80000)
  to   space 3072K, 0% used [0x00000000efb00000,0x00000000efb00000,0x00000000efe00000)
 ParOldGen       total 87552K, used 2452K [0x0000000080c00000, 0x0000000086180000, 0x00000000d5980000)
  object space 87552K, 2% used [0x0000000080c00000,0x0000000080e65080,0x0000000086180000)
 Metaspace       used 3985K, capacity 4606K, committed 4864K, reserved 1056768K
  class space    used 405K, capacity 430K, committed 512K, reserved 1048576K
}
Event: 2.583 GC heap before
{Heap before GC invocations=10 (full 0):
 PSYoungGen      total 268288K, used 266048K [0x00000000d5980000, 0x00000000efe00000, 0x0000000100000000)
  eden space 265216K, 100% used [0x00000000d5980000,0x00000000e5c80000,0x00000000e5c80000)
  from space 3072K, 27% used [0x00000000e5c80000,0x00000000e5d50000,0x00000000e5f80000)
  to   space 3072K, 0% used [0x00000000efb00000,0x00000000efb00000,0x00000000efe00000)
 ParOldGen       total 87552K, used 2452K [0x0000000080c00000, 0x0000000086180000, 0x00000000d5980000)
  object space 87552K, 2% used [0x0000000080c00000,0x0000000080e65080,0x0000000086180000)
 Metaspace       used 3991K, capacity 4606K, committed 4864K, reserved 1056768K
  class space    used 405K, capacity 430K, committed 512K, reserved 1048576K
Event: 2.584 GC heap after
Heap after GC invocations=10 (full 0):
 PSYoungGen      total 427520K, used 864K [0x00000000d5980000, 0x00000000efe00000, 0x0000000100000000)
  eden space 424448K, 0% used [0x00000000d5980000,0x00000000d5980000,0x00000000ef800000)
  from space 3072K, 28% used [0x00000000efb00000,0x00000000efbd8000,0x00000000efe00000)
  to   space 3072K, 0% used [0x00000000ef800000,0x00000000ef800000,0x00000000efb00000)
 ParOldGen       total 87552K, used 2908K [0x0000000080c00000, 0x0000000086180000, 0x00000000d5980000)
  object space 87552K, 3% used [0x0000000080c00000,0x0000000080ed7080,0x0000000086180000)
 Metaspace       used 3991K, capacity 4606K, committed 4864K, reserved 1056768K
  class space    used 405K, capacity 430K, committed 512K, reserved 1048576K
}
Event: 3.400 GC heap before
{Heap before GC invocations=11 (full 0):
 PSYoungGen      total 427520K, used 425312K [0x00000000d5980000, 0x00000000efe00000, 0x0000000100000000)
  eden space 424448K, 100% used [0x00000000d5980000,0x00000000ef800000,0x00000000ef800000)
  from space 3072K, 28% used [0x00000000efb00000,0x00000000efbd8000,0x00000000efe00000)
  to   space 3072K, 0% used [0x00000000ef800000,0x00000000ef800000,0x00000000efb00000)
 ParOldGen       total 87552K, used 2908K [0x0000000080c00000, 0x0000000086180000, 0x00000000d5980000)
  object space 87552K, 3% used [0x0000000080c00000,0x0000000080ed7080,0x0000000086180000)
 Metaspace       used 4004K, capacity 4606K, committed 4864K, reserved 1056768K
  class space    used 405K, capacity 430K, committed 512K, reserved 1048576K
Event: 3.401 GC heap after
Heap after GC invocations=11 (full 0):
 PSYoungGen      total 427520K, used 576K [0x00000000d5980000, 0x00000000ff700000, 0x0000000100000000)
  eden space 424448K, 0% used [0x00000000d5980000,0x00000000d5980000,0x00000000ef800000)
  from space 3072K, 18% used [0x00000000ef800000,0x00000000ef890000,0x00000000efb00000)
  to   space 3072K, 0% used [0x00000000ff400000,0x00000000ff400000,0x00000000ff700000)
 ParOldGen       total 87552K, used 3692K [0x0000000080c00000, 0x0000000086180000, 0x00000000d5980000)
  object space 87552K, 4% used [0x0000000080c00000,0x0000000080f9b080,0x0000000086180000)
 Metaspace       used 4004K, capacity 4606K, committed 4864K, reserved 1056768K
  class space    used 405K, capacity 430K, committed 512K, reserved 1048576K
}
Event: 4.182 GC heap before
{Heap before GC invocations=12 (full 0):
 PSYoungGen      total 427520K, used 425024K [0x00000000d5980000, 0x00000000ff700000, 0x0000000100000000)
  eden space 424448K, 100% used [0x00000000d5980000,0x00000000ef800000,0x00000000ef800000)
  from space 3072K, 18% used [0x00000000ef800000,0x00000000ef890000,0x00000000efb00000)
  to   space 3072K, 0% used [0x00000000ff400000,0x00000000ff400000,0x00000000ff700000)
 ParOldGen       total 87552K, used 3692K [0x0000000080c00000, 0x0000000086180000, 0x00000000d5980000)
  object space 87552K, 4% used [0x0000000080c00000,0x0000000080f9b080,0x0000000086180000)
 Metaspace       used 4004K, capacity 4606K, committed 4864K, reserved 1056768K
  class space    used 405K, capacity 430K, committed 512K, reserved 1048576K
Event: 4.182 GC heap after
Heap after GC invocations=12 (full 0):
 PSYoungGen      total 682496K, used 544K [0x00000000d5980000, 0x00000000ff700000, 0x0000000100000000)
  eden space 679424K, 0% used [0x00000000d5980000,0x00000000d5980000,0x00000000ff100000)
  from space 3072K, 17% used [0x00000000ff400000,0x00000000ff488000,0x00000000ff700000)
  to   space 3072K, 0% used [0x00000000ff100000,0x00000000ff100000,0x00000000ff400000)
 ParOldGen       total 87552K, used 4228K [0x0000000080c00000, 0x0000000086180000, 0x00000000d5980000)
  object space 87552K, 4% used [0x0000000080c00000,0x0000000081021080,0x0000000086180000)
 Metaspace       used 4004K, capacity 4606K, committed 4864K, reserved 1056768K
  class space    used 405K, capacity 430K, committed 512K, reserved 1048576K
}

