# JRE version: Java(TM) SE Runtime Environment (8.0_191-b12) (build 1.8.0_191-b12)
# Java VM: Java HotSpot(TM) 64-Bit Server VM (25.191-b12 mixed mode windows-amd64 compressed oops)
Heap:
 PSYoungGen      total 195584K, used 42850K [0x000000076af00000, 0x000000079d280000, 0x00000007c0000000)
  eden space 194048K, 22% used [0x000000076af00000,0x000000076d8b0be0,0x0000000776c80000)
  from space 1536K, 10% used [0x000000079cf80000,0x000000079cfa8000,0x000000079d100000)
  to   space 1536K, 0% used [0x000000079d100000,0x000000079d100000,0x000000079d280000)
 ParOldGen       total 175104K, used 7177K [0x00000006c0c00000, 0x00000006cb700000, 0x000000076af00000)
  object space 175104K, 4% used [0x00000006c0c00000,0x00000006c1302478,0x00000006cb700000)
 Metaspace       used 4266K, capacity 4672K, committed 4864K, reserved 1056768K
  class space    used 420K, capacity 432K, committed 512K, reserved 1048576K
GC Heap History (10 events):
Event: 14.994 GC heap before
{Heap before GC invocations=29 (full 0):
 PSYoungGen      total 235008K, used 234688K [0x000000076af00000, 0x000000079d480000, 0x00000007c0000000)
  eden space 234496K, 100% used [0x000000076af00000,0x0000000779400000,0x0000000779400000)
  from space 512K, 37% used [0x000000079d400000,0x000000079d430000,0x000000079d480000)
  to   space 1536K, 0% used [0x000000079d180000,0x000000079d180000,0x000000079d300000)
 ParOldGen       total 175104K, used 6601K [0x00000006c0c00000, 0x00000006cb700000, 0x000000076af00000)
  object space 175104K, 3% used [0x00000006c0c00000,0x00000006c1272478,0x00000006cb700000)
 Metaspace       used 4266K, capacity 4672K, committed 4864K, reserved 1056768K
  class space    used 420K, capacity 432K, committed 512K, reserved 1048576K
Event: 14.995 GC heap after
Heap after GC invocations=29 (full 0):
 PSYoungGen      total 227328K, used 192K [0x000000076af00000, 0x000000079d480000, 0x00000007c0000000)
  eden space 225792K, 0% used [0x000000076af00000,0x000000076af00000,0x0000000778b80000)
  from space 1536K, 12% used [0x000000079d180000,0x000000079d1b0000,0x000000079d300000)
  to   space 1536K, 0% used [0x000000079d300000,0x000000079d300000,0x000000079d480000)
 ParOldGen       total 175104K, used 6729K [0x00000006c0c00000, 0x00000006cb700000, 0x000000076af00000)
  object space 175104K, 3% used [0x00000006c0c00000,0x00000006c1292478,0x00000006cb700000)
 Metaspace       used 4266K, capacity 4672K, committed 4864K, reserved 1056768K
  class space    used 420K, capacity 432K, committed 512K, reserved 1048576K
}
Event: 15.383 GC heap before
{Heap before GC invocations=30 (full 0):
 PSYoungGen      total 227328K, used 225984K [0x000000076af00000, 0x000000079d480000, 0x00000007c0000000)
  eden space 225792K, 100% used [0x000000076af00000,0x0000000778b80000,0x0000000778b80000)
  from space 1536K, 12% used [0x000000079d180000,0x000000079d1b0000,0x000000079d300000)
  to   space 1536K, 0% used [0x000000079d300000,0x000000079d300000,0x000000079d480000)
 ParOldGen       total 175104K, used 6729K [0x00000006c0c00000, 0x00000006cb700000, 0x000000076af00000)
  object space 175104K, 3% used [0x00000006c0c00000,0x00000006c1292478,0x00000006cb700000)
 Metaspace       used 4266K, capacity 4672K, committed 4864K, reserved 1056768K
  class space    used 420K, capacity 432K, committed 512K, reserved 1048576K
Event: 15.384 GC heap after
Heap after GC invocations=30 (full 0):
 PSYoungGen      total 217600K, used 128K [0x000000076af00000, 0x000000079d380000, 0x00000007c0000000)
  eden space 217088K, 0% used [0x000000076af00000,0x000000076af00000,0x0000000778300000)
  from space 512K, 25% used [0x000000079d300000,0x000000079d320000,0x000000079d380000)
  to   space 1536K, 0% used [0x000000079d080000,0x000000079d080000,0x000000079d200000)
 ParOldGen       total 175104K, used 6865K [0x00000006c0c00000, 0x00000006cb700000, 0x000000076af00000)
  object space 175104K, 3% used [0x00000006c0c00000,0x00000006c12b4478,0x00000006cb700000)
 Metaspace       used 4266K, capacity 4672K, committed 4864K, reserved 1056768K
  class space    used 420K, capacity 432K, committed 512K, reserved 1048576K
}
Event: 15.725 GC heap before
{Heap before GC invocations=31 (full 0):
 PSYoungGen      total 217600K, used 217216K [0x000000076af00000, 0x000000079d380000, 0x00000007c0000000)
  eden space 217088K, 100% used [0x000000076af00000,0x0000000778300000,0x0000000778300000)
  from space 512K, 25% used [0x000000079d300000,0x000000079d320000,0x000000079d380000)
  to   space 1536K, 0% used [0x000000079d080000,0x000000079d080000,0x000000079d200000)
 ParOldGen       total 175104K, used 6865K [0x00000006c0c00000, 0x00000006cb700000, 0x000000076af00000)
  object space 175104K, 3% used [0x00000006c0c00000,0x00000006c12b4478,0x00000006cb700000)
 Metaspace       used 4266K, capacity 4672K, committed 4864K, reserved 1056768K
  class space    used 420K, capacity 432K, committed 512K, reserved 1048576K
Event: 15.726 GC heap after
Heap after GC invocations=31 (full 0):
 PSYoungGen      total 210432K, used 128K [0x000000076af00000, 0x000000079d380000, 0x00000007c0000000)
  eden space 208896K, 0% used [0x000000076af00000,0x000000076af00000,0x0000000777b00000)
  from space 1536K, 8% used [0x000000079d080000,0x000000079d0a0000,0x000000079d200000)
  to   space 1536K, 0% used [0x000000079d200000,0x000000079d200000,0x000000079d380000)
 ParOldGen       total 175104K, used 6961K [0x00000006c0c00000, 0x00000006cb700000, 0x000000076af00000)
  object space 175104K, 3% used [0x00000006c0c00000,0x00000006c12cc478,0x00000006cb700000)
 Metaspace       used 4266K, capacity 4672K, committed 4864K, reserved 1056768K
  class space    used 420K, capacity 432K, committed 512K, reserved 1048576K
}
Event: 16.150 GC heap before
{Heap before GC invocations=32 (full 0):
 PSYoungGen      total 210432K, used 209024K [0x000000076af00000, 0x000000079d380000, 0x00000007c0000000)
  eden space 208896K, 100% used [0x000000076af00000,0x0000000777b00000,0x0000000777b00000)
  from space 1536K, 8% used [0x000000079d080000,0x000000079d0a0000,0x000000079d200000)
  to   space 1536K, 0% used [0x000000079d200000,0x000000079d200000,0x000000079d380000)
 ParOldGen       total 175104K, used 6961K [0x00000006c0c00000, 0x00000006cb700000, 0x000000076af00000)
  object space 175104K, 3% used [0x00000006c0c00000,0x00000006c12cc478,0x00000006cb700000)
 Metaspace       used 4266K, capacity 4672K, committed 4864K, reserved 1056768K
  class space    used 420K, capacity 432K, committed 512K, reserved 1048576K
Event: 16.151 GC heap after
Heap after GC invocations=32 (full 0):
 PSYoungGen      total 201728K, used 192K [0x000000076af00000, 0x000000079d280000, 0x00000007c0000000)
  eden space 201216K, 0% used [0x000000076af00000,0x000000076af00000,0x0000000777380000)
  from space 512K, 37% used [0x000000079d200000,0x000000079d230000,0x000000079d280000)
  to   space 1536K, 0% used [0x000000079cf80000,0x000000079cf80000,0x000000079d100000)
 ParOldGen       total 175104K, used 7049K [0x00000006c0c00000, 0x00000006cb700000, 0x000000076af00000)
  object space 175104K, 4% used [0x00000006c0c00000,0x00000006c12e2478,0x00000006cb700000)
 Metaspace       used 4266K, capacity 4672K, committed 4864K, reserved 1056768K
  class space    used 420K, capacity 432K, committed 512K, reserved 1048576K
}
Event: 16.554 GC heap before
{Heap before GC invocations=33 (full 0):
 PSYoungGen      total 201728K, used 201408K [0x000000076af00000, 0x000000079d280000, 0x00000007c0000000)
  eden space 201216K, 100% used [0x000000076af00000,0x0000000777380000,0x0000000777380000)
  from space 512K, 37% used [0x000000079d200000,0x000000079d230000,0x000000079d280000)
  to   space 1536K, 0% used [0x000000079cf80000,0x000000079cf80000,0x000000079d100000)
 ParOldGen       total 175104K, used 7049K [0x00000006c0c00000, 0x00000006cb700000, 0x000000076af00000)
  object space 175104K, 4% used [0x00000006c0c00000,0x00000006c12e2478,0x00000006cb700000)
 Metaspace       used 4266K, capacity 4672K, committed 4864K, reserved 1056768K
  class space    used 420K, capacity 432K, committed 512K, reserved 1048576K
Event: 16.555 GC heap after
Heap after GC invocations=33 (full 0):
 PSYoungGen      total 195584K, used 160K [0x000000076af00000, 0x000000079d280000, 0x00000007c0000000)
  eden space 194048K, 0% used [0x000000076af00000,0x000000076af00000,0x0000000776c80000)
  from space 1536K, 10% used [0x000000079cf80000,0x000000079cfa8000,0x000000079d100000)
  to   space 1536K, 0% used [0x000000079d100000,0x000000079d100000,0x000000079d280000)
 ParOldGen       total 175104K, used 7177K [0x00000006c0c00000, 0x00000006cb700000, 0x000000076af00000)
  object space 175104K, 4% used [0x00000006c0c00000,0x00000006c1302478,0x00000006cb700000)
 Metaspace       used 4266K, capacity 4672K, committed 4864K, reserved 1056768K
  class space    used 420K, capacity 432K, committed 512K, reserved 1048576K
}

