# JRE version: Java(TM) SE Runtime Environment (8.0_191-b12) (build 1.8.0_191-b12)
# Java VM: Java HotSpot(TM) 64-Bit Server VM (25.191-b12 mixed mode windows-amd64 compressed oops)
Heap:
 PSYoungGen      total 37376K, used 31062K [0x00000000d5980000, 0x00000000e3880000, 0x0000000100000000)
  eden space 36864K, 84% used [0x00000000d5980000,0x00000000d77bdb18,0x00000000d7d80000)
  from space 512K, 18% used [0x00000000e3780000,0x00000000e3798000,0x00000000e3800000)
  to   space 512K, 0% used [0x00000000e3800000,0x00000000e3800000,0x00000000e3880000)
 ParOldGen       total 87552K, used 13137K [0x0000000080c00000, 0x0000000086180000, 0x00000000d5980000)
  object space 87552K, 15% used [0x0000000080c00000,0x00000000818d4458,0x0000000086180000)
 Metaspace       used 4015K, capacity 4606K, committed 4864K, reserved 1056768K
  class space    used 406K, capacity 430K, committed 512K, reserved 1048576K
GC Heap History (10 events):
Event: 16.800 GC heap before
{Heap before GC invocations=69 (full 0):
 PSYoungGen      total 41984K, used 41600K [0x00000000d5980000, 0x00000000e3880000, 0x0000000100000000)
  eden space 41472K, 100% used [0x00000000d5980000,0x00000000d8200000,0x00000000d8200000)
  from space 512K, 25% used [0x00000000e3800000,0x00000000e3820000,0x00000000e3880000)
  to   space 512K, 0% used [0x00000000e3780000,0x00000000e3780000,0x00000000e3800000)
 ParOldGen       total 87552K, used 12873K [0x0000000080c00000, 0x0000000086180000, 0x00000000d5980000)
  object space 87552K, 14% used [0x0000000080c00000,0x0000000081892458,0x0000000086180000)
 Metaspace       used 4012K, capacity 4606K, committed 4864K, reserved 1056768K
  class space    used 406K, capacity 430K, committed 512K, reserved 1048576K
Event: 16.801 GC heap after
Heap after GC invocations=69 (full 0):
 PSYoungGen      total 40960K, used 96K [0x00000000d5980000, 0x00000000e3880000, 0x0000000100000000)
  eden space 40448K, 0% used [0x00000000d5980000,0x00000000d5980000,0x00000000d8100000)
  from space 512K, 18% used [0x00000000e3780000,0x00000000e3798000,0x00000000e3800000)
  to   space 512K, 0% used [0x00000000e3800000,0x00000000e3800000,0x00000000e3880000)
 ParOldGen       total 87552K, used 12937K [0x0000000080c00000, 0x0000000086180000, 0x00000000d5980000)
  object space 87552K, 14% used [0x0000000080c00000,0x00000000818a2458,0x0000000086180000)
 Metaspace       used 4012K, capacity 4606K, committed 4864K, reserved 1056768K
  class space    used 406K, capacity 430K, committed 512K, reserved 1048576K
}
Event: 16.890 GC heap before
{Heap before GC invocations=70 (full 0):
 PSYoungGen      total 40960K, used 40544K [0x00000000d5980000, 0x00000000e3880000, 0x0000000100000000)
  eden space 40448K, 100% used [0x00000000d5980000,0x00000000d8100000,0x00000000d8100000)
  from space 512K, 18% used [0x00000000e3780000,0x00000000e3798000,0x00000000e3800000)
  to   space 512K, 0% used [0x00000000e3800000,0x00000000e3800000,0x00000000e3880000)
 ParOldGen       total 87552K, used 12937K [0x0000000080c00000, 0x0000000086180000, 0x00000000d5980000)
  object space 87552K, 14% used [0x0000000080c00000,0x00000000818a2458,0x0000000086180000)
 Metaspace       used 4012K, capacity 4606K, committed 4864K, reserved 1056768K
  class space    used 406K, capacity 430K, committed 512K, reserved 1048576K
Event: 16.890 GC heap after
Heap after GC invocations=70 (full 0):
 PSYoungGen      total 39936K, used 128K [0x00000000d5980000, 0x00000000e3880000, 0x0000000100000000)
  eden space 39424K, 0% used [0x00000000d5980000,0x00000000d5980000,0x00000000d8000000)
  from space 512K, 25% used [0x00000000e3800000,0x00000000e3820000,0x00000000e3880000)
  to   space 512K, 0% used [0x00000000e3780000,0x00000000e3780000,0x00000000e3800000)
 ParOldGen       total 87552K, used 12985K [0x0000000080c00000, 0x0000000086180000, 0x00000000d5980000)
  object space 87552K, 14% used [0x0000000080c00000,0x00000000818ae458,0x0000000086180000)
 Metaspace       used 4012K, capacity 4606K, committed 4864K, reserved 1056768K
  class space    used 406K, capacity 430K, committed 512K, reserved 1048576K
}
Event: 16.988 GC heap before
{Heap before GC invocations=71 (full 0):
 PSYoungGen      total 39936K, used 39552K [0x00000000d5980000, 0x00000000e3880000, 0x0000000100000000)
  eden space 39424K, 100% used [0x00000000d5980000,0x00000000d8000000,0x00000000d8000000)
  from space 512K, 25% used [0x00000000e3800000,0x00000000e3820000,0x00000000e3880000)
  to   space 512K, 0% used [0x00000000e3780000,0x00000000e3780000,0x00000000e3800000)
 ParOldGen       total 87552K, used 12985K [0x0000000080c00000, 0x0000000086180000, 0x00000000d5980000)
  object space 87552K, 14% used [0x0000000080c00000,0x00000000818ae458,0x0000000086180000)
 Metaspace       used 4012K, capacity 4606K, committed 4864K, reserved 1056768K
  class space    used 406K, capacity 430K, committed 512K, reserved 1048576K
Event: 16.988 GC heap after
Heap after GC invocations=71 (full 0):
 PSYoungGen      total 38912K, used 96K [0x00000000d5980000, 0x00000000e3880000, 0x0000000100000000)
  eden space 38400K, 0% used [0x00000000d5980000,0x00000000d5980000,0x00000000d7f00000)
  from space 512K, 18% used [0x00000000e3780000,0x00000000e3798000,0x00000000e3800000)
  to   space 512K, 0% used [0x00000000e3800000,0x00000000e3800000,0x00000000e3880000)
 ParOldGen       total 87552K, used 13049K [0x0000000080c00000, 0x0000000086180000, 0x00000000d5980000)
  object space 87552K, 14% used [0x0000000080c00000,0x00000000818be458,0x0000000086180000)
 Metaspace       used 4012K, capacity 4606K, committed 4864K, reserved 1056768K
  class space    used 406K, capacity 430K, committed 512K, reserved 1048576K
}
Event: 17.078 GC heap before
{Heap before GC invocations=72 (full 0):
 PSYoungGen      total 38912K, used 38496K [0x00000000d5980000, 0x00000000e3880000, 0x0000000100000000)
  eden space 38400K, 100% used [0x00000000d5980000,0x00000000d7f00000,0x00000000d7f00000)
  from space 512K, 18% used [0x00000000e3780000,0x00000000e3798000,0x00000000e3800000)
  to   space 512K, 0% used [0x00000000e3800000,0x00000000e3800000,0x00000000e3880000)
 ParOldGen       total 87552K, used 13049K [0x0000000080c00000, 0x0000000086180000, 0x00000000d5980000)
  object space 87552K, 14% used [0x0000000080c00000,0x00000000818be458,0x0000000086180000)
 Metaspace       used 4015K, capacity 4606K, committed 4864K, reserved 1056768K
  class space    used 406K, capacity 430K, committed 512K, reserved 1048576K
Event: 17.079 GC heap after
Heap after GC invocations=72 (full 0):
 PSYoungGen      total 37888K, used 128K [0x00000000d5980000, 0x00000000e3880000, 0x0000000100000000)
  eden space 37376K, 0% used [0x00000000d5980000,0x00000000d5980000,0x00000000d7e00000)
  from space 512K, 25% used [0x00000000e3800000,0x00000000e3820000,0x00000000e3880000)
  to   space 512K, 0% used [0x00000000e3780000,0x00000000e3780000,0x00000000e3800000)
 ParOldGen       total 87552K, used 13097K [0x0000000080c00000, 0x0000000086180000, 0x00000000d5980000)
  object space 87552K, 14% used [0x0000000080c00000,0x00000000818ca458,0x0000000086180000)
 Metaspace       used 4015K, capacity 4606K, committed 4864K, reserved 1056768K
  class space    used 406K, capacity 430K, committed 512K, reserved 1048576K
}
Event: 17.198 GC heap before
{Heap before GC invocations=73 (full 0):
 PSYoungGen      total 37888K, used 37504K [0x00000000d5980000, 0x00000000e3880000, 0x0000000100000000)
  eden space 37376K, 100% used [0x00000000d5980000,0x00000000d7e00000,0x00000000d7e00000)
  from space 512K, 25% used [0x00000000e3800000,0x00000000e3820000,0x00000000e3880000)
  to   space 512K, 0% used [0x00000000e3780000,0x00000000e3780000,0x00000000e3800000)
 ParOldGen       total 87552K, used 13097K [0x0000000080c00000, 0x0000000086180000, 0x00000000d5980000)
  object space 87552K, 14% used [0x0000000080c00000,0x00000000818ca458,0x0000000086180000)
 Metaspace       used 4015K, capacity 4606K, committed 4864K, reserved 1056768K
  class space    used 406K, capacity 430K, committed 512K, reserved 1048576K
Event: 17.201 GC heap after
Heap after GC invocations=73 (full 0):
 PSYoungGen      total 37376K, used 96K [0x00000000d5980000, 0x00000000e3880000, 0x0000000100000000)
  eden space 36864K, 0% used [0x00000000d5980000,0x00000000d5980000,0x00000000d7d80000)
  from space 512K, 18% used [0x00000000e3780000,0x00000000e3798000,0x00000000e3800000)
  to   space 512K, 0% used [0x00000000e3800000,0x00000000e3800000,0x00000000e3880000)
 ParOldGen       total 87552K, used 13137K [0x0000000080c00000, 0x0000000086180000, 0x00000000d5980000)
  object space 87552K, 15% used [0x0000000080c00000,0x00000000818d4458,0x0000000086180000)
 Metaspace       used 4015K, capacity 4606K, committed 4864K, reserved 1056768K
  class space    used 406K, capacity 430K, committed 512K, reserved 1048576K
}

