# JRE version: Java(TM) SE Runtime Environment (8.0_191-b12) (build 1.8.0_191-b12)
# Java VM: Java HotSpot(TM) 64-Bit Server VM (25.191-b12 mixed mode windows-amd64 compressed oops)
Heap:
 PSYoungGen      total 53248K, used 52960K [0x000000076af00000, 0x000000079c600000, 0x00000007c0000000)
  eden space 52736K, 100% used [0x000000076af00000,0x000000076e280000,0x000000076e280000)
  from space 512K, 43% used [0x000000079c580000,0x000000079c5b8000,0x000000079c600000)
  to   space 512K, 0% used [0x000000079c500000,0x000000079c500000,0x000000079c580000)
 ParOldGen       total 175104K, used 17165K [0x00000006c0c00000, 0x00000006cb700000, 0x000000076af00000)
  object space 175104K, 9% used [0x00000006c0c00000,0x00000006c1cc3478,0x00000006cb700000)
 Metaspace       used 4577K, capacity 4736K, committed 4864K, reserved 1056768K
  class space    used 436K, capacity 496K, committed 512K, reserved 1048576K
GC Heap History (10 events):
Event: 29.429 GC heap before
{Heap before GC invocations=114 (full 0):
 PSYoungGen      total 58368K, used 57984K [0x000000076af00000, 0x000000079c600000, 0x00000007c0000000)
  eden space 57856K, 100% used [0x000000076af00000,0x000000076e780000,0x000000076e780000)
  from space 512K, 25% used [0x000000079c500000,0x000000079c520000,0x000000079c580000)
  to   space 512K, 0% used [0x000000079c580000,0x000000079c580000,0x000000079c600000)
 ParOldGen       total 175104K, used 16869K [0x00000006c0c00000, 0x00000006cb700000, 0x000000076af00000)
  object space 175104K, 9% used [0x00000006c0c00000,0x00000006c1c79478,0x00000006cb700000)
 Metaspace       used 4250K, capacity 4704K, committed 4864K, reserved 1056768K
  class space    used 422K, capacity 464K, committed 512K, reserved 1048576K
Event: 29.430 GC heap after
Heap after GC invocations=114 (full 0):
 PSYoungGen      total 57344K, used 64K [0x000000076af00000, 0x000000079c600000, 0x00000007c0000000)
  eden space 56832K, 0% used [0x000000076af00000,0x000000076af00000,0x000000076e680000)
  from space 512K, 12% used [0x000000079c580000,0x000000079c590000,0x000000079c600000)
  to   space 512K, 0% used [0x000000079c500000,0x000000079c500000,0x000000079c580000)
 ParOldGen       total 175104K, used 16909K [0x00000006c0c00000, 0x00000006cb700000, 0x000000076af00000)
  object space 175104K, 9% used [0x00000006c0c00000,0x00000006c1c83478,0x00000006cb700000)
 Metaspace       used 4250K, capacity 4704K, committed 4864K, reserved 1056768K
  class space    used 422K, capacity 464K, committed 512K, reserved 1048576K
}
Event: 29.511 GC heap before
{Heap before GC invocations=115 (full 0):
 PSYoungGen      total 57344K, used 56896K [0x000000076af00000, 0x000000079c600000, 0x00000007c0000000)
  eden space 56832K, 100% used [0x000000076af00000,0x000000076e680000,0x000000076e680000)
  from space 512K, 12% used [0x000000079c580000,0x000000079c590000,0x000000079c600000)
  to   space 512K, 0% used [0x000000079c500000,0x000000079c500000,0x000000079c580000)
 ParOldGen       total 175104K, used 16909K [0x00000006c0c00000, 0x00000006cb700000, 0x000000076af00000)
  object space 175104K, 9% used [0x00000006c0c00000,0x00000006c1c83478,0x00000006cb700000)
 Metaspace       used 4250K, capacity 4704K, committed 4864K, reserved 1056768K
  class space    used 422K, capacity 464K, committed 512K, reserved 1048576K
Event: 29.511 GC heap after
Heap after GC invocations=115 (full 0):
 PSYoungGen      total 56320K, used 128K [0x000000076af00000, 0x000000079c600000, 0x00000007c0000000)
  eden space 55808K, 0% used [0x000000076af00000,0x000000076af00000,0x000000076e580000)
  from space 512K, 25% used [0x000000079c500000,0x000000079c520000,0x000000079c580000)
  to   space 512K, 0% used [0x000000079c580000,0x000000079c580000,0x000000079c600000)
 ParOldGen       total 175104K, used 16965K [0x00000006c0c00000, 0x00000006cb700000, 0x000000076af00000)
  object space 175104K, 9% used [0x00000006c0c00000,0x00000006c1c91478,0x00000006cb700000)
 Metaspace       used 4250K, capacity 4704K, committed 4864K, reserved 1056768K
  class space    used 422K, capacity 464K, committed 512K, reserved 1048576K
}
Event: 29.634 GC heap before
{Heap before GC invocations=116 (full 0):
 PSYoungGen      total 56320K, used 55936K [0x000000076af00000, 0x000000079c600000, 0x00000007c0000000)
  eden space 55808K, 100% used [0x000000076af00000,0x000000076e580000,0x000000076e580000)
  from space 512K, 25% used [0x000000079c500000,0x000000079c520000,0x000000079c580000)
  to   space 512K, 0% used [0x000000079c580000,0x000000079c580000,0x000000079c600000)
 ParOldGen       total 175104K, used 16965K [0x00000006c0c00000, 0x00000006cb700000, 0x000000076af00000)
  object space 175104K, 9% used [0x00000006c0c00000,0x00000006c1c91478,0x00000006cb700000)
 Metaspace       used 4250K, capacity 4704K, committed 4864K, reserved 1056768K
  class space    used 422K, capacity 464K, committed 512K, reserved 1048576K
Event: 29.634 GC heap after
Heap after GC invocations=116 (full 0):
 PSYoungGen      total 55296K, used 128K [0x000000076af00000, 0x000000079c600000, 0x00000007c0000000)
  eden space 54784K, 0% used [0x000000076af00000,0x000000076af00000,0x000000076e480000)
  from space 512K, 25% used [0x000000079c580000,0x000000079c5a0000,0x000000079c600000)
  to   space 512K, 0% used [0x000000079c500000,0x000000079c500000,0x000000079c580000)
 ParOldGen       total 175104K, used 17029K [0x00000006c0c00000, 0x00000006cb700000, 0x000000076af00000)
  object space 175104K, 9% used [0x00000006c0c00000,0x00000006c1ca1478,0x00000006cb700000)
 Metaspace       used 4250K, capacity 4704K, committed 4864K, reserved 1056768K
  class space    used 422K, capacity 464K, committed 512K, reserved 1048576K
}
Event: 29.742 GC heap before
{Heap before GC invocations=117 (full 0):
 PSYoungGen      total 55296K, used 54912K [0x000000076af00000, 0x000000079c600000, 0x00000007c0000000)
  eden space 54784K, 100% used [0x000000076af00000,0x000000076e480000,0x000000076e480000)
  from space 512K, 25% used [0x000000079c580000,0x000000079c5a0000,0x000000079c600000)
  to   space 512K, 0% used [0x000000079c500000,0x000000079c500000,0x000000079c580000)
 ParOldGen       total 175104K, used 17029K [0x00000006c0c00000, 0x00000006cb700000, 0x000000076af00000)
  object space 175104K, 9% used [0x00000006c0c00000,0x00000006c1ca1478,0x00000006cb700000)
 Metaspace       used 4250K, capacity 4704K, committed 4864K, reserved 1056768K
  class space    used 422K, capacity 464K, committed 512K, reserved 1048576K
Event: 29.742 GC heap after
Heap after GC invocations=117 (full 0):
 PSYoungGen      total 54272K, used 128K [0x000000076af00000, 0x000000079c600000, 0x00000007c0000000)
  eden space 53760K, 0% used [0x000000076af00000,0x000000076af00000,0x000000076e380000)
  from space 512K, 25% used [0x000000079c500000,0x000000079c520000,0x000000079c580000)
  to   space 512K, 0% used [0x000000079c580000,0x000000079c580000,0x000000079c600000)
 ParOldGen       total 175104K, used 17109K [0x00000006c0c00000, 0x00000006cb700000, 0x000000076af00000)
  object space 175104K, 9% used [0x00000006c0c00000,0x00000006c1cb5478,0x00000006cb700000)
 Metaspace       used 4250K, capacity 4704K, committed 4864K, reserved 1056768K
  class space    used 422K, capacity 464K, committed 512K, reserved 1048576K
}
Event: 29.857 GC heap before
{Heap before GC invocations=118 (full 0):
 PSYoungGen      total 54272K, used 53888K [0x000000076af00000, 0x000000079c600000, 0x00000007c0000000)
  eden space 53760K, 100% used [0x000000076af00000,0x000000076e380000,0x000000076e380000)
  from space 512K, 25% used [0x000000079c500000,0x000000079c520000,0x000000079c580000)
  to   space 512K, 0% used [0x000000079c580000,0x000000079c580000,0x000000079c600000)
 ParOldGen       total 175104K, used 17109K [0x00000006c0c00000, 0x00000006cb700000, 0x000000076af00000)
  object space 175104K, 9% used [0x00000006c0c00000,0x00000006c1cb5478,0x00000006cb700000)
 Metaspace       used 4349K, capacity 4704K, committed 4864K, reserved 1056768K
  class space    used 427K, capacity 464K, committed 512K, reserved 1048576K
Event: 29.858 GC heap after
Heap after GC invocations=118 (full 0):
 PSYoungGen      total 53248K, used 224K [0x000000076af00000, 0x000000079c600000, 0x00000007c0000000)
  eden space 52736K, 0% used [0x000000076af00000,0x000000076af00000,0x000000076e280000)
  from space 512K, 43% used [0x000000079c580000,0x000000079c5b8000,0x000000079c600000)
  to   space 512K, 0% used [0x000000079c500000,0x000000079c500000,0x000000079c580000)
 ParOldGen       total 175104K, used 17165K [0x00000006c0c00000, 0x00000006cb700000, 0x000000076af00000)
  object space 175104K, 9% used [0x00000006c0c00000,0x00000006c1cc3478,0x00000006cb700000)
 Metaspace       used 4349K, capacity 4704K, committed 4864K, reserved 1056768K
  class space    used 427K, capacity 464K, committed 512K, reserved 1048576K
}

