# JRE version: Java(TM) SE Runtime Environment (8.0_191-b12) (build 1.8.0_191-b12)
# Java VM: Java HotSpot(TM) 64-Bit Server VM (25.191-b12 mixed mode windows-amd64 compressed oops)
Heap:
 PSYoungGen      total 518656K, used 433968K [0x00000000d5980000, 0x00000000ffa00000, 0x0000000100000000)
  eden space 516096K, 83% used [0x00000000d5980000,0x00000000f00dc0f0,0x00000000f5180000)
  from space 2560K, 17% used [0x00000000ff500000,0x00000000ff570000,0x00000000ff780000)
  to   space 2048K, 0% used [0x00000000ff800000,0x00000000ff800000,0x00000000ffa00000)
 ParOldGen       total 87552K, used 11492K [0x0000000080c00000, 0x0000000086180000, 0x00000000d5980000)
  object space 87552K, 13% used [0x0000000080c00000,0x0000000081739080,0x0000000086180000)
 Metaspace       used 4004K, capacity 4606K, committed 4864K, reserved 1056768K
  class space    used 405K, capacity 430K, committed 512K, reserved 1048576K
GC Heap History (10 events):
Event: 20.355 GC heap before
{Heap before GC invocations=21 (full 0):
 PSYoungGen      total 656896K, used 656480K [0x00000000d5980000, 0x00000000ffe80000, 0x0000000100000000)
  eden space 655872K, 100% used [0x00000000d5980000,0x00000000fda00000,0x00000000fda00000)
  from space 1024K, 59% used [0x00000000ffd80000,0x00000000ffe18000,0x00000000ffe80000)
  to   space 2560K, 0% used [0x00000000ff980000,0x00000000ff980000,0x00000000ffc00000)
 ParOldGen       total 87552K, used 9316K [0x0000000080c00000, 0x0000000086180000, 0x00000000d5980000)
  object space 87552K, 10% used [0x0000000080c00000,0x0000000081519080,0x0000000086180000)
 Metaspace       used 4004K, capacity 4606K, committed 4864K, reserved 1056768K
  class space    used 405K, capacity 430K, committed 512K, reserved 1048576K
Event: 20.356 GC heap after
Heap after GC invocations=21 (full 0):
 PSYoungGen      total 625664K, used 512K [0x00000000d5980000, 0x00000000ffe00000, 0x0000000100000000)
  eden space 625152K, 0% used [0x00000000d5980000,0x00000000d5980000,0x00000000fbc00000)
  from space 512K, 100% used [0x00000000ff980000,0x00000000ffa00000,0x00000000ffa00000)
  to   space 2560K, 0% used [0x00000000ffb80000,0x00000000ffb80000,0x00000000ffe00000)
 ParOldGen       total 87552K, used 9844K [0x0000000080c00000, 0x0000000086180000, 0x00000000d5980000)
  object space 87552K, 11% used [0x0000000080c00000,0x000000008159d080,0x0000000086180000)
 Metaspace       used 4004K, capacity 4606K, committed 4864K, reserved 1056768K
  class space    used 405K, capacity 430K, committed 512K, reserved 1048576K
}
Event: 21.642 GC heap before
{Heap before GC invocations=22 (full 0):
 PSYoungGen      total 625664K, used 625664K [0x00000000d5980000, 0x00000000ffe00000, 0x0000000100000000)
  eden space 625152K, 100% used [0x00000000d5980000,0x00000000fbc00000,0x00000000fbc00000)
  from space 512K, 100% used [0x00000000ff980000,0x00000000ffa00000,0x00000000ffa00000)
  to   space 2560K, 0% used [0x00000000ffb80000,0x00000000ffb80000,0x00000000ffe00000)
 ParOldGen       total 87552K, used 9844K [0x0000000080c00000, 0x0000000086180000, 0x00000000d5980000)
  object space 87552K, 11% used [0x0000000080c00000,0x000000008159d080,0x0000000086180000)
 Metaspace       used 4004K, capacity 4606K, committed 4864K, reserved 1056768K
  class space    used 405K, capacity 430K, committed 512K, reserved 1048576K
Event: 21.644 GC heap after
Heap after GC invocations=22 (full 0):
 PSYoungGen      total 596480K, used 480K [0x00000000d5980000, 0x00000000ffc00000, 0x0000000100000000)
  eden space 595968K, 0% used [0x00000000d5980000,0x00000000d5980000,0x00000000f9f80000)
  from space 512K, 93% used [0x00000000ffb80000,0x00000000ffbf8000,0x00000000ffc00000)
  to   space 2560K, 0% used [0x00000000ff700000,0x00000000ff700000,0x00000000ff980000)
 ParOldGen       total 87552K, used 10292K [0x0000000080c00000, 0x0000000086180000, 0x00000000d5980000)
  object space 87552K, 11% used [0x0000000080c00000,0x000000008160d080,0x0000000086180000)
 Metaspace       used 4004K, capacity 4606K, committed 4864K, reserved 1056768K
  class space    used 405K, capacity 430K, committed 512K, reserved 1048576K
}
Event: 22.912 GC heap before
{Heap before GC invocations=23 (full 0):
 PSYoungGen      total 596480K, used 596448K [0x00000000d5980000, 0x00000000ffc00000, 0x0000000100000000)
  eden space 595968K, 100% used [0x00000000d5980000,0x00000000f9f80000,0x00000000f9f80000)
  from space 512K, 93% used [0x00000000ffb80000,0x00000000ffbf8000,0x00000000ffc00000)
  to   space 2560K, 0% used [0x00000000ff700000,0x00000000ff700000,0x00000000ff980000)
 ParOldGen       total 87552K, used 10292K [0x0000000080c00000, 0x0000000086180000, 0x00000000d5980000)
  object space 87552K, 11% used [0x0000000080c00000,0x000000008160d080,0x0000000086180000)
 Metaspace       used 4004K, capacity 4606K, committed 4864K, reserved 1056768K
  class space    used 405K, capacity 430K, committed 512K, reserved 1048576K
Event: 22.913 GC heap after
Heap after GC invocations=23 (full 0):
 PSYoungGen      total 570368K, used 544K [0x00000000d5980000, 0x00000000ffc00000, 0x0000000100000000)
  eden space 567808K, 0% used [0x00000000d5980000,0x00000000d5980000,0x00000000f8400000)
  from space 2560K, 21% used [0x00000000ff700000,0x00000000ff788000,0x00000000ff980000)
  to   space 2560K, 0% used [0x00000000ff980000,0x00000000ff980000,0x00000000ffc00000)
 ParOldGen       total 87552K, used 10692K [0x0000000080c00000, 0x0000000086180000, 0x00000000d5980000)
  object space 87552K, 12% used [0x0000000080c00000,0x0000000081671080,0x0000000086180000)
 Metaspace       used 4004K, capacity 4606K, committed 4864K, reserved 1056768K
  class space    used 405K, capacity 430K, committed 512K, reserved 1048576K
}
Event: 24.133 GC heap before
{Heap before GC invocations=24 (full 0):
 PSYoungGen      total 570368K, used 568352K [0x00000000d5980000, 0x00000000ffc00000, 0x0000000100000000)
  eden space 567808K, 100% used [0x00000000d5980000,0x00000000f8400000,0x00000000f8400000)
  from space 2560K, 21% used [0x00000000ff700000,0x00000000ff788000,0x00000000ff980000)
  to   space 2560K, 0% used [0x00000000ff980000,0x00000000ff980000,0x00000000ffc00000)
 ParOldGen       total 87552K, used 10692K [0x0000000080c00000, 0x0000000086180000, 0x00000000d5980000)
  object space 87552K, 12% used [0x0000000080c00000,0x0000000081671080,0x0000000086180000)
 Metaspace       used 4004K, capacity 4606K, committed 4864K, reserved 1056768K
  class space    used 405K, capacity 430K, committed 512K, reserved 1048576K
Event: 24.134 GC heap after
Heap after GC invocations=24 (full 0):
 PSYoungGen      total 541696K, used 384K [0x00000000d5980000, 0x00000000ffa00000, 0x0000000100000000)
  eden space 541184K, 0% used [0x00000000d5980000,0x00000000d5980000,0x00000000f6a00000)
  from space 512K, 75% used [0x00000000ff980000,0x00000000ff9e0000,0x00000000ffa00000)
  to   space 2560K, 0% used [0x00000000ff500000,0x00000000ff500000,0x00000000ff780000)
 ParOldGen       total 87552K, used 11156K [0x0000000080c00000, 0x0000000086180000, 0x00000000d5980000)
  object space 87552K, 12% used [0x0000000080c00000,0x00000000816e5080,0x0000000086180000)
 Metaspace       used 4004K, capacity 4606K, committed 4864K, reserved 1056768K
  class space    used 405K, capacity 430K, committed 512K, reserved 1048576K
}
Event: 25.429 GC heap before
{Heap before GC invocations=25 (full 0):
 PSYoungGen      total 541696K, used 541568K [0x00000000d5980000, 0x00000000ffa00000, 0x0000000100000000)
  eden space 541184K, 100% used [0x00000000d5980000,0x00000000f6a00000,0x00000000f6a00000)
  from space 512K, 75% used [0x00000000ff980000,0x00000000ff9e0000,0x00000000ffa00000)
  to   space 2560K, 0% used [0x00000000ff500000,0x00000000ff500000,0x00000000ff780000)
 ParOldGen       total 87552K, used 11156K [0x0000000080c00000, 0x0000000086180000, 0x00000000d5980000)
  object space 87552K, 12% used [0x0000000080c00000,0x00000000816e5080,0x0000000086180000)
 Metaspace       used 4004K, capacity 4606K, committed 4864K, reserved 1056768K
  class space    used 405K, capacity 430K, committed 512K, reserved 1048576K
Event: 25.430 GC heap after
Heap after GC invocations=25 (full 0):
 PSYoungGen      total 518656K, used 448K [0x00000000d5980000, 0x00000000ffa00000, 0x0000000100000000)
  eden space 516096K, 0% used [0x00000000d5980000,0x00000000d5980000,0x00000000f5180000)
  from space 2560K, 17% used [0x00000000ff500000,0x00000000ff570000,0x00000000ff780000)
  to   space 2048K, 0% used [0x00000000ff800000,0x00000000ff800000,0x00000000ffa00000)
 ParOldGen       total 87552K, used 11492K [0x0000000080c00000, 0x0000000086180000, 0x00000000d5980000)
  object space 87552K, 13% used [0x0000000080c00000,0x0000000081739080,0x0000000086180000)
 Metaspace       used 4004K, capacity 4606K, committed 4864K, reserved 1056768K
  class space    used 405K, capacity 430K, committed 512K, reserved 1048576K
}

