# JRE version: Java(TM) SE Runtime Environment (8.0_191-b12) (build 1.8.0_191-b12)
# Java VM: Java HotSpot(TM) 64-Bit Server VM (25.191-b12 mixed mode windows-amd64 compressed oops)
Heap:
 PSYoungGen      total 410112K, used 317839K [0x00000000d5980000, 0x00000000fef80000, 0x0000000100000000)
  eden space 407040K, 77% used [0x00000000d5980000,0x00000000e8f8be68,0x00000000ee700000)
  from space 3072K, 11% used [0x00000000fe980000,0x00000000fe9d8000,0x00000000fec80000)
  to   space 3072K, 0% used [0x00000000fec80000,0x00000000fec80000,0x00000000fef80000)
 ParOldGen       total 87552K, used 10053K [0x0000000080c00000, 0x0000000086180000, 0x00000000d5980000)
  object space 87552K, 11% used [0x0000000080c00000,0x00000000815d1448,0x0000000086180000)
 Metaspace       used 4002K, capacity 4606K, committed 4864K, reserved 1056768K
  class space    used 405K, capacity 430K, committed 512K, reserved 1048576K
GC Heap History (10 events):
Event: 11.756 GC heap before
{Heap before GC invocations=17 (full 0):
 PSYoungGen      total 516096K, used 515744K [0x00000000d5980000, 0x00000000ff500000, 0x0000000100000000)
  eden space 515072K, 100% used [0x00000000d5980000,0x00000000f5080000,0x00000000f5080000)
  from space 1024K, 65% used [0x00000000ff400000,0x00000000ff4a8000,0x00000000ff500000)
  to   space 3072K, 0% used [0x00000000fef00000,0x00000000fef00000,0x00000000ff200000)
 ParOldGen       total 87552K, used 7997K [0x0000000080c00000, 0x0000000086180000, 0x00000000d5980000)
  object space 87552K, 9% used [0x0000000080c00000,0x00000000813cf448,0x0000000086180000)
 Metaspace       used 4002K, capacity 4606K, committed 4864K, reserved 1056768K
  class space    used 405K, capacity 430K, committed 512K, reserved 1048576K
Event: 11.758 GC heap after
Heap after GC invocations=17 (full 0):
 PSYoungGen      total 491520K, used 448K [0x00000000d5980000, 0x00000000ff480000, 0x0000000100000000)
  eden space 491008K, 0% used [0x00000000d5980000,0x00000000d5980000,0x00000000f3900000)
  from space 512K, 87% used [0x00000000fef00000,0x00000000fef70000,0x00000000fef80000)
  to   space 3072K, 0% used [0x00000000ff180000,0x00000000ff180000,0x00000000ff480000)
 ParOldGen       total 87552K, used 8613K [0x0000000080c00000, 0x0000000086180000, 0x00000000d5980000)
  object space 87552K, 9% used [0x0000000080c00000,0x0000000081469448,0x0000000086180000)
 Metaspace       used 4002K, capacity 4606K, committed 4864K, reserved 1056768K
  class space    used 405K, capacity 430K, committed 512K, reserved 1048576K
}
Event: 12.651 GC heap before
{Heap before GC invocations=18 (full 0):
 PSYoungGen      total 491520K, used 491456K [0x00000000d5980000, 0x00000000ff480000, 0x0000000100000000)
  eden space 491008K, 100% used [0x00000000d5980000,0x00000000f3900000,0x00000000f3900000)
  from space 512K, 87% used [0x00000000fef00000,0x00000000fef70000,0x00000000fef80000)
  to   space 3072K, 0% used [0x00000000ff180000,0x00000000ff180000,0x00000000ff480000)
 ParOldGen       total 87552K, used 8613K [0x0000000080c00000, 0x0000000086180000, 0x00000000d5980000)
  object space 87552K, 9% used [0x0000000080c00000,0x0000000081469448,0x0000000086180000)
 Metaspace       used 4002K, capacity 4606K, committed 4864K, reserved 1056768K
  class space    used 405K, capacity 430K, committed 512K, reserved 1048576K
Event: 12.652 GC heap after
Heap after GC invocations=18 (full 0):
 PSYoungGen      total 468992K, used 384K [0x00000000d5980000, 0x00000000ff200000, 0x0000000100000000)
  eden space 468480K, 0% used [0x00000000d5980000,0x00000000d5980000,0x00000000f2300000)
  from space 512K, 75% used [0x00000000ff180000,0x00000000ff1e0000,0x00000000ff200000)
  to   space 3072K, 0% used [0x00000000fec00000,0x00000000fec00000,0x00000000fef00000)
 ParOldGen       total 87552K, used 9029K [0x0000000080c00000, 0x0000000086180000, 0x00000000d5980000)
  object space 87552K, 10% used [0x0000000080c00000,0x00000000814d1448,0x0000000086180000)
 Metaspace       used 4002K, capacity 4606K, committed 4864K, reserved 1056768K
  class space    used 405K, capacity 430K, committed 512K, reserved 1048576K
}
Event: 13.608 GC heap before
{Heap before GC invocations=19 (full 0):
 PSYoungGen      total 468992K, used 468864K [0x00000000d5980000, 0x00000000ff200000, 0x0000000100000000)
  eden space 468480K, 100% used [0x00000000d5980000,0x00000000f2300000,0x00000000f2300000)
  from space 512K, 75% used [0x00000000ff180000,0x00000000ff1e0000,0x00000000ff200000)
  to   space 3072K, 0% used [0x00000000fec00000,0x00000000fec00000,0x00000000fef00000)
 ParOldGen       total 87552K, used 9029K [0x0000000080c00000, 0x0000000086180000, 0x00000000d5980000)
  object space 87552K, 10% used [0x0000000080c00000,0x00000000814d1448,0x0000000086180000)
 Metaspace       used 4002K, capacity 4606K, committed 4864K, reserved 1056768K
  class space    used 405K, capacity 430K, committed 512K, reserved 1048576K
Event: 13.609 GC heap after
Heap after GC invocations=19 (full 0):
 PSYoungGen      total 450048K, used 416K [0x00000000d5980000, 0x00000000ff200000, 0x0000000100000000)
  eden space 446976K, 0% used [0x00000000d5980000,0x00000000d5980000,0x00000000f0e00000)
  from space 3072K, 13% used [0x00000000fec00000,0x00000000fec68000,0x00000000fef00000)
  to   space 3072K, 0% used [0x00000000fef00000,0x00000000fef00000,0x00000000ff200000)
 ParOldGen       total 87552K, used 9333K [0x0000000080c00000, 0x0000000086180000, 0x00000000d5980000)
  object space 87552K, 10% used [0x0000000080c00000,0x000000008151d448,0x0000000086180000)
 Metaspace       used 4002K, capacity 4606K, committed 4864K, reserved 1056768K
  class space    used 405K, capacity 430K, committed 512K, reserved 1048576K
}
Event: 14.535 GC heap before
{Heap before GC invocations=20 (full 0):
 PSYoungGen      total 450048K, used 447392K [0x00000000d5980000, 0x00000000ff200000, 0x0000000100000000)
  eden space 446976K, 100% used [0x00000000d5980000,0x00000000f0e00000,0x00000000f0e00000)
  from space 3072K, 13% used [0x00000000fec00000,0x00000000fec68000,0x00000000fef00000)
  to   space 3072K, 0% used [0x00000000fef00000,0x00000000fef00000,0x00000000ff200000)
 ParOldGen       total 87552K, used 9333K [0x0000000080c00000, 0x0000000086180000, 0x00000000d5980000)
  object space 87552K, 10% used [0x0000000080c00000,0x000000008151d448,0x0000000086180000)
 Metaspace       used 4002K, capacity 4606K, committed 4864K, reserved 1056768K
  class space    used 405K, capacity 430K, committed 512K, reserved 1048576K
Event: 14.536 GC heap after
Heap after GC invocations=20 (full 0):
 PSYoungGen      total 427008K, used 416K [0x00000000d5980000, 0x00000000fef80000, 0x0000000100000000)
  eden space 426496K, 0% used [0x00000000d5980000,0x00000000d5980000,0x00000000efa00000)
  from space 512K, 81% used [0x00000000fef00000,0x00000000fef68000,0x00000000fef80000)
  to   space 3072K, 0% used [0x00000000fe980000,0x00000000fe980000,0x00000000fec80000)
 ParOldGen       total 87552K, used 9701K [0x0000000080c00000, 0x0000000086180000, 0x00000000d5980000)
  object space 87552K, 11% used [0x0000000080c00000,0x0000000081579448,0x0000000086180000)
 Metaspace       used 4002K, capacity 4606K, committed 4864K, reserved 1056768K
  class space    used 405K, capacity 430K, committed 512K, reserved 1048576K
}
Event: 15.455 GC heap before
{Heap before GC invocations=21 (full 0):
 PSYoungGen      total 427008K, used 426912K [0x00000000d5980000, 0x00000000fef80000, 0x0000000100000000)
  eden space 426496K, 100% used [0x00000000d5980000,0x00000000efa00000,0x00000000efa00000)
  from space 512K, 81% used [0x00000000fef00000,0x00000000fef68000,0x00000000fef80000)
  to   space 3072K, 0% used [0x00000000fe980000,0x00000000fe980000,0x00000000fec80000)
 ParOldGen       total 87552K, used 9701K [0x0000000080c00000, 0x0000000086180000, 0x00000000d5980000)
  object space 87552K, 11% used [0x0000000080c00000,0x0000000081579448,0x0000000086180000)
 Metaspace       used 4002K, capacity 4606K, committed 4864K, reserved 1056768K
  class space    used 405K, capacity 430K, committed 512K, reserved 1048576K
Event: 15.456 GC heap after
Heap after GC invocations=21 (full 0):
 PSYoungGen      total 410112K, used 352K [0x00000000d5980000, 0x00000000fef80000, 0x0000000100000000)
  eden space 407040K, 0% used [0x00000000d5980000,0x00000000d5980000,0x00000000ee700000)
  from space 3072K, 11% used [0x00000000fe980000,0x00000000fe9d8000,0x00000000fec80000)
  to   space 3072K, 0% used [0x00000000fec80000,0x00000000fec80000,0x00000000fef80000)
 ParOldGen       total 87552K, used 10053K [0x0000000080c00000, 0x0000000086180000, 0x00000000d5980000)
  object space 87552K, 11% used [0x0000000080c00000,0x00000000815d1448,0x0000000086180000)
 Metaspace       used 4002K, capacity 4606K, committed 4864K, reserved 1056768K
  class space    used 405K, capacity 430K, committed 512K, reserved 1048576K
}

