# JRE version: Java(TM) SE Runtime Environment (8.0_191-b12) (build 1.8.0_191-b12)
# Java VM: Java HotSpot(TM) 64-Bit Server VM (25.191-b12 mixed mode windows-amd64 compressed oops)
Heap:
 PSYoungGen      total 279552K, used 83508K [0x00000000d5980000, 0x00000000ff580000, 0x0000000100000000)
  eden space 277504K, 30% used [0x00000000d5980000,0x00000000daacd0c8,0x00000000e6880000)
  from space 2048K, 12% used [0x00000000ff180000,0x00000000ff1c0000,0x00000000ff380000)
  to   space 2048K, 0% used [0x00000000ff380000,0x00000000ff380000,0x00000000ff580000)
 ParOldGen       total 87552K, used 7748K [0x0000000080c00000, 0x0000000086180000, 0x00000000d5980000)
  object space 87552K, 8% used [0x0000000080c00000,0x00000000813910b0,0x0000000086180000)
 Metaspace       used 3610K, capacity 4566K, committed 4864K, reserved 1056768K
  class space    used 378K, capacity 390K, committed 512K, reserved 1048576K
GC Heap History (10 events):
Event: 9.918 GC heap before
{Heap before GC invocations=19 (full 0):
 PSYoungGen      total 349184K, used 349056K [0x00000000d5980000, 0x00000000ff880000, 0x0000000100000000)
  eden space 348672K, 100% used [0x00000000d5980000,0x00000000eae00000,0x00000000eae00000)
  from space 512K, 75% used [0x00000000ff800000,0x00000000ff860000,0x00000000ff880000)
  to   space 2048K, 0% used [0x00000000ff480000,0x00000000ff480000,0x00000000ff680000)
 ParOldGen       total 87552K, used 6116K [0x0000000080c00000, 0x0000000086180000, 0x00000000d5980000)
  object space 87552K, 6% used [0x0000000080c00000,0x00000000811f90a0,0x0000000086180000)
 Metaspace       used 3610K, capacity 4566K, committed 4864K, reserved 1056768K
  class space    used 378K, capacity 390K, committed 512K, reserved 1048576K
Event: 9.919 GC heap after
Heap after GC invocations=19 (full 0):
 PSYoungGen      total 334848K, used 384K [0x00000000d5980000, 0x00000000ff880000, 0x0000000100000000)
  eden space 332800K, 0% used [0x00000000d5980000,0x00000000d5980000,0x00000000e9e80000)
  from space 2048K, 18% used [0x00000000ff480000,0x00000000ff4e0000,0x00000000ff680000)
  to   space 2048K, 0% used [0x00000000ff680000,0x00000000ff680000,0x00000000ff880000)
 ParOldGen       total 87552K, used 6468K [0x0000000080c00000, 0x0000000086180000, 0x00000000d5980000)
  object space 87552K, 7% used [0x0000000080c00000,0x00000000812510a0,0x0000000086180000)
 Metaspace       used 3610K, capacity 4566K, committed 4864K, reserved 1056768K
  class space    used 378K, capacity 390K, committed 512K, reserved 1048576K
}
Event: 10.474 GC heap before
{Heap before GC invocations=20 (full 0):
 PSYoungGen      total 334848K, used 333184K [0x00000000d5980000, 0x00000000ff880000, 0x0000000100000000)
  eden space 332800K, 100% used [0x00000000d5980000,0x00000000e9e80000,0x00000000e9e80000)
  from space 2048K, 18% used [0x00000000ff480000,0x00000000ff4e0000,0x00000000ff680000)
  to   space 2048K, 0% used [0x00000000ff680000,0x00000000ff680000,0x00000000ff880000)
 ParOldGen       total 87552K, used 6468K [0x0000000080c00000, 0x0000000086180000, 0x00000000d5980000)
  object space 87552K, 7% used [0x0000000080c00000,0x00000000812510a0,0x0000000086180000)
 Metaspace       used 3610K, capacity 4566K, committed 4864K, reserved 1056768K
  class space    used 378K, capacity 390K, committed 512K, reserved 1048576K
Event: 10.479 GC heap after
Heap after GC invocations=20 (full 0):
 PSYoungGen      total 318464K, used 384K [0x00000000d5980000, 0x00000000ff700000, 0x0000000100000000)
  eden space 317952K, 0% used [0x00000000d5980000,0x00000000d5980000,0x00000000e9000000)
  from space 512K, 75% used [0x00000000ff680000,0x00000000ff6e0000,0x00000000ff700000)
  to   space 2048K, 0% used [0x00000000ff300000,0x00000000ff300000,0x00000000ff500000)
 ParOldGen       total 87552K, used 6812K [0x0000000080c00000, 0x0000000086180000, 0x00000000d5980000)
  object space 87552K, 7% used [0x0000000080c00000,0x00000000812a70a0,0x0000000086180000)
 Metaspace       used 3610K, capacity 4566K, committed 4864K, reserved 1056768K
  class space    used 378K, capacity 390K, committed 512K, reserved 1048576K
}
Event: 11.045 GC heap before
{Heap before GC invocations=21 (full 0):
 PSYoungGen      total 318464K, used 318336K [0x00000000d5980000, 0x00000000ff700000, 0x0000000100000000)
  eden space 317952K, 100% used [0x00000000d5980000,0x00000000e9000000,0x00000000e9000000)
  from space 512K, 75% used [0x00000000ff680000,0x00000000ff6e0000,0x00000000ff700000)
  to   space 2048K, 0% used [0x00000000ff300000,0x00000000ff300000,0x00000000ff500000)
 ParOldGen       total 87552K, used 6812K [0x0000000080c00000, 0x0000000086180000, 0x00000000d5980000)
  object space 87552K, 7% used [0x0000000080c00000,0x00000000812a70a0,0x0000000086180000)
 Metaspace       used 3610K, capacity 4566K, committed 4864K, reserved 1056768K
  class space    used 378K, capacity 390K, committed 512K, reserved 1048576K
Event: 11.046 GC heap after
Heap after GC invocations=21 (full 0):
 PSYoungGen      total 305664K, used 416K [0x00000000d5980000, 0x00000000ff700000, 0x0000000100000000)
  eden space 303616K, 0% used [0x00000000d5980000,0x00000000d5980000,0x00000000e8200000)
  from space 2048K, 20% used [0x00000000ff300000,0x00000000ff368010,0x00000000ff500000)
  to   space 2048K, 0% used [0x00000000ff500000,0x00000000ff500000,0x00000000ff700000)
 ParOldGen       total 87552K, used 7172K [0x0000000080c00000, 0x0000000086180000, 0x00000000d5980000)
  object space 87552K, 8% used [0x0000000080c00000,0x00000000813010a0,0x0000000086180000)
 Metaspace       used 3610K, capacity 4566K, committed 4864K, reserved 1056768K
  class space    used 378K, capacity 390K, committed 512K, reserved 1048576K
}
Event: 11.569 GC heap before
{Heap before GC invocations=22 (full 0):
 PSYoungGen      total 305664K, used 304032K [0x00000000d5980000, 0x00000000ff700000, 0x0000000100000000)
  eden space 303616K, 100% used [0x00000000d5980000,0x00000000e8200000,0x00000000e8200000)
  from space 2048K, 20% used [0x00000000ff300000,0x00000000ff368010,0x00000000ff500000)
  to   space 2048K, 0% used [0x00000000ff500000,0x00000000ff500000,0x00000000ff700000)
 ParOldGen       total 87552K, used 7172K [0x0000000080c00000, 0x0000000086180000, 0x00000000d5980000)
  object space 87552K, 8% used [0x0000000080c00000,0x00000000813010a0,0x0000000086180000)
 Metaspace       used 3610K, capacity 4566K, committed 4864K, reserved 1056768K
  class space    used 378K, capacity 390K, committed 512K, reserved 1048576K
Event: 11.570 GC heap after
Heap after GC invocations=22 (full 0):
 PSYoungGen      total 290816K, used 256K [0x00000000d5980000, 0x00000000ff580000, 0x0000000100000000)
  eden space 290304K, 0% used [0x00000000d5980000,0x00000000d5980000,0x00000000e7500000)
  from space 512K, 50% used [0x00000000ff500000,0x00000000ff540000,0x00000000ff580000)
  to   space 2048K, 0% used [0x00000000ff180000,0x00000000ff180000,0x00000000ff380000)
 ParOldGen       total 87552K, used 7524K [0x0000000080c00000, 0x0000000086180000, 0x00000000d5980000)
  object space 87552K, 8% used [0x0000000080c00000,0x00000000813590b0,0x0000000086180000)
 Metaspace       used 3610K, capacity 4566K, committed 4864K, reserved 1056768K
  class space    used 378K, capacity 390K, committed 512K, reserved 1048576K
}
Event: 12.048 GC heap before
{Heap before GC invocations=23 (full 0):
 PSYoungGen      total 290816K, used 290560K [0x00000000d5980000, 0x00000000ff580000, 0x0000000100000000)
  eden space 290304K, 100% used [0x00000000d5980000,0x00000000e7500000,0x00000000e7500000)
  from space 512K, 50% used [0x00000000ff500000,0x00000000ff540000,0x00000000ff580000)
  to   space 2048K, 0% used [0x00000000ff180000,0x00000000ff180000,0x00000000ff380000)
 ParOldGen       total 87552K, used 7524K [0x0000000080c00000, 0x0000000086180000, 0x00000000d5980000)
  object space 87552K, 8% used [0x0000000080c00000,0x00000000813590b0,0x0000000086180000)
 Metaspace       used 3610K, capacity 4566K, committed 4864K, reserved 1056768K
  class space    used 378K, capacity 390K, committed 512K, reserved 1048576K
Event: 12.050 GC heap after
Heap after GC invocations=23 (full 0):
 PSYoungGen      total 279552K, used 256K [0x00000000d5980000, 0x00000000ff580000, 0x0000000100000000)
  eden space 277504K, 0% used [0x00000000d5980000,0x00000000d5980000,0x00000000e6880000)
  from space 2048K, 12% used [0x00000000ff180000,0x00000000ff1c0000,0x00000000ff380000)
  to   space 2048K, 0% used [0x00000000ff380000,0x00000000ff380000,0x00000000ff580000)
 ParOldGen       total 87552K, used 7748K [0x0000000080c00000, 0x0000000086180000, 0x00000000d5980000)
  object space 87552K, 8% used [0x0000000080c00000,0x00000000813910b0,0x0000000086180000)
 Metaspace       used 3610K, capacity 4566K, committed 4864K, reserved 1056768K
  class space    used 378K, capacity 390K, committed 512K, reserved 1048576K
}

