# JRE version: Java(TM) SE Runtime Environment (8.0_191-b12) (build 1.8.0_191-b12)
# Java VM: Java HotSpot(TM) 64-Bit Server VM (25.191-b12 mixed mode windows-amd64 compressed oops)
Heap:
 PSYoungGen      total 168448K, used 83361K [0x00000000d5980000, 0x00000000ee680000, 0x0000000100000000)
  eden space 166400K, 50% used [0x00000000d5980000,0x00000000daac0748,0x00000000dfc00000)
  from space 2048K, 7% used [0x00000000ee280000,0x00000000ee2a8000,0x00000000ee480000)
  to   space 2048K, 0% used [0x00000000ee480000,0x00000000ee480000,0x00000000ee680000)
 ParOldGen       total 87552K, used 10316K [0x0000000080c00000, 0x0000000086180000, 0x00000000d5980000)
  object space 87552K, 11% used [0x0000000080c00000,0x0000000081613080,0x0000000086180000)
 Metaspace       used 4234K, capacity 4606K, committed 4864K, reserved 1056768K
  class space    used 417K, capacity 430K, committed 512K, reserved 1048576K
GC Heap History (10 events):
Event: 13.476 GC heap before
{Heap before GC invocations=27 (full 0):
 PSYoungGen      total 205824K, used 205472K [0x00000000d5980000, 0x00000000ee980000, 0x0000000100000000)
  eden space 205312K, 100% used [0x00000000d5980000,0x00000000e2200000,0x00000000e2200000)
  from space 512K, 31% used [0x00000000ee900000,0x00000000ee928000,0x00000000ee980000)
  to   space 2048K, 0% used [0x00000000ee580000,0x00000000ee580000,0x00000000ee780000)
 ParOldGen       total 87552K, used 9516K [0x0000000080c00000, 0x0000000086180000, 0x00000000d5980000)
  object space 87552K, 10% used [0x0000000080c00000,0x000000008154b080,0x0000000086180000)
 Metaspace       used 4234K, capacity 4606K, committed 4864K, reserved 1056768K
  class space    used 417K, capacity 430K, committed 512K, reserved 1048576K
Event: 13.477 GC heap after
Heap after GC invocations=27 (full 0):
 PSYoungGen      total 198656K, used 224K [0x00000000d5980000, 0x00000000ee980000, 0x0000000100000000)
  eden space 196608K, 0% used [0x00000000d5980000,0x00000000d5980000,0x00000000e1980000)
  from space 2048K, 10% used [0x00000000ee580000,0x00000000ee5b8000,0x00000000ee780000)
  to   space 2048K, 0% used [0x00000000ee780000,0x00000000ee780000,0x00000000ee980000)
 ParOldGen       total 87552K, used 9628K [0x0000000080c00000, 0x0000000086180000, 0x00000000d5980000)
  object space 87552K, 10% used [0x0000000080c00000,0x0000000081567080,0x0000000086180000)
 Metaspace       used 4234K, capacity 4606K, committed 4864K, reserved 1056768K
  class space    used 417K, capacity 430K, committed 512K, reserved 1048576K
}
Event: 13.860 GC heap before
{Heap before GC invocations=28 (full 0):
 PSYoungGen      total 198656K, used 196832K [0x00000000d5980000, 0x00000000ee980000, 0x0000000100000000)
  eden space 196608K, 100% used [0x00000000d5980000,0x00000000e1980000,0x00000000e1980000)
  from space 2048K, 10% used [0x00000000ee580000,0x00000000ee5b8000,0x00000000ee780000)
  to   space 2048K, 0% used [0x00000000ee780000,0x00000000ee780000,0x00000000ee980000)
 ParOldGen       total 87552K, used 9628K [0x0000000080c00000, 0x0000000086180000, 0x00000000d5980000)
  object space 87552K, 10% used [0x0000000080c00000,0x0000000081567080,0x0000000086180000)
 Metaspace       used 4234K, capacity 4606K, committed 4864K, reserved 1056768K
  class space    used 417K, capacity 430K, committed 512K, reserved 1048576K
Event: 13.861 GC heap after
Heap after GC invocations=28 (full 0):
 PSYoungGen      total 188928K, used 256K [0x00000000d5980000, 0x00000000ee800000, 0x0000000100000000)
  eden space 188416K, 0% used [0x00000000d5980000,0x00000000d5980000,0x00000000e1180000)
  from space 512K, 50% used [0x00000000ee780000,0x00000000ee7c0000,0x00000000ee800000)
  to   space 2048K, 0% used [0x00000000ee400000,0x00000000ee400000,0x00000000ee600000)
 ParOldGen       total 87552K, used 9820K [0x0000000080c00000, 0x0000000086180000, 0x00000000d5980000)
  object space 87552K, 11% used [0x0000000080c00000,0x0000000081597080,0x0000000086180000)
 Metaspace       used 4234K, capacity 4606K, committed 4864K, reserved 1056768K
  class space    used 417K, capacity 430K, committed 512K, reserved 1048576K
}
Event: 14.217 GC heap before
{Heap before GC invocations=29 (full 0):
 PSYoungGen      total 188928K, used 188672K [0x00000000d5980000, 0x00000000ee800000, 0x0000000100000000)
  eden space 188416K, 100% used [0x00000000d5980000,0x00000000e1180000,0x00000000e1180000)
  from space 512K, 50% used [0x00000000ee780000,0x00000000ee7c0000,0x00000000ee800000)
  to   space 2048K, 0% used [0x00000000ee400000,0x00000000ee400000,0x00000000ee600000)
 ParOldGen       total 87552K, used 9820K [0x0000000080c00000, 0x0000000086180000, 0x00000000d5980000)
  object space 87552K, 11% used [0x0000000080c00000,0x0000000081597080,0x0000000086180000)
 Metaspace       used 4234K, capacity 4606K, committed 4864K, reserved 1056768K
  class space    used 417K, capacity 430K, committed 512K, reserved 1048576K
Event: 14.218 GC heap after
Heap after GC invocations=29 (full 0):
 PSYoungGen      total 182784K, used 224K [0x00000000d5980000, 0x00000000ee800000, 0x0000000100000000)
  eden space 180736K, 0% used [0x00000000d5980000,0x00000000d5980000,0x00000000e0a00000)
  from space 2048K, 10% used [0x00000000ee400000,0x00000000ee438000,0x00000000ee600000)
  to   space 2048K, 0% used [0x00000000ee600000,0x00000000ee600000,0x00000000ee800000)
 ParOldGen       total 87552K, used 9996K [0x0000000080c00000, 0x0000000086180000, 0x00000000d5980000)
  object space 87552K, 11% used [0x0000000080c00000,0x00000000815c3080,0x0000000086180000)
 Metaspace       used 4234K, capacity 4606K, committed 4864K, reserved 1056768K
  class space    used 417K, capacity 430K, committed 512K, reserved 1048576K
}
Event: 14.587 GC heap before
{Heap before GC invocations=30 (full 0):
 PSYoungGen      total 182784K, used 180960K [0x00000000d5980000, 0x00000000ee800000, 0x0000000100000000)
  eden space 180736K, 100% used [0x00000000d5980000,0x00000000e0a00000,0x00000000e0a00000)
  from space 2048K, 10% used [0x00000000ee400000,0x00000000ee438000,0x00000000ee600000)
  to   space 2048K, 0% used [0x00000000ee600000,0x00000000ee600000,0x00000000ee800000)
 ParOldGen       total 87552K, used 9996K [0x0000000080c00000, 0x0000000086180000, 0x00000000d5980000)
  object space 87552K, 11% used [0x0000000080c00000,0x00000000815c3080,0x0000000086180000)
 Metaspace       used 4234K, capacity 4606K, committed 4864K, reserved 1056768K
  class space    used 417K, capacity 430K, committed 512K, reserved 1048576K
Event: 14.588 GC heap after
Heap after GC invocations=30 (full 0):
 PSYoungGen      total 174080K, used 192K [0x00000000d5980000, 0x00000000ee680000, 0x0000000100000000)
  eden space 173568K, 0% used [0x00000000d5980000,0x00000000d5980000,0x00000000e0300000)
  from space 512K, 37% used [0x00000000ee600000,0x00000000ee630000,0x00000000ee680000)
  to   space 2048K, 0% used [0x00000000ee280000,0x00000000ee280000,0x00000000ee480000)
 ParOldGen       total 87552K, used 10156K [0x0000000080c00000, 0x0000000086180000, 0x00000000d5980000)
  object space 87552K, 11% used [0x0000000080c00000,0x00000000815eb080,0x0000000086180000)
 Metaspace       used 4234K, capacity 4606K, committed 4864K, reserved 1056768K
  class space    used 417K, capacity 430K, committed 512K, reserved 1048576K
}
Event: 15.205 GC heap before
{Heap before GC invocations=31 (full 0):
 PSYoungGen      total 174080K, used 173760K [0x00000000d5980000, 0x00000000ee680000, 0x0000000100000000)
  eden space 173568K, 100% used [0x00000000d5980000,0x00000000e0300000,0x00000000e0300000)
  from space 512K, 37% used [0x00000000ee600000,0x00000000ee630000,0x00000000ee680000)
  to   space 2048K, 0% used [0x00000000ee280000,0x00000000ee280000,0x00000000ee480000)
 ParOldGen       total 87552K, used 10156K [0x0000000080c00000, 0x0000000086180000, 0x00000000d5980000)
  object space 87552K, 11% used [0x0000000080c00000,0x00000000815eb080,0x0000000086180000)
 Metaspace       used 4234K, capacity 4606K, committed 4864K, reserved 1056768K
  class space    used 417K, capacity 430K, committed 512K, reserved 1048576K
Event: 15.206 GC heap after
Heap after GC invocations=31 (full 0):
 PSYoungGen      total 168448K, used 160K [0x00000000d5980000, 0x00000000ee680000, 0x0000000100000000)
  eden space 166400K, 0% used [0x00000000d5980000,0x00000000d5980000,0x00000000dfc00000)
  from space 2048K, 7% used [0x00000000ee280000,0x00000000ee2a8000,0x00000000ee480000)
  to   space 2048K, 0% used [0x00000000ee480000,0x00000000ee480000,0x00000000ee680000)
 ParOldGen       total 87552K, used 10316K [0x0000000080c00000, 0x0000000086180000, 0x00000000d5980000)
  object space 87552K, 11% used [0x0000000080c00000,0x0000000081613080,0x0000000086180000)
 Metaspace       used 4234K, capacity 4606K, committed 4864K, reserved 1056768K
  class space    used 417K, capacity 430K, committed 512K, reserved 1048576K
}

