# JRE version: Java(TM) SE Runtime Environment (8.0_191-b12) (build 1.8.0_191-b12)
# Java VM: Java HotSpot(TM) 64-Bit Server VM (25.191-b12 mixed mode windows-amd64 compressed oops)
Heap:
 PSYoungGen      total 267776K, used 159861K [0x00000000d5980000, 0x00000000efc80000, 0x0000000100000000)
  eden space 266240K, 59% used [0x00000000d5980000,0x00000000df565428,0x00000000e5d80000)
  from space 1536K, 14% used [0x00000000e5d80000,0x00000000e5db8000,0x00000000e5f00000)
  to   space 1536K, 0% used [0x00000000efb00000,0x00000000efb00000,0x00000000efc80000)
 ParOldGen       total 87552K, used 977K [0x0000000080c00000, 0x0000000086180000, 0x00000000d5980000)
  object space 87552K, 1% used [0x0000000080c00000,0x0000000080cf4458,0x0000000086180000)
 Metaspace       used 4175K, capacity 4604K, committed 4864K, reserved 1056768K
  class space    used 414K, capacity 428K, committed 512K, reserved 1048576K
GC Heap History (10 events):
Event: 0.648 GC heap before
{Heap before GC invocations=5 (full 0):
 PSYoungGen      total 71680K, used 67424K [0x00000000d5980000, 0x00000000da480000, 0x0000000100000000)
  eden space 66560K, 100% used [0x00000000d5980000,0x00000000d9a80000,0x00000000d9a80000)
  from space 5120K, 16% used [0x00000000d9f80000,0x00000000da058020,0x00000000da480000)
  to   space 5120K, 0% used [0x00000000d9a80000,0x00000000d9a80000,0x00000000d9f80000)
 ParOldGen       total 87552K, used 32K [0x0000000080c00000, 0x0000000086180000, 0x00000000d5980000)
  object space 87552K, 0% used [0x0000000080c00000,0x0000000080c08000,0x0000000086180000)
 Metaspace       used 4163K, capacity 4604K, committed 4864K, reserved 1056768K
  class space    used 414K, capacity 428K, committed 512K, reserved 1048576K
Event: 0.650 GC heap after
Heap after GC invocations=5 (full 0):
 PSYoungGen      total 71680K, used 976K [0x00000000d5980000, 0x00000000ddd80000, 0x0000000100000000)
  eden space 66560K, 0% used [0x00000000d5980000,0x00000000d5980000,0x00000000d9a80000)
  from space 5120K, 19% used [0x00000000d9a80000,0x00000000d9b74010,0x00000000d9f80000)
  to   space 1024K, 0% used [0x00000000ddc80000,0x00000000ddc80000,0x00000000ddd80000)
 ParOldGen       total 87552K, used 32K [0x0000000080c00000, 0x0000000086180000, 0x00000000d5980000)
  object space 87552K, 0% used [0x0000000080c00000,0x0000000080c08000,0x0000000086180000)
 Metaspace       used 4163K, capacity 4604K, committed 4864K, reserved 1056768K
  class space    used 414K, capacity 428K, committed 512K, reserved 1048576K
}
Event: 0.747 GC heap before
{Heap before GC invocations=6 (full 0):
 PSYoungGen      total 71680K, used 67536K [0x00000000d5980000, 0x00000000ddd80000, 0x0000000100000000)
  eden space 66560K, 100% used [0x00000000d5980000,0x00000000d9a80000,0x00000000d9a80000)
  from space 5120K, 19% used [0x00000000d9a80000,0x00000000d9b74010,0x00000000d9f80000)
  to   space 1024K, 0% used [0x00000000ddc80000,0x00000000ddc80000,0x00000000ddd80000)
 ParOldGen       total 87552K, used 32K [0x0000000080c00000, 0x0000000086180000, 0x00000000d5980000)
  object space 87552K, 0% used [0x0000000080c00000,0x0000000080c08000,0x0000000086180000)
 Metaspace       used 4163K, capacity 4604K, committed 4864K, reserved 1056768K
  class space    used 414K, capacity 428K, committed 512K, reserved 1048576K
Event: 0.749 GC heap after
Heap after GC invocations=6 (full 0):
 PSYoungGen      total 134144K, used 928K [0x00000000d5980000, 0x00000000ddd80000, 0x0000000100000000)
  eden space 133120K, 0% used [0x00000000d5980000,0x00000000d5980000,0x00000000ddb80000)
  from space 1024K, 90% used [0x00000000ddc80000,0x00000000ddd68020,0x00000000ddd80000)
  to   space 1024K, 0% used [0x00000000ddb80000,0x00000000ddb80000,0x00000000ddc80000)
 ParOldGen       total 87552K, used 40K [0x0000000080c00000, 0x0000000086180000, 0x00000000d5980000)
  object space 87552K, 0% used [0x0000000080c00000,0x0000000080c0a000,0x0000000086180000)
 Metaspace       used 4163K, capacity 4604K, committed 4864K, reserved 1056768K
  class space    used 414K, capacity 428K, committed 512K, reserved 1048576K
}
Event: 0.942 GC heap before
{Heap before GC invocations=7 (full 0):
 PSYoungGen      total 134144K, used 134048K [0x00000000d5980000, 0x00000000ddd80000, 0x0000000100000000)
  eden space 133120K, 100% used [0x00000000d5980000,0x00000000ddb80000,0x00000000ddb80000)
  from space 1024K, 90% used [0x00000000ddc80000,0x00000000ddd68020,0x00000000ddd80000)
  to   space 1024K, 0% used [0x00000000ddb80000,0x00000000ddb80000,0x00000000ddc80000)
 ParOldGen       total 87552K, used 40K [0x0000000080c00000, 0x0000000086180000, 0x00000000d5980000)
  object space 87552K, 0% used [0x0000000080c00000,0x0000000080c0a000,0x0000000086180000)
 Metaspace       used 4164K, capacity 4604K, committed 4864K, reserved 1056768K
  class space    used 414K, capacity 428K, committed 512K, reserved 1048576K
Event: 0.947 GC heap after
Heap after GC invocations=7 (full 0):
 PSYoungGen      total 134144K, used 256K [0x00000000d5980000, 0x00000000e6080000, 0x0000000100000000)
  eden space 133120K, 0% used [0x00000000d5980000,0x00000000d5980000,0x00000000ddb80000)
  from space 1024K, 25% used [0x00000000ddb80000,0x00000000ddbc0000,0x00000000ddc80000)
  to   space 1536K, 0% used [0x00000000e5f00000,0x00000000e5f00000,0x00000000e6080000)
 ParOldGen       total 87552K, used 793K [0x0000000080c00000, 0x0000000086180000, 0x00000000d5980000)
  object space 87552K, 0% used [0x0000000080c00000,0x0000000080cc6458,0x0000000086180000)
 Metaspace       used 4164K, capacity 4604K, committed 4864K, reserved 1056768K
  class space    used 414K, capacity 428K, committed 512K, reserved 1048576K
}
Event: 1.105 GC heap before
{Heap before GC invocations=8 (full 0):
 PSYoungGen      total 134144K, used 133376K [0x00000000d5980000, 0x00000000e6080000, 0x0000000100000000)
  eden space 133120K, 100% used [0x00000000d5980000,0x00000000ddb80000,0x00000000ddb80000)
  from space 1024K, 25% used [0x00000000ddb80000,0x00000000ddbc0000,0x00000000ddc80000)
  to   space 1536K, 0% used [0x00000000e5f00000,0x00000000e5f00000,0x00000000e6080000)
 ParOldGen       total 87552K, used 793K [0x0000000080c00000, 0x0000000086180000, 0x00000000d5980000)
  object space 87552K, 0% used [0x0000000080c00000,0x0000000080cc6458,0x0000000086180000)
 Metaspace       used 4164K, capacity 4604K, committed 4864K, reserved 1056768K
  class space    used 414K, capacity 428K, committed 512K, reserved 1048576K
Event: 1.105 GC heap after
Heap after GC invocations=8 (full 0):
 PSYoungGen      total 267776K, used 224K [0x00000000d5980000, 0x00000000e6080000, 0x0000000100000000)
  eden space 266240K, 0% used [0x00000000d5980000,0x00000000d5980000,0x00000000e5d80000)
  from space 1536K, 14% used [0x00000000e5f00000,0x00000000e5f38000,0x00000000e6080000)
  to   space 1536K, 0% used [0x00000000e5d80000,0x00000000e5d80000,0x00000000e5f00000)
 ParOldGen       total 87552K, used 873K [0x0000000080c00000, 0x0000000086180000, 0x00000000d5980000)
  object space 87552K, 0% used [0x0000000080c00000,0x0000000080cda458,0x0000000086180000)
 Metaspace       used 4164K, capacity 4604K, committed 4864K, reserved 1056768K
  class space    used 414K, capacity 428K, committed 512K, reserved 1048576K
}
Event: 1.555 GC heap before
{Heap before GC invocations=9 (full 0):
 PSYoungGen      total 267776K, used 266464K [0x00000000d5980000, 0x00000000e6080000, 0x0000000100000000)
  eden space 266240K, 100% used [0x00000000d5980000,0x00000000e5d80000,0x00000000e5d80000)
  from space 1536K, 14% used [0x00000000e5f00000,0x00000000e5f38000,0x00000000e6080000)
  to   space 1536K, 0% used [0x00000000e5d80000,0x00000000e5d80000,0x00000000e5f00000)
 ParOldGen       total 87552K, used 873K [0x0000000080c00000, 0x0000000086180000, 0x00000000d5980000)
  object space 87552K, 0% used [0x0000000080c00000,0x0000000080cda458,0x0000000086180000)
 Metaspace       used 4175K, capacity 4604K, committed 4864K, reserved 1056768K
  class space    used 414K, capacity 428K, committed 512K, reserved 1048576K
Event: 1.555 GC heap after
Heap after GC invocations=9 (full 0):
 PSYoungGen      total 267776K, used 224K [0x00000000d5980000, 0x00000000efc80000, 0x0000000100000000)
  eden space 266240K, 0% used [0x00000000d5980000,0x00000000d5980000,0x00000000e5d80000)
  from space 1536K, 14% used [0x00000000e5d80000,0x00000000e5db8000,0x00000000e5f00000)
  to   space 1536K, 0% used [0x00000000efb00000,0x00000000efb00000,0x00000000efc80000)
 ParOldGen       total 87552K, used 977K [0x0000000080c00000, 0x0000000086180000, 0x00000000d5980000)
  object space 87552K, 1% used [0x0000000080c00000,0x0000000080cf4458,0x0000000086180000)
 Metaspace       used 4175K, capacity 4604K, committed 4864K, reserved 1056768K
  class space    used 414K, capacity 428K, committed 512K, reserved 1048576K
}

