# JRE version: Java(TM) SE Runtime Environment (8.0_191-b12) (build 1.8.0_191-b12)
# Java VM: Java HotSpot(TM) 64-Bit Server VM (25.191-b12 mixed mode windows-amd64 compressed oops)
Heap:
 PSYoungGen      total 65536K, used 27439K [0x00000000d5980000, 0x00000000e3c80000, 0x0000000100000000)
  eden space 65024K, 42% used [0x00000000d5980000,0x00000000d742bde8,0x00000000d9900000)
  from space 512K, 25% used [0x00000000e3b80000,0x00000000e3ba0000,0x00000000e3c00000)
  to   space 512K, 0% used [0x00000000e3c00000,0x00000000e3c00000,0x00000000e3c80000)
 ParOldGen       total 87552K, used 11284K [0x0000000080c00000, 0x0000000086180000, 0x00000000d5980000)
  object space 87552K, 12% used [0x0000000080c00000,0x0000000081705080,0x0000000086180000)
 Metaspace       used 4001K, capacity 4606K, committed 4864K, reserved 1056768K
  class space    used 405K, capacity 430K, committed 512K, reserved 1048576K
GC Heap History (10 events):
Event: 14.230 GC heap before
{Heap before GC invocations=63 (full 0):
 PSYoungGen      total 76288K, used 75872K [0x00000000d5980000, 0x00000000e3c80000, 0x0000000100000000)
  eden space 75776K, 100% used [0x00000000d5980000,0x00000000da380000,0x00000000da380000)
  from space 512K, 18% used [0x00000000e3c00000,0x00000000e3c18000,0x00000000e3c80000)
  to   space 512K, 0% used [0x00000000e3b80000,0x00000000e3b80000,0x00000000e3c00000)
 ParOldGen       total 87552K, used 10964K [0x0000000080c00000, 0x0000000086180000, 0x00000000d5980000)
  object space 87552K, 12% used [0x0000000080c00000,0x00000000816b5080,0x0000000086180000)
 Metaspace       used 4001K, capacity 4606K, committed 4864K, reserved 1056768K
  class space    used 405K, capacity 430K, committed 512K, reserved 1048576K
Event: 14.231 GC heap after
Heap after GC invocations=63 (full 0):
 PSYoungGen      total 73728K, used 96K [0x00000000d5980000, 0x00000000e3c80000, 0x0000000100000000)
  eden space 73216K, 0% used [0x00000000d5980000,0x00000000d5980000,0x00000000da100000)
  from space 512K, 18% used [0x00000000e3b80000,0x00000000e3b98000,0x00000000e3c00000)
  to   space 512K, 0% used [0x00000000e3c00000,0x00000000e3c00000,0x00000000e3c80000)
 ParOldGen       total 87552K, used 11044K [0x0000000080c00000, 0x0000000086180000, 0x00000000d5980000)
  object space 87552K, 12% used [0x0000000080c00000,0x00000000816c9080,0x0000000086180000)
 Metaspace       used 4001K, capacity 4606K, committed 4864K, reserved 1056768K
  class space    used 405K, capacity 430K, committed 512K, reserved 1048576K
}
Event: 14.361 GC heap before
{Heap before GC invocations=64 (full 0):
 PSYoungGen      total 73728K, used 73312K [0x00000000d5980000, 0x00000000e3c80000, 0x0000000100000000)
  eden space 73216K, 100% used [0x00000000d5980000,0x00000000da100000,0x00000000da100000)
  from space 512K, 18% used [0x00000000e3b80000,0x00000000e3b98000,0x00000000e3c00000)
  to   space 512K, 0% used [0x00000000e3c00000,0x00000000e3c00000,0x00000000e3c80000)
 ParOldGen       total 87552K, used 11044K [0x0000000080c00000, 0x0000000086180000, 0x00000000d5980000)
  object space 87552K, 12% used [0x0000000080c00000,0x00000000816c9080,0x0000000086180000)
 Metaspace       used 4001K, capacity 4606K, committed 4864K, reserved 1056768K
  class space    used 405K, capacity 430K, committed 512K, reserved 1048576K
Event: 14.361 GC heap after
Heap after GC invocations=64 (full 0):
 PSYoungGen      total 71680K, used 128K [0x00000000d5980000, 0x00000000e3c80000, 0x0000000100000000)
  eden space 71168K, 0% used [0x00000000d5980000,0x00000000d5980000,0x00000000d9f00000)
  from space 512K, 25% used [0x00000000e3c00000,0x00000000e3c20000,0x00000000e3c80000)
  to   space 512K, 0% used [0x00000000e3b80000,0x00000000e3b80000,0x00000000e3c00000)
 ParOldGen       total 87552K, used 11092K [0x0000000080c00000, 0x0000000086180000, 0x00000000d5980000)
  object space 87552K, 12% used [0x0000000080c00000,0x00000000816d5080,0x0000000086180000)
 Metaspace       used 4001K, capacity 4606K, committed 4864K, reserved 1056768K
  class space    used 405K, capacity 430K, committed 512K, reserved 1048576K
}
Event: 14.486 GC heap before
{Heap before GC invocations=65 (full 0):
 PSYoungGen      total 71680K, used 71296K [0x00000000d5980000, 0x00000000e3c80000, 0x0000000100000000)
  eden space 71168K, 100% used [0x00000000d5980000,0x00000000d9f00000,0x00000000d9f00000)
  from space 512K, 25% used [0x00000000e3c00000,0x00000000e3c20000,0x00000000e3c80000)
  to   space 512K, 0% used [0x00000000e3b80000,0x00000000e3b80000,0x00000000e3c00000)
 ParOldGen       total 87552K, used 11092K [0x0000000080c00000, 0x0000000086180000, 0x00000000d5980000)
  object space 87552K, 12% used [0x0000000080c00000,0x00000000816d5080,0x0000000086180000)
 Metaspace       used 4001K, capacity 4606K, committed 4864K, reserved 1056768K
  class space    used 405K, capacity 430K, committed 512K, reserved 1048576K
Event: 14.486 GC heap after
Heap after GC invocations=65 (full 0):
 PSYoungGen      total 69632K, used 128K [0x00000000d5980000, 0x00000000e3c80000, 0x0000000100000000)
  eden space 69120K, 0% used [0x00000000d5980000,0x00000000d5980000,0x00000000d9d00000)
  from space 512K, 25% used [0x00000000e3b80000,0x00000000e3ba0000,0x00000000e3c00000)
  to   space 512K, 0% used [0x00000000e3c00000,0x00000000e3c00000,0x00000000e3c80000)
 ParOldGen       total 87552K, used 11132K [0x0000000080c00000, 0x0000000086180000, 0x00000000d5980000)
  object space 87552K, 12% used [0x0000000080c00000,0x00000000816df080,0x0000000086180000)
 Metaspace       used 4001K, capacity 4606K, committed 4864K, reserved 1056768K
  class space    used 405K, capacity 430K, committed 512K, reserved 1048576K
}
Event: 14.609 GC heap before
{Heap before GC invocations=66 (full 0):
 PSYoungGen      total 69632K, used 69248K [0x00000000d5980000, 0x00000000e3c80000, 0x0000000100000000)
  eden space 69120K, 100% used [0x00000000d5980000,0x00000000d9d00000,0x00000000d9d00000)
  from space 512K, 25% used [0x00000000e3b80000,0x00000000e3ba0000,0x00000000e3c00000)
  to   space 512K, 0% used [0x00000000e3c00000,0x00000000e3c00000,0x00000000e3c80000)
 ParOldGen       total 87552K, used 11132K [0x0000000080c00000, 0x0000000086180000, 0x00000000d5980000)
  object space 87552K, 12% used [0x0000000080c00000,0x00000000816df080,0x0000000086180000)
 Metaspace       used 4001K, capacity 4606K, committed 4864K, reserved 1056768K
  class space    used 405K, capacity 430K, committed 512K, reserved 1048576K
Event: 14.610 GC heap after
Heap after GC invocations=66 (full 0):
 PSYoungGen      total 67584K, used 128K [0x00000000d5980000, 0x00000000e3c80000, 0x0000000100000000)
  eden space 67072K, 0% used [0x00000000d5980000,0x00000000d5980000,0x00000000d9b00000)
  from space 512K, 25% used [0x00000000e3c00000,0x00000000e3c20000,0x00000000e3c80000)
  to   space 512K, 0% used [0x00000000e3b80000,0x00000000e3b80000,0x00000000e3c00000)
 ParOldGen       total 87552K, used 11196K [0x0000000080c00000, 0x0000000086180000, 0x00000000d5980000)
  object space 87552K, 12% used [0x0000000080c00000,0x00000000816ef080,0x0000000086180000)
 Metaspace       used 4001K, capacity 4606K, committed 4864K, reserved 1056768K
  class space    used 405K, capacity 430K, committed 512K, reserved 1048576K
}
Event: 14.750 GC heap before
{Heap before GC invocations=67 (full 0):
 PSYoungGen      total 67584K, used 67200K [0x00000000d5980000, 0x00000000e3c80000, 0x0000000100000000)
  eden space 67072K, 100% used [0x00000000d5980000,0x00000000d9b00000,0x00000000d9b00000)
  from space 512K, 25% used [0x00000000e3c00000,0x00000000e3c20000,0x00000000e3c80000)
  to   space 512K, 0% used [0x00000000e3b80000,0x00000000e3b80000,0x00000000e3c00000)
 ParOldGen       total 87552K, used 11196K [0x0000000080c00000, 0x0000000086180000, 0x00000000d5980000)
  object space 87552K, 12% used [0x0000000080c00000,0x00000000816ef080,0x0000000086180000)
 Metaspace       used 4001K, capacity 4606K, committed 4864K, reserved 1056768K
  class space    used 405K, capacity 430K, committed 512K, reserved 1048576K
Event: 14.750 GC heap after
Heap after GC invocations=67 (full 0):
 PSYoungGen      total 65536K, used 128K [0x00000000d5980000, 0x00000000e3c80000, 0x0000000100000000)
  eden space 65024K, 0% used [0x00000000d5980000,0x00000000d5980000,0x00000000d9900000)
  from space 512K, 25% used [0x00000000e3b80000,0x00000000e3ba0000,0x00000000e3c00000)
  to   space 512K, 0% used [0x00000000e3c00000,0x00000000e3c00000,0x00000000e3c80000)
 ParOldGen       total 87552K, used 11284K [0x0000000080c00000, 0x0000000086180000, 0x00000000d5980000)
  object space 87552K, 12% used [0x0000000080c00000,0x0000000081705080,0x0000000086180000)
 Metaspace       used 4001K, capacity 4606K, committed 4864K, reserved 1056768K
  class space    used 405K, capacity 430K, committed 512K, reserved 1048576K
}

