# JRE version: Java(TM) SE Runtime Environment (8.0_191-b12) (build 1.8.0_191-b12)
# Java VM: Java HotSpot(TM) 64-Bit Server VM (25.191-b12 mixed mode windows-amd64 compressed oops)
Heap:
 PSYoungGen      total 282112K, used 22595K [0x000000076af00000, 0x000000077c500000, 0x00000007c0000000)
  eden space 279552K, 7% used [0x000000076af00000,0x000000076c4d0c90,0x000000077c000000)
  from space 2560K, 10% used [0x000000077c280000,0x000000077c2c0000,0x000000077c500000)
  to   space 2560K, 0% used [0x000000077c000000,0x000000077c000000,0x000000077c280000)
 ParOldGen       total 175104K, used 2721K [0x00000006c0c00000, 0x00000006cb700000, 0x000000076af00000)
  object space 175104K, 1% used [0x00000006c0c00000,0x00000006c0ea8468,0x00000006cb700000)
 Metaspace       used 3626K, capacity 4568K, committed 4864K, reserved 1056768K
  class space    used 380K, capacity 392K, committed 512K, reserved 1048576K
GC Heap History (10 events):
Event: 1.854 GC heap before
{Heap before GC invocations=12 (full 0):
 PSYoungGen      total 70656K, used 68192K [0x000000076af00000, 0x0000000771e80000, 0x00000007c0000000)
  eden space 68096K, 100% used [0x000000076af00000,0x000000076f180000,0x000000076f180000)
  from space 2560K, 3% used [0x000000076f180000,0x000000076f198000,0x000000076f400000)
  to   space 2560K, 0% used [0x0000000771c00000,0x0000000771c00000,0x0000000771e80000)
 ParOldGen       total 175104K, used 2065K [0x00000006c0c00000, 0x00000006cb700000, 0x000000076af00000)
  object space 175104K, 1% used [0x00000006c0c00000,0x00000006c0e04468,0x00000006cb700000)
 Metaspace       used 3604K, capacity 4568K, committed 4864K, reserved 1056768K
  class space    used 380K, capacity 392K, committed 512K, reserved 1048576K
Event: 1.865 GC heap after
Heap after GC invocations=12 (full 0):
 PSYoungGen      total 111616K, used 128K [0x000000076af00000, 0x0000000771e80000, 0x00000007c0000000)
  eden space 109056K, 0% used [0x000000076af00000,0x000000076af00000,0x0000000771980000)
  from space 2560K, 5% used [0x0000000771c00000,0x0000000771c20000,0x0000000771e80000)
  to   space 2560K, 0% used [0x0000000771980000,0x0000000771980000,0x0000000771c00000)
 ParOldGen       total 175104K, used 2121K [0x00000006c0c00000, 0x00000006cb700000, 0x000000076af00000)
  object space 175104K, 1% used [0x00000006c0c00000,0x00000006c0e12468,0x00000006cb700000)
 Metaspace       used 3604K, capacity 4568K, committed 4864K, reserved 1056768K
  class space    used 380K, capacity 392K, committed 512K, reserved 1048576K
}
Event: 2.112 GC heap before
{Heap before GC invocations=13 (full 0):
 PSYoungGen      total 111616K, used 109184K [0x000000076af00000, 0x0000000771e80000, 0x00000007c0000000)
  eden space 109056K, 100% used [0x000000076af00000,0x0000000771980000,0x0000000771980000)
  from space 2560K, 5% used [0x0000000771c00000,0x0000000771c20000,0x0000000771e80000)
  to   space 2560K, 0% used [0x0000000771980000,0x0000000771980000,0x0000000771c00000)
 ParOldGen       total 175104K, used 2121K [0x00000006c0c00000, 0x00000006cb700000, 0x000000076af00000)
  object space 175104K, 1% used [0x00000006c0c00000,0x00000006c0e12468,0x00000006cb700000)
 Metaspace       used 3604K, capacity 4568K, committed 4864K, reserved 1056768K
  class space    used 380K, capacity 392K, committed 512K, reserved 1048576K
Event: 2.113 GC heap after
Heap after GC invocations=13 (full 0):
 PSYoungGen      total 111616K, used 160K [0x000000076af00000, 0x0000000775e80000, 0x00000007c0000000)
  eden space 109056K, 0% used [0x000000076af00000,0x000000076af00000,0x0000000771980000)
  from space 2560K, 6% used [0x0000000771980000,0x00000007719a8000,0x0000000771c00000)
  to   space 2560K, 0% used [0x0000000775c00000,0x0000000775c00000,0x0000000775e80000)
 ParOldGen       total 175104K, used 2225K [0x00000006c0c00000, 0x00000006cb700000, 0x000000076af00000)
  object space 175104K, 1% used [0x00000006c0c00000,0x00000006c0e2c468,0x00000006cb700000)
 Metaspace       used 3604K, capacity 4568K, committed 4864K, reserved 1056768K
  class space    used 380K, capacity 392K, committed 512K, reserved 1048576K
}
Event: 2.274 GC heap before
{Heap before GC invocations=14 (full 0):
 PSYoungGen      total 111616K, used 109216K [0x000000076af00000, 0x0000000775e80000, 0x00000007c0000000)
  eden space 109056K, 100% used [0x000000076af00000,0x0000000771980000,0x0000000771980000)
  from space 2560K, 6% used [0x0000000771980000,0x00000007719a8000,0x0000000771c00000)
  to   space 2560K, 0% used [0x0000000775c00000,0x0000000775c00000,0x0000000775e80000)
 ParOldGen       total 175104K, used 2225K [0x00000006c0c00000, 0x00000006cb700000, 0x000000076af00000)
  object space 175104K, 1% used [0x00000006c0c00000,0x00000006c0e2c468,0x00000006cb700000)
 Metaspace       used 3604K, capacity 4568K, committed 4864K, reserved 1056768K
  class space    used 380K, capacity 392K, committed 512K, reserved 1048576K
Event: 2.274 GC heap after
Heap after GC invocations=14 (full 0):
 PSYoungGen      total 177152K, used 160K [0x000000076af00000, 0x0000000775e80000, 0x00000007c0000000)
  eden space 174592K, 0% used [0x000000076af00000,0x000000076af00000,0x0000000775980000)
  from space 2560K, 6% used [0x0000000775c00000,0x0000000775c28000,0x0000000775e80000)
  to   space 2560K, 0% used [0x0000000775980000,0x0000000775980000,0x0000000775c00000)
 ParOldGen       total 175104K, used 2345K [0x00000006c0c00000, 0x00000006cb700000, 0x000000076af00000)
  object space 175104K, 1% used [0x00000006c0c00000,0x00000006c0e4a468,0x00000006cb700000)
 Metaspace       used 3604K, capacity 4568K, committed 4864K, reserved 1056768K
  class space    used 380K, capacity 392K, committed 512K, reserved 1048576K
}
Event: 2.681 GC heap before
{Heap before GC invocations=15 (full 0):
 PSYoungGen      total 177152K, used 174752K [0x000000076af00000, 0x0000000775e80000, 0x00000007c0000000)
  eden space 174592K, 100% used [0x000000076af00000,0x0000000775980000,0x0000000775980000)
  from space 2560K, 6% used [0x0000000775c00000,0x0000000775c28000,0x0000000775e80000)
  to   space 2560K, 0% used [0x0000000775980000,0x0000000775980000,0x0000000775c00000)
 ParOldGen       total 175104K, used 2345K [0x00000006c0c00000, 0x00000006cb700000, 0x000000076af00000)
  object space 175104K, 1% used [0x00000006c0c00000,0x00000006c0e4a468,0x00000006cb700000)
 Metaspace       used 3610K, capacity 4568K, committed 4864K, reserved 1056768K
  class space    used 380K, capacity 392K, committed 512K, reserved 1048576K
Event: 2.682 GC heap after
Heap after GC invocations=15 (full 0):
 PSYoungGen      total 177152K, used 288K [0x000000076af00000, 0x000000077c500000, 0x00000007c0000000)
  eden space 174592K, 0% used [0x000000076af00000,0x000000076af00000,0x0000000775980000)
  from space 2560K, 11% used [0x0000000775980000,0x00000007759c8000,0x0000000775c00000)
  to   space 2560K, 0% used [0x000000077c280000,0x000000077c280000,0x000000077c500000)
 ParOldGen       total 175104K, used 2473K [0x00000006c0c00000, 0x00000006cb700000, 0x000000076af00000)
  object space 175104K, 1% used [0x00000006c0c00000,0x00000006c0e6a468,0x00000006cb700000)
 Metaspace       used 3610K, capacity 4568K, committed 4864K, reserved 1056768K
  class space    used 380K, capacity 392K, committed 512K, reserved 1048576K
}
Event: 2.994 GC heap before
{Heap before GC invocations=16 (full 0):
 PSYoungGen      total 177152K, used 174880K [0x000000076af00000, 0x000000077c500000, 0x00000007c0000000)
  eden space 174592K, 100% used [0x000000076af00000,0x0000000775980000,0x0000000775980000)
  from space 2560K, 11% used [0x0000000775980000,0x00000007759c8000,0x0000000775c00000)
  to   space 2560K, 0% used [0x000000077c280000,0x000000077c280000,0x000000077c500000)
 ParOldGen       total 175104K, used 2473K [0x00000006c0c00000, 0x00000006cb700000, 0x000000076af00000)
  object space 175104K, 1% used [0x00000006c0c00000,0x00000006c0e6a468,0x00000006cb700000)
 Metaspace       used 3625K, capacity 4568K, committed 4864K, reserved 1056768K
  class space    used 380K, capacity 392K, committed 512K, reserved 1048576K
Event: 2.995 GC heap after
Heap after GC invocations=16 (full 0):
 PSYoungGen      total 282112K, used 256K [0x000000076af00000, 0x000000077c500000, 0x00000007c0000000)
  eden space 279552K, 0% used [0x000000076af00000,0x000000076af00000,0x000000077c000000)
  from space 2560K, 10% used [0x000000077c280000,0x000000077c2c0000,0x000000077c500000)
  to   space 2560K, 0% used [0x000000077c000000,0x000000077c000000,0x000000077c280000)
 ParOldGen       total 175104K, used 2721K [0x00000006c0c00000, 0x00000006cb700000, 0x000000076af00000)
  object space 175104K, 1% used [0x00000006c0c00000,0x00000006c0ea8468,0x00000006cb700000)
 Metaspace       used 3625K, capacity 4568K, committed 4864K, reserved 1056768K
  class space    used 380K, capacity 392K, committed 512K, reserved 1048576K
}

