# JRE version: Java(TM) SE Runtime Environment (8.0_191-b12) (build 1.8.0_191-b12)
# Java VM: Java HotSpot(TM) 64-Bit Server VM (25.191-b12 mixed mode windows-amd64 compressed oops)
Heap:
 PSYoungGen      total 113152K, used 92495K [0x000000076af00000, 0x0000000779780000, 0x00000007c0000000)
  eden space 112640K, 82% used [0x000000076af00000,0x0000000770933cd8,0x0000000771d00000)
  from space 512K, 25% used [0x0000000779700000,0x0000000779720000,0x0000000779780000)
  to   space 1536K, 0% used [0x0000000779480000,0x0000000779480000,0x0000000779600000)
 ParOldGen       total 175104K, used 7693K [0x00000006c0c00000, 0x00000006cb700000, 0x000000076af00000)
  object space 175104K, 4% used [0x00000006c0c00000,0x00000006c1383478,0x00000006cb700000)
 Metaspace       used 4250K, capacity 4704K, committed 4864K, reserved 1056768K
  class space    used 422K, capacity 464K, committed 512K, reserved 1048576K
GC Heap History (10 events):
Event: 9.295 GC heap before
{Heap before GC invocations=30 (full 0):
 PSYoungGen      total 133632K, used 131808K [0x000000076af00000, 0x0000000779b80000, 0x00000007c0000000)
  eden space 131584K, 100% used [0x000000076af00000,0x0000000772f80000,0x0000000772f80000)
  from space 2048K, 10% used [0x0000000779780000,0x00000007797b8000,0x0000000779980000)
  to   space 2048K, 0% used [0x0000000779980000,0x0000000779980000,0x0000000779b80000)
 ParOldGen       total 175104K, used 7021K [0x00000006c0c00000, 0x00000006cb700000, 0x000000076af00000)
  object space 175104K, 4% used [0x00000006c0c00000,0x00000006c12db478,0x00000006cb700000)
 Metaspace       used 4250K, capacity 4704K, committed 4864K, reserved 1056768K
  class space    used 422K, capacity 464K, committed 512K, reserved 1048576K
Event: 9.296 GC heap after
Heap after GC invocations=30 (full 0):
 PSYoungGen      total 128000K, used 160K [0x000000076af00000, 0x0000000779a00000, 0x00000007c0000000)
  eden space 127488K, 0% used [0x000000076af00000,0x000000076af00000,0x0000000772b80000)
  from space 512K, 31% used [0x0000000779980000,0x00000007799a8000,0x0000000779a00000)
  to   space 2048K, 0% used [0x0000000779600000,0x0000000779600000,0x0000000779800000)
 ParOldGen       total 175104K, used 7181K [0x00000006c0c00000, 0x00000006cb700000, 0x000000076af00000)
  object space 175104K, 4% used [0x00000006c0c00000,0x00000006c1303478,0x00000006cb700000)
 Metaspace       used 4250K, capacity 4704K, committed 4864K, reserved 1056768K
  class space    used 422K, capacity 464K, committed 512K, reserved 1048576K
}
Event: 9.561 GC heap before
{Heap before GC invocations=31 (full 0):
 PSYoungGen      total 128000K, used 127648K [0x000000076af00000, 0x0000000779a00000, 0x00000007c0000000)
  eden space 127488K, 100% used [0x000000076af00000,0x0000000772b80000,0x0000000772b80000)
  from space 512K, 31% used [0x0000000779980000,0x00000007799a8000,0x0000000779a00000)
  to   space 2048K, 0% used [0x0000000779600000,0x0000000779600000,0x0000000779800000)
 ParOldGen       total 175104K, used 7181K [0x00000006c0c00000, 0x00000006cb700000, 0x000000076af00000)
  object space 175104K, 4% used [0x00000006c0c00000,0x00000006c1303478,0x00000006cb700000)
 Metaspace       used 4250K, capacity 4704K, committed 4864K, reserved 1056768K
  class space    used 422K, capacity 464K, committed 512K, reserved 1048576K
Event: 9.562 GC heap after
Heap after GC invocations=31 (full 0):
 PSYoungGen      total 125440K, used 160K [0x000000076af00000, 0x0000000779a00000, 0x00000007c0000000)
  eden space 123392K, 0% used [0x000000076af00000,0x000000076af00000,0x0000000772780000)
  from space 2048K, 7% used [0x0000000779600000,0x0000000779628000,0x0000000779800000)
  to   space 2048K, 0% used [0x0000000779800000,0x0000000779800000,0x0000000779a00000)
 ParOldGen       total 175104K, used 7317K [0x00000006c0c00000, 0x00000006cb700000, 0x000000076af00000)
  object space 175104K, 4% used [0x00000006c0c00000,0x00000006c1325478,0x00000006cb700000)
 Metaspace       used 4250K, capacity 4704K, committed 4864K, reserved 1056768K
  class space    used 422K, capacity 464K, committed 512K, reserved 1048576K
}
Event: 9.731 GC heap before
{Heap before GC invocations=32 (full 0):
 PSYoungGen      total 125440K, used 123552K [0x000000076af00000, 0x0000000779a00000, 0x00000007c0000000)
  eden space 123392K, 100% used [0x000000076af00000,0x0000000772780000,0x0000000772780000)
  from space 2048K, 7% used [0x0000000779600000,0x0000000779628000,0x0000000779800000)
  to   space 2048K, 0% used [0x0000000779800000,0x0000000779800000,0x0000000779a00000)
 ParOldGen       total 175104K, used 7317K [0x00000006c0c00000, 0x00000006cb700000, 0x000000076af00000)
  object space 175104K, 4% used [0x00000006c0c00000,0x00000006c1325478,0x00000006cb700000)
 Metaspace       used 4250K, capacity 4704K, committed 4864K, reserved 1056768K
  class space    used 422K, capacity 464K, committed 512K, reserved 1048576K
Event: 9.732 GC heap after
Heap after GC invocations=32 (full 0):
 PSYoungGen      total 120320K, used 192K [0x000000076af00000, 0x0000000779880000, 0x00000007c0000000)
  eden space 119808K, 0% used [0x000000076af00000,0x000000076af00000,0x0000000772400000)
  from space 512K, 37% used [0x0000000779800000,0x0000000779830000,0x0000000779880000)
  to   space 1536K, 0% used [0x0000000779580000,0x0000000779580000,0x0000000779700000)
 ParOldGen       total 175104K, used 7437K [0x00000006c0c00000, 0x00000006cb700000, 0x000000076af00000)
  object space 175104K, 4% used [0x00000006c0c00000,0x00000006c1343478,0x00000006cb700000)
 Metaspace       used 4250K, capacity 4704K, committed 4864K, reserved 1056768K
  class space    used 422K, capacity 464K, committed 512K, reserved 1048576K
}
Event: 9.919 GC heap before
{Heap before GC invocations=33 (full 0):
 PSYoungGen      total 120320K, used 120000K [0x000000076af00000, 0x0000000779880000, 0x00000007c0000000)
  eden space 119808K, 100% used [0x000000076af00000,0x0000000772400000,0x0000000772400000)
  from space 512K, 37% used [0x0000000779800000,0x0000000779830000,0x0000000779880000)
  to   space 1536K, 0% used [0x0000000779580000,0x0000000779580000,0x0000000779700000)
 ParOldGen       total 175104K, used 7437K [0x00000006c0c00000, 0x00000006cb700000, 0x000000076af00000)
  object space 175104K, 4% used [0x00000006c0c00000,0x00000006c1343478,0x00000006cb700000)
 Metaspace       used 4250K, capacity 4704K, committed 4864K, reserved 1056768K
  class space    used 422K, capacity 464K, committed 512K, reserved 1048576K
Event: 9.919 GC heap after
Heap after GC invocations=33 (full 0):
 PSYoungGen      total 117760K, used 160K [0x000000076af00000, 0x0000000779880000, 0x00000007c0000000)
  eden space 116224K, 0% used [0x000000076af00000,0x000000076af00000,0x0000000772080000)
  from space 1536K, 10% used [0x0000000779580000,0x00000007795a8000,0x0000000779700000)
  to   space 1536K, 0% used [0x0000000779700000,0x0000000779700000,0x0000000779880000)
 ParOldGen       total 175104K, used 7573K [0x00000006c0c00000, 0x00000006cb700000, 0x000000076af00000)
  object space 175104K, 4% used [0x00000006c0c00000,0x00000006c1365478,0x00000006cb700000)
 Metaspace       used 4250K, capacity 4704K, committed 4864K, reserved 1056768K
  class space    used 422K, capacity 464K, committed 512K, reserved 1048576K
}
Event: 10.101 GC heap before
{Heap before GC invocations=34 (full 0):
 PSYoungGen      total 117760K, used 116384K [0x000000076af00000, 0x0000000779880000, 0x00000007c0000000)
  eden space 116224K, 100% used [0x000000076af00000,0x0000000772080000,0x0000000772080000)
  from space 1536K, 10% used [0x0000000779580000,0x00000007795a8000,0x0000000779700000)
  to   space 1536K, 0% used [0x0000000779700000,0x0000000779700000,0x0000000779880000)
 ParOldGen       total 175104K, used 7573K [0x00000006c0c00000, 0x00000006cb700000, 0x000000076af00000)
  object space 175104K, 4% used [0x00000006c0c00000,0x00000006c1365478,0x00000006cb700000)
 Metaspace       used 4250K, capacity 4704K, committed 4864K, reserved 1056768K
  class space    used 422K, capacity 464K, committed 512K, reserved 1048576K
Event: 10.101 GC heap after
Heap after GC invocations=34 (full 0):
 PSYoungGen      total 113152K, used 128K [0x000000076af00000, 0x0000000779780000, 0x00000007c0000000)
  eden space 112640K, 0% used [0x000000076af00000,0x000000076af00000,0x0000000771d00000)
  from space 512K, 25% used [0x0000000779700000,0x0000000779720000,0x0000000779780000)
  to   space 1536K, 0% used [0x0000000779480000,0x0000000779480000,0x0000000779600000)
 ParOldGen       total 175104K, used 7693K [0x00000006c0c00000, 0x00000006cb700000, 0x000000076af00000)
  object space 175104K, 4% used [0x00000006c0c00000,0x00000006c1383478,0x00000006cb700000)
 Metaspace       used 4250K, capacity 4704K, committed 4864K, reserved 1056768K
  class space    used 422K, capacity 464K, committed 512K, reserved 1048576K
}

