# JRE version: Java(TM) SE Runtime Environment (8.0_191-b12) (build 1.8.0_191-b12)
# Java VM: Java HotSpot(TM) 64-Bit Server VM (25.191-b12 mixed mode windows-amd64 compressed oops)
Heap:
 PSYoungGen      total 1090048K, used 218533K [0x000000076af00000, 0x00000007bf900000, 0x00000007c0000000)
  eden space 1089024K, 19% used [0x000000076af00000,0x00000007783b1688,0x00000007ad680000)
  from space 1024K, 71% used [0x00000007bf380000,0x00000007bf438000,0x00000007bf480000)
  to   space 3072K, 0% used [0x00000007bf600000,0x00000007bf600000,0x00000007bf900000)
 ParOldGen       total 175104K, used 10049K [0x00000006c0c00000, 0x00000006cb700000, 0x000000076af00000)
  object space 175104K, 5% used [0x00000006c0c00000,0x00000006c15d0488,0x00000006cb700000)
 Metaspace       used 4219K, capacity 4660K, committed 4864K, reserved 1056768K
  class space    used 420K, capacity 432K, committed 512K, reserved 1048576K
GC Heap History (10 events):
Event: 15.588 GC heap before
{Heap before GC invocations=13 (full 0):
 PSYoungGen      total 1390592K, used 1388640K [0x000000076af00000, 0x00000007c0000000, 0x00000007c0000000)
  eden space 1387520K, 100% used [0x000000076af00000,0x00000007bfa00000,0x00000007bfa00000)
  from space 3072K, 36% used [0x00000007bfd00000,0x00000007bfe18000,0x00000007c0000000)
  to   space 3072K, 0% used [0x00000007bfa00000,0x00000007bfa00000,0x00000007bfd00000)
 ParOldGen       total 175104K, used 5921K [0x00000006c0c00000, 0x00000006cb700000, 0x000000076af00000)
  object space 175104K, 3% used [0x00000006c0c00000,0x00000006c11c8488,0x00000006cb700000)
 Metaspace       used 4219K, capacity 4660K, committed 4864K, reserved 1056768K
  class space    used 420K, capacity 432K, committed 512K, reserved 1048576K
Event: 15.590 GC heap after
Heap after GC invocations=13 (full 0):
 PSYoungGen      total 1322496K, used 928K [0x000000076af00000, 0x00000007bfd80000, 0x00000007c0000000)
  eden space 1321472K, 0% used [0x000000076af00000,0x000000076af00000,0x00000007bb980000)
  from space 1024K, 90% used [0x00000007bfa00000,0x00000007bfae8000,0x00000007bfb00000)
  to   space 2560K, 0% used [0x00000007bfb00000,0x00000007bfb00000,0x00000007bfd80000)
 ParOldGen       total 175104K, used 6993K [0x00000006c0c00000, 0x00000006cb700000, 0x000000076af00000)
  object space 175104K, 3% used [0x00000006c0c00000,0x00000006c12d4488,0x00000006cb700000)
 Metaspace       used 4219K, capacity 4660K, committed 4864K, reserved 1056768K
  class space    used 420K, capacity 432K, committed 512K, reserved 1048576K
}
Event: 18.257 GC heap before
{Heap before GC invocations=14 (full 0):
 PSYoungGen      total 1322496K, used 1322400K [0x000000076af00000, 0x00000007bfd80000, 0x00000007c0000000)
  eden space 1321472K, 100% used [0x000000076af00000,0x00000007bb980000,0x00000007bb980000)
  from space 1024K, 90% used [0x00000007bfa00000,0x00000007bfae8000,0x00000007bfb00000)
  to   space 2560K, 0% used [0x00000007bfb00000,0x00000007bfb00000,0x00000007bfd80000)
 ParOldGen       total 175104K, used 6993K [0x00000006c0c00000, 0x00000006cb700000, 0x000000076af00000)
  object space 175104K, 3% used [0x00000006c0c00000,0x00000006c12d4488,0x00000006cb700000)
 Metaspace       used 4219K, capacity 4660K, committed 4864K, reserved 1056768K
  class space    used 420K, capacity 432K, committed 512K, reserved 1048576K
Event: 18.259 GC heap after
Heap after GC invocations=14 (full 0):
 PSYoungGen      total 1260032K, used 832K [0x000000076af00000, 0x00000007bfc00000, 0x00000007c0000000)
  eden space 1259008K, 0% used [0x000000076af00000,0x000000076af00000,0x00000007b7c80000)
  from space 1024K, 81% used [0x00000007bfb00000,0x00000007bfbd0000,0x00000007bfc00000)
  to   space 3072K, 0% used [0x00000007bf600000,0x00000007bf600000,0x00000007bf900000)
 ParOldGen       total 175104K, used 7857K [0x00000006c0c00000, 0x00000006cb700000, 0x000000076af00000)
  object space 175104K, 4% used [0x00000006c0c00000,0x00000006c13ac488,0x00000006cb700000)
 Metaspace       used 4219K, capacity 4660K, committed 4864K, reserved 1056768K
  class space    used 420K, capacity 432K, committed 512K, reserved 1048576K
}
Event: 20.870 GC heap before
{Heap before GC invocations=15 (full 0):
 PSYoungGen      total 1260032K, used 1259840K [0x000000076af00000, 0x00000007bfc00000, 0x00000007c0000000)
  eden space 1259008K, 100% used [0x000000076af00000,0x00000007b7c80000,0x00000007b7c80000)
  from space 1024K, 81% used [0x00000007bfb00000,0x00000007bfbd0000,0x00000007bfc00000)
  to   space 3072K, 0% used [0x00000007bf600000,0x00000007bf600000,0x00000007bf900000)
 ParOldGen       total 175104K, used 7857K [0x00000006c0c00000, 0x00000006cb700000, 0x000000076af00000)
  object space 175104K, 4% used [0x00000006c0c00000,0x00000006c13ac488,0x00000006cb700000)
 Metaspace       used 4219K, capacity 4660K, committed 4864K, reserved 1056768K
  class space    used 420K, capacity 432K, committed 512K, reserved 1048576K
Event: 20.872 GC heap after
Heap after GC invocations=15 (full 0):
 PSYoungGen      total 1200640K, used 800K [0x000000076af00000, 0x00000007bfb80000, 0x00000007c0000000)
  eden space 1199616K, 0% used [0x000000076af00000,0x000000076af00000,0x00000007b4280000)
  from space 1024K, 78% used [0x00000007bf600000,0x00000007bf6c8000,0x00000007bf700000)
  to   space 3072K, 0% used [0x00000007bf880000,0x00000007bf880000,0x00000007bfb80000)
 ParOldGen       total 175104K, used 8649K [0x00000006c0c00000, 0x00000006cb700000, 0x000000076af00000)
  object space 175104K, 4% used [0x00000006c0c00000,0x00000006c1472488,0x00000006cb700000)
 Metaspace       used 4219K, capacity 4660K, committed 4864K, reserved 1056768K
  class space    used 420K, capacity 432K, committed 512K, reserved 1048576K
}
Event: 23.409 GC heap before
{Heap before GC invocations=16 (full 0):
 PSYoungGen      total 1200640K, used 1200416K [0x000000076af00000, 0x00000007bfb80000, 0x00000007c0000000)
  eden space 1199616K, 100% used [0x000000076af00000,0x00000007b4280000,0x00000007b4280000)
  from space 1024K, 78% used [0x00000007bf600000,0x00000007bf6c8000,0x00000007bf700000)
  to   space 3072K, 0% used [0x00000007bf880000,0x00000007bf880000,0x00000007bfb80000)
 ParOldGen       total 175104K, used 8649K [0x00000006c0c00000, 0x00000006cb700000, 0x000000076af00000)
  object space 175104K, 4% used [0x00000006c0c00000,0x00000006c1472488,0x00000006cb700000)
 Metaspace       used 4219K, capacity 4660K, committed 4864K, reserved 1056768K
  class space    used 420K, capacity 432K, committed 512K, reserved 1048576K
Event: 23.411 GC heap after
Heap after GC invocations=16 (full 0):
 PSYoungGen      total 1143808K, used 672K [0x000000076af00000, 0x00000007bf980000, 0x00000007c0000000)
  eden space 1142784K, 0% used [0x000000076af00000,0x000000076af00000,0x00000007b0b00000)
  from space 1024K, 65% used [0x00000007bf880000,0x00000007bf928000,0x00000007bf980000)
  to   space 3072K, 0% used [0x00000007bf380000,0x00000007bf380000,0x00000007bf680000)
 ParOldGen       total 175104K, used 9425K [0x00000006c0c00000, 0x00000006cb700000, 0x000000076af00000)
  object space 175104K, 5% used [0x00000006c0c00000,0x00000006c1534488,0x00000006cb700000)
 Metaspace       used 4219K, capacity 4660K, committed 4864K, reserved 1056768K
  class space    used 420K, capacity 432K, committed 512K, reserved 1048576K
}
Event: 26.065 GC heap before
{Heap before GC invocations=17 (full 0):
 PSYoungGen      total 1143808K, used 1143456K [0x000000076af00000, 0x00000007bf980000, 0x00000007c0000000)
  eden space 1142784K, 100% used [0x000000076af00000,0x00000007b0b00000,0x00000007b0b00000)
  from space 1024K, 65% used [0x00000007bf880000,0x00000007bf928000,0x00000007bf980000)
  to   space 3072K, 0% used [0x00000007bf380000,0x00000007bf380000,0x00000007bf680000)
 ParOldGen       total 175104K, used 9425K [0x00000006c0c00000, 0x00000006cb700000, 0x000000076af00000)
  object space 175104K, 5% used [0x00000006c0c00000,0x00000006c1534488,0x00000006cb700000)
 Metaspace       used 4219K, capacity 4660K, committed 4864K, reserved 1056768K
  class space    used 420K, capacity 432K, committed 512K, reserved 1048576K
Event: 26.067 GC heap after
Heap after GC invocations=17 (full 0):
 PSYoungGen      total 1090048K, used 736K [0x000000076af00000, 0x00000007bf900000, 0x00000007c0000000)
  eden space 1089024K, 0% used [0x000000076af00000,0x000000076af00000,0x00000007ad680000)
  from space 1024K, 71% used [0x00000007bf380000,0x00000007bf438000,0x00000007bf480000)
  to   space 3072K, 0% used [0x00000007bf600000,0x00000007bf600000,0x00000007bf900000)
 ParOldGen       total 175104K, used 10049K [0x00000006c0c00000, 0x00000006cb700000, 0x000000076af00000)
  object space 175104K, 5% used [0x00000006c0c00000,0x00000006c15d0488,0x00000006cb700000)
 Metaspace       used 4219K, capacity 4660K, committed 4864K, reserved 1056768K
  class space    used 420K, capacity 432K, committed 512K, reserved 1048576K
}

