# JRE version: Java(TM) SE Runtime Environment (8.0_191-b12) (build 1.8.0_191-b12)
# Java VM: Java HotSpot(TM) 64-Bit Server VM (25.191-b12 mixed mode windows-amd64 compressed oops)
Heap:
 PSYoungGen      total 958464K, used 77169K [0x000000076af00000, 0x00000007bca80000, 0x00000007c0000000)
  eden space 957440K, 7% used [0x000000076af00000,0x000000076f9cc780,0x00000007a5600000)
  from space 1024K, 56% used [0x00000007bc600000,0x00000007bc690000,0x00000007bc700000)
  to   space 2560K, 0% used [0x00000007bc800000,0x00000007bc800000,0x00000007bca80000)
 ParOldGen       total 175104K, used 9545K [0x00000006c0c00000, 0x00000006cb700000, 0x000000076af00000)
  object space 175104K, 5% used [0x00000006c0c00000,0x00000006c1552498,0x00000006cb700000)
 Metaspace       used 4257K, capacity 4660K, committed 4864K, reserved 1056768K
  class space    used 420K, capacity 432K, committed 512K, reserved 1048576K
GC Heap History (10 events):
Event: 14.248 GC heap before
{Heap before GC invocations=15 (full 0):
 PSYoungGen      total 1219072K, used 1218592K [0x000000076af00000, 0x00000007bcf80000, 0x00000007c0000000)
  eden space 1217536K, 100% used [0x000000076af00000,0x00000007b5400000,0x00000007b5400000)
  from space 1536K, 68% used [0x00000007bce00000,0x00000007bcf08000,0x00000007bcf80000)
  to   space 2560K, 0% used [0x00000007bca80000,0x00000007bca80000,0x00000007bcd00000)
 ParOldGen       total 175104K, used 5745K [0x00000006c0c00000, 0x00000006cb700000, 0x000000076af00000)
  object space 175104K, 3% used [0x00000006c0c00000,0x00000006c119c498,0x00000006cb700000)
 Metaspace       used 4257K, capacity 4660K, committed 4864K, reserved 1056768K
  class space    used 420K, capacity 432K, committed 512K, reserved 1048576K
Event: 14.250 GC heap after
Heap after GC invocations=15 (full 0):
 PSYoungGen      total 1161216K, used 800K [0x000000076af00000, 0x00000007bce80000, 0x00000007c0000000)
  eden space 1160192K, 0% used [0x000000076af00000,0x000000076af00000,0x00000007b1c00000)
  from space 1024K, 78% used [0x00000007bca80000,0x00000007bcb48000,0x00000007bcb80000)
  to   space 2560K, 0% used [0x00000007bcc00000,0x00000007bcc00000,0x00000007bce80000)
 ParOldGen       total 175104K, used 6753K [0x00000006c0c00000, 0x00000006cb700000, 0x000000076af00000)
  object space 175104K, 3% used [0x00000006c0c00000,0x00000006c1298498,0x00000006cb700000)
 Metaspace       used 4257K, capacity 4660K, committed 4864K, reserved 1056768K
  class space    used 420K, capacity 432K, committed 512K, reserved 1048576K
}
Event: 16.519 GC heap before
{Heap before GC invocations=16 (full 0):
 PSYoungGen      total 1161216K, used 1160992K [0x000000076af00000, 0x00000007bce80000, 0x00000007c0000000)
  eden space 1160192K, 100% used [0x000000076af00000,0x00000007b1c00000,0x00000007b1c00000)
  from space 1024K, 78% used [0x00000007bca80000,0x00000007bcb48000,0x00000007bcb80000)
  to   space 2560K, 0% used [0x00000007bcc00000,0x00000007bcc00000,0x00000007bce80000)
 ParOldGen       total 175104K, used 6753K [0x00000006c0c00000, 0x00000006cb700000, 0x000000076af00000)
  object space 175104K, 3% used [0x00000006c0c00000,0x00000006c1298498,0x00000006cb700000)
 Metaspace       used 4257K, capacity 4660K, committed 4864K, reserved 1056768K
  class space    used 420K, capacity 432K, committed 512K, reserved 1048576K
Event: 16.521 GC heap after
Heap after GC invocations=16 (full 0):
 PSYoungGen      total 1106432K, used 768K [0x000000076af00000, 0x00000007bcd00000, 0x00000007c0000000)
  eden space 1105408K, 0% used [0x000000076af00000,0x000000076af00000,0x00000007ae680000)
  from space 1024K, 75% used [0x00000007bcc00000,0x00000007bccc0000,0x00000007bcd00000)
  to   space 2560K, 0% used [0x00000007bc800000,0x00000007bc800000,0x00000007bca80000)
 ParOldGen       total 175104K, used 7505K [0x00000006c0c00000, 0x00000006cb700000, 0x000000076af00000)
  object space 175104K, 4% used [0x00000006c0c00000,0x00000006c1354498,0x00000006cb700000)
 Metaspace       used 4257K, capacity 4660K, committed 4864K, reserved 1056768K
  class space    used 420K, capacity 432K, committed 512K, reserved 1048576K
}
Event: 18.708 GC heap before
{Heap before GC invocations=17 (full 0):
 PSYoungGen      total 1106432K, used 1106176K [0x000000076af00000, 0x00000007bcd00000, 0x00000007c0000000)
  eden space 1105408K, 100% used [0x000000076af00000,0x00000007ae680000,0x00000007ae680000)
  from space 1024K, 75% used [0x00000007bcc00000,0x00000007bccc0000,0x00000007bcd00000)
  to   space 2560K, 0% used [0x00000007bc800000,0x00000007bc800000,0x00000007bca80000)
 ParOldGen       total 175104K, used 7505K [0x00000006c0c00000, 0x00000006cb700000, 0x000000076af00000)
  object space 175104K, 4% used [0x00000006c0c00000,0x00000006c1354498,0x00000006cb700000)
 Metaspace       used 4257K, capacity 4660K, committed 4864K, reserved 1056768K
  class space    used 420K, capacity 432K, committed 512K, reserved 1048576K
Event: 18.710 GC heap after
Heap after GC invocations=17 (full 0):
 PSYoungGen      total 1054720K, used 736K [0x000000076af00000, 0x00000007bcc80000, 0x00000007c0000000)
  eden space 1053696K, 0% used [0x000000076af00000,0x000000076af00000,0x00000007ab400000)
  from space 1024K, 71% used [0x00000007bc800000,0x00000007bc8b8000,0x00000007bc900000)
  to   space 2560K, 0% used [0x00000007bca00000,0x00000007bca00000,0x00000007bcc80000)
 ParOldGen       total 175104K, used 8217K [0x00000006c0c00000, 0x00000006cb700000, 0x000000076af00000)
  object space 175104K, 4% used [0x00000006c0c00000,0x00000006c1406498,0x00000006cb700000)
 Metaspace       used 4257K, capacity 4660K, committed 4864K, reserved 1056768K
  class space    used 420K, capacity 432K, committed 512K, reserved 1048576K
}
Event: 20.920 GC heap before
{Heap before GC invocations=18 (full 0):
 PSYoungGen      total 1054720K, used 1054432K [0x000000076af00000, 0x00000007bcc80000, 0x00000007c0000000)
  eden space 1053696K, 100% used [0x000000076af00000,0x00000007ab400000,0x00000007ab400000)
  from space 1024K, 71% used [0x00000007bc800000,0x00000007bc8b8000,0x00000007bc900000)
  to   space 2560K, 0% used [0x00000007bca00000,0x00000007bca00000,0x00000007bcc80000)
 ParOldGen       total 175104K, used 8217K [0x00000006c0c00000, 0x00000006cb700000, 0x000000076af00000)
  object space 175104K, 4% used [0x00000006c0c00000,0x00000006c1406498,0x00000006cb700000)
 Metaspace       used 4257K, capacity 4660K, committed 4864K, reserved 1056768K
  class space    used 420K, capacity 432K, committed 512K, reserved 1048576K
Event: 20.921 GC heap after
Heap after GC invocations=18 (full 0):
 PSYoungGen      total 1005568K, used 704K [0x000000076af00000, 0x00000007bcb00000, 0x00000007c0000000)
  eden space 1004544K, 0% used [0x000000076af00000,0x000000076af00000,0x00000007a8400000)
  from space 1024K, 68% used [0x00000007bca00000,0x00000007bcab0000,0x00000007bcb00000)
  to   space 2560K, 0% used [0x00000007bc600000,0x00000007bc600000,0x00000007bc880000)
 ParOldGen       total 175104K, used 8881K [0x00000006c0c00000, 0x00000006cb700000, 0x000000076af00000)
  object space 175104K, 5% used [0x00000006c0c00000,0x00000006c14ac498,0x00000006cb700000)
 Metaspace       used 4257K, capacity 4660K, committed 4864K, reserved 1056768K
  class space    used 420K, capacity 432K, committed 512K, reserved 1048576K
}
Event: 23.114 GC heap before
{Heap before GC invocations=19 (full 0):
 PSYoungGen      total 1005568K, used 1005248K [0x000000076af00000, 0x00000007bcb00000, 0x00000007c0000000)
  eden space 1004544K, 100% used [0x000000076af00000,0x00000007a8400000,0x00000007a8400000)
  from space 1024K, 68% used [0x00000007bca00000,0x00000007bcab0000,0x00000007bcb00000)
  to   space 2560K, 0% used [0x00000007bc600000,0x00000007bc600000,0x00000007bc880000)
 ParOldGen       total 175104K, used 8881K [0x00000006c0c00000, 0x00000006cb700000, 0x000000076af00000)
  object space 175104K, 5% used [0x00000006c0c00000,0x00000006c14ac498,0x00000006cb700000)
 Metaspace       used 4257K, capacity 4660K, committed 4864K, reserved 1056768K
  class space    used 420K, capacity 432K, committed 512K, reserved 1048576K
Event: 23.116 GC heap after
Heap after GC invocations=19 (full 0):
 PSYoungGen      total 958464K, used 576K [0x000000076af00000, 0x00000007bca80000, 0x00000007c0000000)
  eden space 957440K, 0% used [0x000000076af00000,0x000000076af00000,0x00000007a5600000)
  from space 1024K, 56% used [0x00000007bc600000,0x00000007bc690000,0x00000007bc700000)
  to   space 2560K, 0% used [0x00000007bc800000,0x00000007bc800000,0x00000007bca80000)
 ParOldGen       total 175104K, used 9545K [0x00000006c0c00000, 0x00000006cb700000, 0x000000076af00000)
  object space 175104K, 5% used [0x00000006c0c00000,0x00000006c1552498,0x00000006cb700000)
 Metaspace       used 4257K, capacity 4660K, committed 4864K, reserved 1056768K
  class space    used 420K, capacity 432K, committed 512K, reserved 1048576K
}

