# JRE version: Java(TM) SE Runtime Environment (8.0_191-b12) (build 1.8.0_191-b12)
# Java VM: Java HotSpot(TM) 64-Bit Server VM (25.191-b12 mixed mode windows-amd64 compressed oops)
Heap:
 PSYoungGen      total 419840K, used 33911K [0x000000076af00000, 0x000000078ae80000, 0x00000007c0000000)
  eden space 419328K, 7% used [0x000000076af00000,0x000000076cfbdeb8,0x0000000784880000)
  from space 512K, 75% used [0x000000078a900000,0x000000078a960000,0x000000078a980000)
  to   space 3072K, 0% used [0x000000078ab80000,0x000000078ab80000,0x000000078ae80000)
 ParOldGen       total 175104K, used 4305K [0x00000006c0c00000, 0x00000006cb700000, 0x000000076af00000)
  object space 175104K, 2% used [0x00000006c0c00000,0x00000006c1034478,0x00000006cb700000)
 Metaspace       used 4246K, capacity 4692K, committed 4864K, reserved 1056768K
  class space    used 422K, capacity 464K, committed 512K, reserved 1048576K
GC Heap History (10 events):
Event: 3.263 GC heap before
{Heap before GC invocations=7 (full 0):
 PSYoungGen      total 527360K, used 526880K [0x000000076af00000, 0x000000078b500000, 0x00000007c0000000)
  eden space 524288K, 100% used [0x000000076af00000,0x000000078af00000,0x000000078af00000)
  from space 3072K, 84% used [0x000000078b200000,0x000000078b488020,0x000000078b500000)
  to   space 3072K, 0% used [0x000000078af00000,0x000000078af00000,0x000000078b200000)
 ParOldGen       total 175104K, used 40K [0x00000006c0c00000, 0x00000006cb700000, 0x000000076af00000)
  object space 175104K, 0% used [0x00000006c0c00000,0x00000006c0c0a000,0x00000006cb700000)
 Metaspace       used 4232K, capacity 4692K, committed 4864K, reserved 1056768K
  class space    used 421K, capacity 464K, committed 512K, reserved 1048576K
Event: 3.266 GC heap after
Heap after GC invocations=7 (full 0):
 PSYoungGen      total 502784K, used 1536K [0x000000076af00000, 0x000000078b280000, 0x00000007c0000000)
  eden space 501248K, 0% used [0x000000076af00000,0x000000076af00000,0x0000000789880000)
  from space 1536K, 100% used [0x000000078af00000,0x000000078b080000,0x000000078b080000)
  to   space 2048K, 0% used [0x000000078b080000,0x000000078b080000,0x000000078b280000)
 ParOldGen       total 175104K, used 1681K [0x00000006c0c00000, 0x00000006cb700000, 0x000000076af00000)
  object space 175104K, 0% used [0x00000006c0c00000,0x00000006c0da4468,0x00000006cb700000)
 Metaspace       used 4232K, capacity 4692K, committed 4864K, reserved 1056768K
  class space    used 421K, capacity 464K, committed 512K, reserved 1048576K
}
Event: 4.095 GC heap before
{Heap before GC invocations=8 (full 0):
 PSYoungGen      total 502784K, used 502784K [0x000000076af00000, 0x000000078b280000, 0x00000007c0000000)
  eden space 501248K, 100% used [0x000000076af00000,0x0000000789880000,0x0000000789880000)
  from space 1536K, 100% used [0x000000078af00000,0x000000078b080000,0x000000078b080000)
  to   space 2048K, 0% used [0x000000078b080000,0x000000078b080000,0x000000078b280000)
 ParOldGen       total 175104K, used 1681K [0x00000006c0c00000, 0x00000006cb700000, 0x000000076af00000)
  object space 175104K, 0% used [0x00000006c0c00000,0x00000006c0da4468,0x00000006cb700000)
 Metaspace       used 4246K, capacity 4692K, committed 4864K, reserved 1056768K
  class space    used 422K, capacity 464K, committed 512K, reserved 1048576K
Event: 4.097 GC heap after
Heap after GC invocations=8 (full 0):
 PSYoungGen      total 480768K, used 1472K [0x000000076af00000, 0x000000078b200000, 0x00000007c0000000)
  eden space 479232K, 0% used [0x000000076af00000,0x000000076af00000,0x0000000788300000)
  from space 1536K, 95% used [0x000000078b080000,0x000000078b1f0000,0x000000078b200000)
  to   space 3072K, 0% used [0x000000078ac00000,0x000000078ac00000,0x000000078af00000)
 ParOldGen       total 175104K, used 2137K [0x00000006c0c00000, 0x00000006cb700000, 0x000000076af00000)
  object space 175104K, 1% used [0x00000006c0c00000,0x00000006c0e16468,0x00000006cb700000)
 Metaspace       used 4246K, capacity 4692K, committed 4864K, reserved 1056768K
  class space    used 422K, capacity 464K, committed 512K, reserved 1048576K
}
Event: 4.795 GC heap before
{Heap before GC invocations=9 (full 0):
 PSYoungGen      total 480768K, used 480704K [0x000000076af00000, 0x000000078b200000, 0x00000007c0000000)
  eden space 479232K, 100% used [0x000000076af00000,0x0000000788300000,0x0000000788300000)
  from space 1536K, 95% used [0x000000078b080000,0x000000078b1f0000,0x000000078b200000)
  to   space 3072K, 0% used [0x000000078ac00000,0x000000078ac00000,0x000000078af00000)
 ParOldGen       total 175104K, used 2137K [0x00000006c0c00000, 0x00000006cb700000, 0x000000076af00000)
  object space 175104K, 1% used [0x00000006c0c00000,0x00000006c0e16468,0x00000006cb700000)
 Metaspace       used 4246K, capacity 4692K, committed 4864K, reserved 1056768K
  class space    used 422K, capacity 464K, committed 512K, reserved 1048576K
Event: 4.796 GC heap after
Heap after GC invocations=9 (full 0):
 PSYoungGen      total 459776K, used 1312K [0x000000076af00000, 0x000000078b100000, 0x00000007c0000000)
  eden space 458240K, 0% used [0x000000076af00000,0x000000076af00000,0x0000000786e80000)
  from space 1536K, 85% used [0x000000078ac00000,0x000000078ad48000,0x000000078ad80000)
  to   space 3072K, 0% used [0x000000078ae00000,0x000000078ae00000,0x000000078b100000)
 ParOldGen       total 175104K, used 2633K [0x00000006c0c00000, 0x00000006cb700000, 0x000000076af00000)
  object space 175104K, 1% used [0x00000006c0c00000,0x00000006c0e92478,0x00000006cb700000)
 Metaspace       used 4246K, capacity 4692K, committed 4864K, reserved 1056768K
  class space    used 422K, capacity 464K, committed 512K, reserved 1048576K
}
Event: 5.533 GC heap before
{Heap before GC invocations=10 (full 0):
 PSYoungGen      total 459776K, used 459552K [0x000000076af00000, 0x000000078b100000, 0x00000007c0000000)
  eden space 458240K, 100% used [0x000000076af00000,0x0000000786e80000,0x0000000786e80000)
  from space 1536K, 85% used [0x000000078ac00000,0x000000078ad48000,0x000000078ad80000)
  to   space 3072K, 0% used [0x000000078ae00000,0x000000078ae00000,0x000000078b100000)
 ParOldGen       total 175104K, used 2633K [0x00000006c0c00000, 0x00000006cb700000, 0x000000076af00000)
  object space 175104K, 1% used [0x00000006c0c00000,0x00000006c0e92478,0x00000006cb700000)
 Metaspace       used 4246K, capacity 4692K, committed 4864K, reserved 1056768K
  class space    used 422K, capacity 464K, committed 512K, reserved 1048576K
Event: 5.534 GC heap after
Heap after GC invocations=10 (full 0):
 PSYoungGen      total 439296K, used 768K [0x000000076af00000, 0x000000078af00000, 0x00000007c0000000)
  eden space 438272K, 0% used [0x000000076af00000,0x000000076af00000,0x0000000785b00000)
  from space 1024K, 75% used [0x000000078ae00000,0x000000078aec0000,0x000000078af00000)
  to   space 3072K, 0% used [0x000000078a900000,0x000000078a900000,0x000000078ac00000)
 ParOldGen       total 175104K, used 3553K [0x00000006c0c00000, 0x00000006cb700000, 0x000000076af00000)
  object space 175104K, 2% used [0x00000006c0c00000,0x00000006c0f78478,0x00000006cb700000)
 Metaspace       used 4246K, capacity 4692K, committed 4864K, reserved 1056768K
  class space    used 422K, capacity 464K, committed 512K, reserved 1048576K
}
Event: 6.192 GC heap before
{Heap before GC invocations=11 (full 0):
 PSYoungGen      total 439296K, used 439040K [0x000000076af00000, 0x000000078af00000, 0x00000007c0000000)
  eden space 438272K, 100% used [0x000000076af00000,0x0000000785b00000,0x0000000785b00000)
  from space 1024K, 75% used [0x000000078ae00000,0x000000078aec0000,0x000000078af00000)
  to   space 3072K, 0% used [0x000000078a900000,0x000000078a900000,0x000000078ac00000)
 ParOldGen       total 175104K, used 3553K [0x00000006c0c00000, 0x00000006cb700000, 0x000000076af00000)
  object space 175104K, 2% used [0x00000006c0c00000,0x00000006c0f78478,0x00000006cb700000)
 Metaspace       used 4246K, capacity 4692K, committed 4864K, reserved 1056768K
  class space    used 422K, capacity 464K, committed 512K, reserved 1048576K
Event: 6.193 GC heap after
Heap after GC invocations=11 (full 0):
 PSYoungGen      total 419840K, used 384K [0x000000076af00000, 0x000000078ae80000, 0x00000007c0000000)
  eden space 419328K, 0% used [0x000000076af00000,0x000000076af00000,0x0000000784880000)
  from space 512K, 75% used [0x000000078a900000,0x000000078a960000,0x000000078a980000)
  to   space 3072K, 0% used [0x000000078ab80000,0x000000078ab80000,0x000000078ae80000)
 ParOldGen       total 175104K, used 4305K [0x00000006c0c00000, 0x00000006cb700000, 0x000000076af00000)
  object space 175104K, 2% used [0x00000006c0c00000,0x00000006c1034478,0x00000006cb700000)
 Metaspace       used 4246K, capacity 4692K, committed 4864K, reserved 1056768K
  class space    used 422K, capacity 464K, committed 512K, reserved 1048576K
}

