# JRE version: Java(TM) SE Runtime Environment (8.0_191-b12) (build 1.8.0_191-b12)
# Java VM: Java HotSpot(TM) 64-Bit Server VM (25.191-b12 mixed mode windows-amd64 compressed oops)
Heap:
 PSYoungGen      total 52736K, used 34596K [0x00000000d5980000, 0x00000000e4a00000, 0x0000000100000000)
  eden space 52224K, 66% used [0x00000000d5980000,0x00000000d7b29328,0x00000000d8c80000)
  from space 512K, 25% used [0x00000000e4980000,0x00000000e49a0000,0x00000000e4a00000)
  to   space 512K, 0% used [0x00000000e4900000,0x00000000e4900000,0x00000000e4980000)
 ParOldGen       total 87552K, used 9760K [0x0000000080c00000, 0x0000000086180000, 0x00000000d5980000)
  object space 87552K, 11% used [0x0000000080c00000,0x00000000815880a0,0x0000000086180000)
 Metaspace       used 3221K, capacity 4566K, committed 4864K, reserved 1056768K
  class space    used 323K, capacity 390K, committed 512K, reserved 1048576K
GC Heap History (10 events):
Event: 18.481 GC heap before
{Heap before GC invocations=96 (full 0):
 PSYoungGen      total 60416K, used 60032K [0x00000000d5980000, 0x00000000e4a00000, 0x0000000100000000)
  eden space 59904K, 100% used [0x00000000d5980000,0x00000000d9400000,0x00000000d9400000)
  from space 512K, 25% used [0x00000000e4900000,0x00000000e4920000,0x00000000e4980000)
  to   space 512K, 0% used [0x00000000e4980000,0x00000000e4980000,0x00000000e4a00000)
 ParOldGen       total 87552K, used 9496K [0x0000000080c00000, 0x0000000086180000, 0x00000000d5980000)
  object space 87552K, 10% used [0x0000000080c00000,0x00000000815460a0,0x0000000086180000)
 Metaspace       used 3221K, capacity 4566K, committed 4864K, reserved 1056768K
  class space    used 323K, capacity 390K, committed 512K, reserved 1048576K
Event: 18.482 GC heap after
Heap after GC invocations=96 (full 0):
 PSYoungGen      total 58880K, used 128K [0x00000000d5980000, 0x00000000e4a00000, 0x0000000100000000)
  eden space 58368K, 0% used [0x00000000d5980000,0x00000000d5980000,0x00000000d9280000)
  from space 512K, 25% used [0x00000000e4980000,0x00000000e49a0000,0x00000000e4a00000)
  to   space 512K, 0% used [0x00000000e4900000,0x00000000e4900000,0x00000000e4980000)
 ParOldGen       total 87552K, used 9560K [0x0000000080c00000, 0x0000000086180000, 0x00000000d5980000)
  object space 87552K, 10% used [0x0000000080c00000,0x00000000815560a0,0x0000000086180000)
 Metaspace       used 3221K, capacity 4566K, committed 4864K, reserved 1056768K
  class space    used 323K, capacity 390K, committed 512K, reserved 1048576K
}
Event: 18.582 GC heap before
{Heap before GC invocations=97 (full 0):
 PSYoungGen      total 58880K, used 58496K [0x00000000d5980000, 0x00000000e4a00000, 0x0000000100000000)
  eden space 58368K, 100% used [0x00000000d5980000,0x00000000d9280000,0x00000000d9280000)
  from space 512K, 25% used [0x00000000e4980000,0x00000000e49a0000,0x00000000e4a00000)
  to   space 512K, 0% used [0x00000000e4900000,0x00000000e4900000,0x00000000e4980000)
 ParOldGen       total 87552K, used 9560K [0x0000000080c00000, 0x0000000086180000, 0x00000000d5980000)
  object space 87552K, 10% used [0x0000000080c00000,0x00000000815560a0,0x0000000086180000)
 Metaspace       used 3221K, capacity 4566K, committed 4864K, reserved 1056768K
  class space    used 323K, capacity 390K, committed 512K, reserved 1048576K
Event: 18.583 GC heap after
Heap after GC invocations=97 (full 0):
 PSYoungGen      total 57344K, used 128K [0x00000000d5980000, 0x00000000e4a00000, 0x0000000100000000)
  eden space 56832K, 0% used [0x00000000d5980000,0x00000000d5980000,0x00000000d9100000)
  from space 512K, 25% used [0x00000000e4900000,0x00000000e4920000,0x00000000e4980000)
  to   space 512K, 0% used [0x00000000e4980000,0x00000000e4980000,0x00000000e4a00000)
 ParOldGen       total 87552K, used 9608K [0x0000000080c00000, 0x0000000086180000, 0x00000000d5980000)
  object space 87552K, 10% used [0x0000000080c00000,0x00000000815620a0,0x0000000086180000)
 Metaspace       used 3221K, capacity 4566K, committed 4864K, reserved 1056768K
  class space    used 323K, capacity 390K, committed 512K, reserved 1048576K
}
Event: 18.717 GC heap before
{Heap before GC invocations=98 (full 0):
 PSYoungGen      total 57344K, used 56960K [0x00000000d5980000, 0x00000000e4a00000, 0x0000000100000000)
  eden space 56832K, 100% used [0x00000000d5980000,0x00000000d9100000,0x00000000d9100000)
  from space 512K, 25% used [0x00000000e4900000,0x00000000e4920000,0x00000000e4980000)
  to   space 512K, 0% used [0x00000000e4980000,0x00000000e4980000,0x00000000e4a00000)
 ParOldGen       total 87552K, used 9608K [0x0000000080c00000, 0x0000000086180000, 0x00000000d5980000)
  object space 87552K, 10% used [0x0000000080c00000,0x00000000815620a0,0x0000000086180000)
 Metaspace       used 3221K, capacity 4566K, committed 4864K, reserved 1056768K
  class space    used 323K, capacity 390K, committed 512K, reserved 1048576K
Event: 18.718 GC heap after
Heap after GC invocations=98 (full 0):
 PSYoungGen      total 55808K, used 128K [0x00000000d5980000, 0x00000000e4a00000, 0x0000000100000000)
  eden space 55296K, 0% used [0x00000000d5980000,0x00000000d5980000,0x00000000d8f80000)
  from space 512K, 25% used [0x00000000e4980000,0x00000000e49a0000,0x00000000e4a00000)
  to   space 512K, 0% used [0x00000000e4900000,0x00000000e4900000,0x00000000e4980000)
 ParOldGen       total 87552K, used 9672K [0x0000000080c00000, 0x0000000086180000, 0x00000000d5980000)
  object space 87552K, 11% used [0x0000000080c00000,0x00000000815720a0,0x0000000086180000)
 Metaspace       used 3221K, capacity 4566K, committed 4864K, reserved 1056768K
  class space    used 323K, capacity 390K, committed 512K, reserved 1048576K
}
Event: 18.833 GC heap before
{Heap before GC invocations=99 (full 0):
 PSYoungGen      total 55808K, used 55424K [0x00000000d5980000, 0x00000000e4a00000, 0x0000000100000000)
  eden space 55296K, 100% used [0x00000000d5980000,0x00000000d8f80000,0x00000000d8f80000)
  from space 512K, 25% used [0x00000000e4980000,0x00000000e49a0000,0x00000000e4a00000)
  to   space 512K, 0% used [0x00000000e4900000,0x00000000e4900000,0x00000000e4980000)
 ParOldGen       total 87552K, used 9672K [0x0000000080c00000, 0x0000000086180000, 0x00000000d5980000)
  object space 87552K, 11% used [0x0000000080c00000,0x00000000815720a0,0x0000000086180000)
 Metaspace       used 3221K, capacity 4566K, committed 4864K, reserved 1056768K
  class space    used 323K, capacity 390K, committed 512K, reserved 1048576K
Event: 18.834 GC heap after
Heap after GC invocations=99 (full 0):
 PSYoungGen      total 54272K, used 128K [0x00000000d5980000, 0x00000000e4a00000, 0x0000000100000000)
  eden space 53760K, 0% used [0x00000000d5980000,0x00000000d5980000,0x00000000d8e00000)
  from space 512K, 25% used [0x00000000e4900000,0x00000000e4920000,0x00000000e4980000)
  to   space 512K, 0% used [0x00000000e4980000,0x00000000e4980000,0x00000000e4a00000)
 ParOldGen       total 87552K, used 9720K [0x0000000080c00000, 0x0000000086180000, 0x00000000d5980000)
  object space 87552K, 11% used [0x0000000080c00000,0x000000008157e0a0,0x0000000086180000)
 Metaspace       used 3221K, capacity 4566K, committed 4864K, reserved 1056768K
  class space    used 323K, capacity 390K, committed 512K, reserved 1048576K
}
Event: 18.929 GC heap before
{Heap before GC invocations=100 (full 0):
 PSYoungGen      total 54272K, used 53888K [0x00000000d5980000, 0x00000000e4a00000, 0x0000000100000000)
  eden space 53760K, 100% used [0x00000000d5980000,0x00000000d8e00000,0x00000000d8e00000)
  from space 512K, 25% used [0x00000000e4900000,0x00000000e4920000,0x00000000e4980000)
  to   space 512K, 0% used [0x00000000e4980000,0x00000000e4980000,0x00000000e4a00000)
 ParOldGen       total 87552K, used 9720K [0x0000000080c00000, 0x0000000086180000, 0x00000000d5980000)
  object space 87552K, 11% used [0x0000000080c00000,0x000000008157e0a0,0x0000000086180000)
 Metaspace       used 3221K, capacity 4566K, committed 4864K, reserved 1056768K
  class space    used 323K, capacity 390K, committed 512K, reserved 1048576K
Event: 18.930 GC heap after
Heap after GC invocations=100 (full 0):
 PSYoungGen      total 52736K, used 128K [0x00000000d5980000, 0x00000000e4a00000, 0x0000000100000000)
  eden space 52224K, 0% used [0x00000000d5980000,0x00000000d5980000,0x00000000d8c80000)
  from space 512K, 25% used [0x00000000e4980000,0x00000000e49a0000,0x00000000e4a00000)
  to   space 512K, 0% used [0x00000000e4900000,0x00000000e4900000,0x00000000e4980000)
 ParOldGen       total 87552K, used 9760K [0x0000000080c00000, 0x0000000086180000, 0x00000000d5980000)
  object space 87552K, 11% used [0x0000000080c00000,0x00000000815880a0,0x0000000086180000)
 Metaspace       used 3221K, capacity 4566K, committed 4864K, reserved 1056768K
  class space    used 323K, capacity 390K, committed 512K, reserved 1048576K
}

