# JRE version: Java(TM) SE Runtime Environment (8.0_191-b12) (build 1.8.0_191-b12)
# Java VM: Java HotSpot(TM) 64-Bit Server VM (25.191-b12 mixed mode windows-amd64 compressed oops)
Heap:
 PSYoungGen      total 96768K, used 77135K [0x00000000d5980000, 0x00000000e9400000, 0x0000000100000000)
  eden space 96256K, 80% used [0x00000000d5980000,0x00000000da4b3c48,0x00000000db780000)
  from space 512K, 25% used [0x00000000e9380000,0x00000000e93a0000,0x00000000e9400000)
  to   space 512K, 0% used [0x00000000e9300000,0x00000000e9300000,0x00000000e9380000)
 ParOldGen       total 87552K, used 9857K [0x0000000080c00000, 0x0000000086180000, 0x00000000d5980000)
  object space 87552K, 11% used [0x0000000080c00000,0x00000000815a0488,0x0000000086180000)
 Metaspace       used 3627K, capacity 4568K, committed 4864K, reserved 1056768K
  class space    used 381K, capacity 392K, committed 512K, reserved 1048576K
GC Heap History (10 events):
Event: 14.558 GC heap before
{Heap before GC invocations=58 (full 0):
 PSYoungGen      total 58880K, used 58496K [0x00000000d5980000, 0x00000000e9400000, 0x0000000100000000)
  eden space 58368K, 100% used [0x00000000d5980000,0x00000000d9280000,0x00000000d9280000)
  from space 512K, 25% used [0x00000000e9300000,0x00000000e9320000,0x00000000e9380000)
  to   space 512K, 0% used [0x00000000e9380000,0x00000000e9380000,0x00000000e9400000)
 ParOldGen       total 87552K, used 9577K [0x0000000080c00000, 0x0000000086180000, 0x00000000d5980000)
  object space 87552K, 10% used [0x0000000080c00000,0x000000008155a488,0x0000000086180000)
 Metaspace       used 3627K, capacity 4568K, committed 4864K, reserved 1056768K
  class space    used 381K, capacity 392K, committed 512K, reserved 1048576K
Event: 14.559 GC heap after
Heap after GC invocations=58 (full 0):
 PSYoungGen      total 57344K, used 96K [0x00000000d5980000, 0x00000000e9400000, 0x0000000100000000)
  eden space 56832K, 0% used [0x00000000d5980000,0x00000000d5980000,0x00000000d9100000)
  from space 512K, 18% used [0x00000000e9380000,0x00000000e9398000,0x00000000e9400000)
  to   space 512K, 0% used [0x00000000e9300000,0x00000000e9300000,0x00000000e9380000)
 ParOldGen       total 87552K, used 9633K [0x0000000080c00000, 0x0000000086180000, 0x00000000d5980000)
  object space 87552K, 11% used [0x0000000080c00000,0x0000000081568488,0x0000000086180000)
 Metaspace       used 3627K, capacity 4568K, committed 4864K, reserved 1056768K
  class space    used 381K, capacity 392K, committed 512K, reserved 1048576K
}
Event: 14.665 GC heap before
{Heap before GC invocations=59 (full 0):
 PSYoungGen      total 57344K, used 56928K [0x00000000d5980000, 0x00000000e9400000, 0x0000000100000000)
  eden space 56832K, 100% used [0x00000000d5980000,0x00000000d9100000,0x00000000d9100000)
  from space 512K, 18% used [0x00000000e9380000,0x00000000e9398000,0x00000000e9400000)
  to   space 512K, 0% used [0x00000000e9300000,0x00000000e9300000,0x00000000e9380000)
 ParOldGen       total 87552K, used 9633K [0x0000000080c00000, 0x0000000086180000, 0x00000000d5980000)
  object space 87552K, 11% used [0x0000000080c00000,0x0000000081568488,0x0000000086180000)
 Metaspace       used 3627K, capacity 4568K, committed 4864K, reserved 1056768K
  class space    used 381K, capacity 392K, committed 512K, reserved 1048576K
Event: 14.665 GC heap after
Heap after GC invocations=59 (full 0):
 PSYoungGen      total 55808K, used 128K [0x00000000d5980000, 0x00000000e9400000, 0x0000000100000000)
  eden space 55296K, 0% used [0x00000000d5980000,0x00000000d5980000,0x00000000d8f80000)
  from space 512K, 25% used [0x00000000e9300000,0x00000000e9320000,0x00000000e9380000)
  to   space 512K, 0% used [0x00000000e9380000,0x00000000e9380000,0x00000000e9400000)
 ParOldGen       total 87552K, used 9681K [0x0000000080c00000, 0x0000000086180000, 0x00000000d5980000)
  object space 87552K, 11% used [0x0000000080c00000,0x0000000081574488,0x0000000086180000)
 Metaspace       used 3627K, capacity 4568K, committed 4864K, reserved 1056768K
  class space    used 381K, capacity 392K, committed 512K, reserved 1048576K
}
Event: 14.764 GC heap before
{Heap before GC invocations=60 (full 0):
 PSYoungGen      total 55808K, used 55424K [0x00000000d5980000, 0x00000000e9400000, 0x0000000100000000)
  eden space 55296K, 100% used [0x00000000d5980000,0x00000000d8f80000,0x00000000d8f80000)
  from space 512K, 25% used [0x00000000e9300000,0x00000000e9320000,0x00000000e9380000)
  to   space 512K, 0% used [0x00000000e9380000,0x00000000e9380000,0x00000000e9400000)
 ParOldGen       total 87552K, used 9681K [0x0000000080c00000, 0x0000000086180000, 0x00000000d5980000)
  object space 87552K, 11% used [0x0000000080c00000,0x0000000081574488,0x0000000086180000)
 Metaspace       used 3627K, capacity 4568K, committed 4864K, reserved 1056768K
  class space    used 381K, capacity 392K, committed 512K, reserved 1048576K
Event: 14.773 GC heap after
Heap after GC invocations=60 (full 0):
 PSYoungGen      total 67072K, used 96K [0x00000000d5980000, 0x00000000e9400000, 0x0000000100000000)
  eden space 66560K, 0% used [0x00000000d5980000,0x00000000d5980000,0x00000000d9a80000)
  from space 512K, 18% used [0x00000000e9380000,0x00000000e9398000,0x00000000e9400000)
  to   space 512K, 0% used [0x00000000e9300000,0x00000000e9300000,0x00000000e9380000)
 ParOldGen       total 87552K, used 9737K [0x0000000080c00000, 0x0000000086180000, 0x00000000d5980000)
  object space 87552K, 11% used [0x0000000080c00000,0x0000000081582488,0x0000000086180000)
 Metaspace       used 3627K, capacity 4568K, committed 4864K, reserved 1056768K
  class space    used 381K, capacity 392K, committed 512K, reserved 1048576K
}
Event: 14.892 GC heap before
{Heap before GC invocations=61 (full 0):
 PSYoungGen      total 67072K, used 66656K [0x00000000d5980000, 0x00000000e9400000, 0x0000000100000000)
  eden space 66560K, 100% used [0x00000000d5980000,0x00000000d9a80000,0x00000000d9a80000)
  from space 512K, 18% used [0x00000000e9380000,0x00000000e9398000,0x00000000e9400000)
  to   space 512K, 0% used [0x00000000e9300000,0x00000000e9300000,0x00000000e9380000)
 ParOldGen       total 87552K, used 9737K [0x0000000080c00000, 0x0000000086180000, 0x00000000d5980000)
  object space 87552K, 11% used [0x0000000080c00000,0x0000000081582488,0x0000000086180000)
 Metaspace       used 3627K, capacity 4568K, committed 4864K, reserved 1056768K
  class space    used 381K, capacity 392K, committed 512K, reserved 1048576K
Event: 14.893 GC heap after
Heap after GC invocations=61 (full 0):
 PSYoungGen      total 80384K, used 128K [0x00000000d5980000, 0x00000000e9400000, 0x0000000100000000)
  eden space 79872K, 0% used [0x00000000d5980000,0x00000000d5980000,0x00000000da780000)
  from space 512K, 25% used [0x00000000e9300000,0x00000000e9320000,0x00000000e9380000)
  to   space 512K, 0% used [0x00000000e9380000,0x00000000e9380000,0x00000000e9400000)
 ParOldGen       total 87552K, used 9801K [0x0000000080c00000, 0x0000000086180000, 0x00000000d5980000)
  object space 87552K, 11% used [0x0000000080c00000,0x0000000081592488,0x0000000086180000)
 Metaspace       used 3627K, capacity 4568K, committed 4864K, reserved 1056768K
  class space    used 381K, capacity 392K, committed 512K, reserved 1048576K
}
Event: 15.153 GC heap before
{Heap before GC invocations=62 (full 0):
 PSYoungGen      total 80384K, used 80000K [0x00000000d5980000, 0x00000000e9400000, 0x0000000100000000)
  eden space 79872K, 100% used [0x00000000d5980000,0x00000000da780000,0x00000000da780000)
  from space 512K, 25% used [0x00000000e9300000,0x00000000e9320000,0x00000000e9380000)
  to   space 512K, 0% used [0x00000000e9380000,0x00000000e9380000,0x00000000e9400000)
 ParOldGen       total 87552K, used 9801K [0x0000000080c00000, 0x0000000086180000, 0x00000000d5980000)
  object space 87552K, 11% used [0x0000000080c00000,0x0000000081592488,0x0000000086180000)
 Metaspace       used 3627K, capacity 4568K, committed 4864K, reserved 1056768K
  class space    used 381K, capacity 392K, committed 512K, reserved 1048576K
Event: 15.154 GC heap after
Heap after GC invocations=62 (full 0):
 PSYoungGen      total 96768K, used 128K [0x00000000d5980000, 0x00000000e9400000, 0x0000000100000000)
  eden space 96256K, 0% used [0x00000000d5980000,0x00000000d5980000,0x00000000db780000)
  from space 512K, 25% used [0x00000000e9380000,0x00000000e93a0000,0x00000000e9400000)
  to   space 512K, 0% used [0x00000000e9300000,0x00000000e9300000,0x00000000e9380000)
 ParOldGen       total 87552K, used 9857K [0x0000000080c00000, 0x0000000086180000, 0x00000000d5980000)
  object space 87552K, 11% used [0x0000000080c00000,0x00000000815a0488,0x0000000086180000)
 Metaspace       used 3627K, capacity 4568K, committed 4864K, reserved 1056768K
  class space    used 381K, capacity 392K, committed 512K, reserved 1048576K
}

