# JRE version: Java(TM) SE Runtime Environment (8.0_191-b12) (build 1.8.0_191-b12)
# Java VM: Java HotSpot(TM) 64-Bit Server VM (25.191-b12 mixed mode windows-amd64 compressed oops)
Heap:
 PSYoungGen      total 729088K, used 189809K [0x000000076af00000, 0x00000007bcf00000, 0x00000007c0000000)
  eden space 728064K, 25% used [0x000000076af00000,0x00000007767cc420,0x0000000797600000)
  from space 1024K, 56% used [0x00000007bce00000,0x00000007bce90000,0x00000007bcf00000)
  to   space 2560K, 0% used [0x00000007bca00000,0x00000007bca00000,0x00000007bcc80000)
 ParOldGen       total 175104K, used 5405K [0x00000006c0c00000, 0x00000006cb700000, 0x000000076af00000)
  object space 175104K, 3% used [0x00000006c0c00000,0x00000006c1147478,0x00000006cb700000)
 Metaspace       used 4238K, capacity 4660K, committed 4864K, reserved 1056768K
  class space    used 420K, capacity 432K, committed 512K, reserved 1048576K
GC Heap History (10 events):
Event: 4.448 GC heap before
{Heap before GC invocations=10 (full 0):
 PSYoungGen      total 526848K, used 524832K [0x000000076af00000, 0x000000079e780000, 0x00000007c0000000)
  eden space 523776K, 100% used [0x000000076af00000,0x000000078ae80000,0x000000078ae80000)
  from space 3072K, 34% used [0x000000078ae80000,0x000000078af88000,0x000000078b180000)
  to   space 3072K, 0% used [0x000000079e480000,0x000000079e480000,0x000000079e780000)
 ParOldGen       total 175104K, used 2181K [0x00000006c0c00000, 0x00000006cb700000, 0x000000076af00000)
  object space 175104K, 1% used [0x00000006c0c00000,0x00000006c0e21468,0x00000006cb700000)
 Metaspace       used 4238K, capacity 4660K, committed 4864K, reserved 1056768K
  class space    used 420K, capacity 432K, committed 512K, reserved 1048576K
Event: 4.453 GC heap after
Heap after GC invocations=10 (full 0):
 PSYoungGen      total 841216K, used 896K [0x000000076af00000, 0x000000079e780000, 0x00000007c0000000)
  eden space 838144K, 0% used [0x000000076af00000,0x000000076af00000,0x000000079e180000)
  from space 3072K, 29% used [0x000000079e480000,0x000000079e560000,0x000000079e780000)
  to   space 3072K, 0% used [0x000000079e180000,0x000000079e180000,0x000000079e480000)
 ParOldGen       total 175104K, used 2661K [0x00000006c0c00000, 0x00000006cb700000, 0x000000076af00000)
  object space 175104K, 1% used [0x00000006c0c00000,0x00000006c0e99468,0x00000006cb700000)
 Metaspace       used 4238K, capacity 4660K, committed 4864K, reserved 1056768K
  class space    used 420K, capacity 432K, committed 512K, reserved 1048576K
}
Event: 5.831 GC heap before
{Heap before GC invocations=11 (full 0):
 PSYoungGen      total 841216K, used 839040K [0x000000076af00000, 0x000000079e780000, 0x00000007c0000000)
  eden space 838144K, 100% used [0x000000076af00000,0x000000079e180000,0x000000079e180000)
  from space 3072K, 29% used [0x000000079e480000,0x000000079e560000,0x000000079e780000)
  to   space 3072K, 0% used [0x000000079e180000,0x000000079e180000,0x000000079e480000)
 ParOldGen       total 175104K, used 2661K [0x00000006c0c00000, 0x00000006cb700000, 0x000000076af00000)
  object space 175104K, 1% used [0x00000006c0c00000,0x00000006c0e99468,0x00000006cb700000)
 Metaspace       used 4238K, capacity 4660K, committed 4864K, reserved 1056768K
  class space    used 420K, capacity 432K, committed 512K, reserved 1048576K
Event: 5.834 GC heap after
Heap after GC invocations=11 (full 0):
 PSYoungGen      total 841216K, used 768K [0x000000076af00000, 0x00000007bd300000, 0x00000007c0000000)
  eden space 838144K, 0% used [0x000000076af00000,0x000000076af00000,0x000000079e180000)
  from space 3072K, 25% used [0x000000079e180000,0x000000079e240000,0x000000079e480000)
  to   space 3072K, 0% used [0x00000007bd000000,0x00000007bd000000,0x00000007bd300000)
 ParOldGen       total 175104K, used 3509K [0x00000006c0c00000, 0x00000006cb700000, 0x000000076af00000)
  object space 175104K, 2% used [0x00000006c0c00000,0x00000006c0f6d468,0x00000006cb700000)
 Metaspace       used 4238K, capacity 4660K, committed 4864K, reserved 1056768K
  class space    used 420K, capacity 432K, committed 512K, reserved 1048576K
}
Event: 7.135 GC heap before
{Heap before GC invocations=12 (full 0):
 PSYoungGen      total 841216K, used 838912K [0x000000076af00000, 0x00000007bd300000, 0x00000007c0000000)
  eden space 838144K, 100% used [0x000000076af00000,0x000000079e180000,0x000000079e180000)
  from space 3072K, 25% used [0x000000079e180000,0x000000079e240000,0x000000079e480000)
  to   space 3072K, 0% used [0x00000007bd000000,0x00000007bd000000,0x00000007bd300000)
 ParOldGen       total 175104K, used 3509K [0x00000006c0c00000, 0x00000006cb700000, 0x000000076af00000)
  object space 175104K, 2% used [0x00000006c0c00000,0x00000006c0f6d468,0x00000006cb700000)
 Metaspace       used 4238K, capacity 4660K, committed 4864K, reserved 1056768K
  class space    used 420K, capacity 432K, committed 512K, reserved 1048576K
Event: 7.136 GC heap after
Heap after GC invocations=12 (full 0):
 PSYoungGen      total 800768K, used 640K [0x000000076af00000, 0x00000007bd100000, 0x00000007c0000000)
  eden space 799744K, 0% used [0x000000076af00000,0x000000076af00000,0x000000079bc00000)
  from space 1024K, 62% used [0x00000007bd000000,0x00000007bd0a0000,0x00000007bd100000)
  to   space 3072K, 0% used [0x00000007bcb00000,0x00000007bcb00000,0x00000007bce00000)
 ParOldGen       total 175104K, used 4213K [0x00000006c0c00000, 0x00000006cb700000, 0x000000076af00000)
  object space 175104K, 2% used [0x00000006c0c00000,0x00000006c101d468,0x00000006cb700000)
 Metaspace       used 4238K, capacity 4660K, committed 4864K, reserved 1056768K
  class space    used 420K, capacity 432K, committed 512K, reserved 1048576K
}
Event: 8.428 GC heap before
{Heap before GC invocations=13 (full 0):
 PSYoungGen      total 800768K, used 800384K [0x000000076af00000, 0x00000007bd100000, 0x00000007c0000000)
  eden space 799744K, 100% used [0x000000076af00000,0x000000079bc00000,0x000000079bc00000)
  from space 1024K, 62% used [0x00000007bd000000,0x00000007bd0a0000,0x00000007bd100000)
  to   space 3072K, 0% used [0x00000007bcb00000,0x00000007bcb00000,0x00000007bce00000)
 ParOldGen       total 175104K, used 4213K [0x00000006c0c00000, 0x00000006cb700000, 0x000000076af00000)
  object space 175104K, 2% used [0x00000006c0c00000,0x00000006c101d468,0x00000006cb700000)
 Metaspace       used 4238K, capacity 4660K, committed 4864K, reserved 1056768K
  class space    used 420K, capacity 432K, committed 512K, reserved 1048576K
Event: 8.429 GC heap after
Heap after GC invocations=13 (full 0):
 PSYoungGen      total 765952K, used 672K [0x000000076af00000, 0x00000007bd080000, 0x00000007c0000000)
  eden space 762880K, 0% used [0x000000076af00000,0x000000076af00000,0x0000000799800000)
  from space 3072K, 21% used [0x00000007bcb00000,0x00000007bcba8000,0x00000007bce00000)
  to   space 2560K, 0% used [0x00000007bce00000,0x00000007bce00000,0x00000007bd080000)
 ParOldGen       total 175104K, used 4797K [0x00000006c0c00000, 0x00000006cb700000, 0x000000076af00000)
  object space 175104K, 2% used [0x00000006c0c00000,0x00000006c10af468,0x00000006cb700000)
 Metaspace       used 4238K, capacity 4660K, committed 4864K, reserved 1056768K
  class space    used 420K, capacity 432K, committed 512K, reserved 1048576K
}
Event: 9.611 GC heap before
{Heap before GC invocations=14 (full 0):
 PSYoungGen      total 765952K, used 763552K [0x000000076af00000, 0x00000007bd080000, 0x00000007c0000000)
  eden space 762880K, 100% used [0x000000076af00000,0x0000000799800000,0x0000000799800000)
  from space 3072K, 21% used [0x00000007bcb00000,0x00000007bcba8000,0x00000007bce00000)
  to   space 2560K, 0% used [0x00000007bce00000,0x00000007bce00000,0x00000007bd080000)
 ParOldGen       total 175104K, used 4797K [0x00000006c0c00000, 0x00000006cb700000, 0x000000076af00000)
  object space 175104K, 2% used [0x00000006c0c00000,0x00000006c10af468,0x00000006cb700000)
 Metaspace       used 4238K, capacity 4660K, committed 4864K, reserved 1056768K
  class space    used 420K, capacity 432K, committed 512K, reserved 1048576K
Event: 9.612 GC heap after
Heap after GC invocations=14 (full 0):
 PSYoungGen      total 729088K, used 576K [0x000000076af00000, 0x00000007bcf00000, 0x00000007c0000000)
  eden space 728064K, 0% used [0x000000076af00000,0x000000076af00000,0x0000000797600000)
  from space 1024K, 56% used [0x00000007bce00000,0x00000007bce90000,0x00000007bcf00000)
  to   space 2560K, 0% used [0x00000007bca00000,0x00000007bca00000,0x00000007bcc80000)
 ParOldGen       total 175104K, used 5405K [0x00000006c0c00000, 0x00000006cb700000, 0x000000076af00000)
  object space 175104K, 3% used [0x00000006c0c00000,0x00000006c1147478,0x00000006cb700000)
 Metaspace       used 4238K, capacity 4660K, committed 4864K, reserved 1056768K
  class space    used 420K, capacity 432K, committed 512K, reserved 1048576K
}

