# JRE version: Java(TM) SE Runtime Environment (8.0_191-b12) (build 1.8.0_191-b12)
# Java VM: Java HotSpot(TM) 64-Bit Server VM (25.191-b12 mixed mode windows-amd64 compressed oops)
Heap:
 PSYoungGen      total 45568K, used 5566K [0x000000076af00000, 0x0000000770080000, 0x00000007c0000000)
  eden space 45056K, 11% used [0x000000076af00000,0x000000076b447a68,0x000000076db00000)
  from space 512K, 31% used [0x000000076ff80000,0x000000076ffa8000,0x0000000770000000)
  to   space 512K, 0% used [0x0000000770000000,0x0000000770000000,0x0000000770080000)
 ParOldGen       total 175104K, used 4528K [0x00000006c0c00000, 0x00000006cb700000, 0x000000076af00000)
  object space 175104K, 2% used [0x00000006c0c00000,0x00000006c106c090,0x00000006cb700000)
 Metaspace       used 3628K, capacity 4568K, committed 4864K, reserved 1056768K
  class space    used 381K, capacity 392K, committed 512K, reserved 1048576K
GC Heap History (10 events):
Event: 4.944 GC heap before
{Heap before GC invocations=43 (full 0):
 PSYoungGen      total 48128K, used 47744K [0x000000076af00000, 0x0000000770080000, 0x00000007c0000000)
  eden space 47616K, 100% used [0x000000076af00000,0x000000076dd80000,0x000000076dd80000)
  from space 512K, 25% used [0x0000000770000000,0x0000000770020000,0x0000000770080000)
  to   space 512K, 0% used [0x000000076ff80000,0x000000076ff80000,0x0000000770000000)
 ParOldGen       total 175104K, used 4240K [0x00000006c0c00000, 0x00000006cb700000, 0x000000076af00000)
  object space 175104K, 2% used [0x00000006c0c00000,0x00000006c1024090,0x00000006cb700000)
 Metaspace       used 3628K, capacity 4568K, committed 4864K, reserved 1056768K
  class space    used 381K, capacity 392K, committed 512K, reserved 1048576K
Event: 4.944 GC heap after
Heap after GC invocations=43 (full 0):
 PSYoungGen      total 47616K, used 128K [0x000000076af00000, 0x0000000770080000, 0x00000007c0000000)
  eden space 47104K, 0% used [0x000000076af00000,0x000000076af00000,0x000000076dd00000)
  from space 512K, 25% used [0x000000076ff80000,0x000000076ffa0000,0x0000000770000000)
  to   space 512K, 0% used [0x0000000770000000,0x0000000770000000,0x0000000770080000)
 ParOldGen       total 175104K, used 4304K [0x00000006c0c00000, 0x00000006cb700000, 0x000000076af00000)
  object space 175104K, 2% used [0x00000006c0c00000,0x00000006c1034090,0x00000006cb700000)
 Metaspace       used 3628K, capacity 4568K, committed 4864K, reserved 1056768K
  class space    used 381K, capacity 392K, committed 512K, reserved 1048576K
}
Event: 5.043 GC heap before
{Heap before GC invocations=44 (full 0):
 PSYoungGen      total 47616K, used 47232K [0x000000076af00000, 0x0000000770080000, 0x00000007c0000000)
  eden space 47104K, 100% used [0x000000076af00000,0x000000076dd00000,0x000000076dd00000)
  from space 512K, 25% used [0x000000076ff80000,0x000000076ffa0000,0x0000000770000000)
  to   space 512K, 0% used [0x0000000770000000,0x0000000770000000,0x0000000770080000)
 ParOldGen       total 175104K, used 4304K [0x00000006c0c00000, 0x00000006cb700000, 0x000000076af00000)
  object space 175104K, 2% used [0x00000006c0c00000,0x00000006c1034090,0x00000006cb700000)
 Metaspace       used 3628K, capacity 4568K, committed 4864K, reserved 1056768K
  class space    used 381K, capacity 392K, committed 512K, reserved 1048576K
Event: 5.043 GC heap after
Heap after GC invocations=44 (full 0):
 PSYoungGen      total 47104K, used 96K [0x000000076af00000, 0x0000000770080000, 0x00000007c0000000)
  eden space 46592K, 0% used [0x000000076af00000,0x000000076af00000,0x000000076dc80000)
  from space 512K, 18% used [0x0000000770000000,0x0000000770018000,0x0000000770080000)
  to   space 512K, 0% used [0x000000076ff80000,0x000000076ff80000,0x0000000770000000)
 ParOldGen       total 175104K, used 4352K [0x00000006c0c00000, 0x00000006cb700000, 0x000000076af00000)
  object space 175104K, 2% used [0x00000006c0c00000,0x00000006c1040090,0x00000006cb700000)
 Metaspace       used 3628K, capacity 4568K, committed 4864K, reserved 1056768K
  class space    used 381K, capacity 392K, committed 512K, reserved 1048576K
}
Event: 5.141 GC heap before
{Heap before GC invocations=45 (full 0):
 PSYoungGen      total 47104K, used 46688K [0x000000076af00000, 0x0000000770080000, 0x00000007c0000000)
  eden space 46592K, 100% used [0x000000076af00000,0x000000076dc80000,0x000000076dc80000)
  from space 512K, 18% used [0x0000000770000000,0x0000000770018000,0x0000000770080000)
  to   space 512K, 0% used [0x000000076ff80000,0x000000076ff80000,0x0000000770000000)
 ParOldGen       total 175104K, used 4352K [0x00000006c0c00000, 0x00000006cb700000, 0x000000076af00000)
  object space 175104K, 2% used [0x00000006c0c00000,0x00000006c1040090,0x00000006cb700000)
 Metaspace       used 3628K, capacity 4568K, committed 4864K, reserved 1056768K
  class space    used 381K, capacity 392K, committed 512K, reserved 1048576K
Event: 5.141 GC heap after
Heap after GC invocations=45 (full 0):
 PSYoungGen      total 46592K, used 128K [0x000000076af00000, 0x0000000770080000, 0x00000007c0000000)
  eden space 46080K, 0% used [0x000000076af00000,0x000000076af00000,0x000000076dc00000)
  from space 512K, 25% used [0x000000076ff80000,0x000000076ffa0000,0x0000000770000000)
  to   space 512K, 0% used [0x0000000770000000,0x0000000770000000,0x0000000770080000)
 ParOldGen       total 175104K, used 4416K [0x00000006c0c00000, 0x00000006cb700000, 0x000000076af00000)
  object space 175104K, 2% used [0x00000006c0c00000,0x00000006c1050090,0x00000006cb700000)
 Metaspace       used 3628K, capacity 4568K, committed 4864K, reserved 1056768K
  class space    used 381K, capacity 392K, committed 512K, reserved 1048576K
}
Event: 5.205 GC heap before
{Heap before GC invocations=46 (full 0):
 PSYoungGen      total 46592K, used 46208K [0x000000076af00000, 0x0000000770080000, 0x00000007c0000000)
  eden space 46080K, 100% used [0x000000076af00000,0x000000076dc00000,0x000000076dc00000)
  from space 512K, 25% used [0x000000076ff80000,0x000000076ffa0000,0x0000000770000000)
  to   space 512K, 0% used [0x0000000770000000,0x0000000770000000,0x0000000770080000)
 ParOldGen       total 175104K, used 4416K [0x00000006c0c00000, 0x00000006cb700000, 0x000000076af00000)
  object space 175104K, 2% used [0x00000006c0c00000,0x00000006c1050090,0x00000006cb700000)
 Metaspace       used 3628K, capacity 4568K, committed 4864K, reserved 1056768K
  class space    used 381K, capacity 392K, committed 512K, reserved 1048576K
Event: 5.206 GC heap after
Heap after GC invocations=46 (full 0):
 PSYoungGen      total 46080K, used 128K [0x000000076af00000, 0x0000000770080000, 0x00000007c0000000)
  eden space 45568K, 0% used [0x000000076af00000,0x000000076af00000,0x000000076db80000)
  from space 512K, 25% used [0x0000000770000000,0x0000000770020000,0x0000000770080000)
  to   space 512K, 0% used [0x000000076ff80000,0x000000076ff80000,0x0000000770000000)
 ParOldGen       total 175104K, used 4488K [0x00000006c0c00000, 0x00000006cb700000, 0x000000076af00000)
  object space 175104K, 2% used [0x00000006c0c00000,0x00000006c1062090,0x00000006cb700000)
 Metaspace       used 3628K, capacity 4568K, committed 4864K, reserved 1056768K
  class space    used 381K, capacity 392K, committed 512K, reserved 1048576K
}
Event: 5.284 GC heap before
{Heap before GC invocations=47 (full 0):
 PSYoungGen      total 46080K, used 45696K [0x000000076af00000, 0x0000000770080000, 0x00000007c0000000)
  eden space 45568K, 100% used [0x000000076af00000,0x000000076db80000,0x000000076db80000)
  from space 512K, 25% used [0x0000000770000000,0x0000000770020000,0x0000000770080000)
  to   space 512K, 0% used [0x000000076ff80000,0x000000076ff80000,0x0000000770000000)
 ParOldGen       total 175104K, used 4488K [0x00000006c0c00000, 0x00000006cb700000, 0x000000076af00000)
  object space 175104K, 2% used [0x00000006c0c00000,0x00000006c1062090,0x00000006cb700000)
 Metaspace       used 3628K, capacity 4568K, committed 4864K, reserved 1056768K
  class space    used 381K, capacity 392K, committed 512K, reserved 1048576K
Event: 5.284 GC heap after
Heap after GC invocations=47 (full 0):
 PSYoungGen      total 45568K, used 160K [0x000000076af00000, 0x0000000770080000, 0x00000007c0000000)
  eden space 45056K, 0% used [0x000000076af00000,0x000000076af00000,0x000000076db00000)
  from space 512K, 31% used [0x000000076ff80000,0x000000076ffa8000,0x0000000770000000)
  to   space 512K, 0% used [0x0000000770000000,0x0000000770000000,0x0000000770080000)
 ParOldGen       total 175104K, used 4528K [0x00000006c0c00000, 0x00000006cb700000, 0x000000076af00000)
  object space 175104K, 2% used [0x00000006c0c00000,0x00000006c106c090,0x00000006cb700000)
 Metaspace       used 3628K, capacity 4568K, committed 4864K, reserved 1056768K
  class space    used 381K, capacity 392K, committed 512K, reserved 1048576K
}

