# JRE version: Java(TM) SE Runtime Environment (8.0_191-b12) (build 1.8.0_191-b12)
# Java VM: Java HotSpot(TM) 64-Bit Server VM (25.191-b12 mixed mode windows-amd64 compressed oops)
Heap:
 PSYoungGen      total 957952K, used 115628K [0x000000076af00000, 0x00000007bca00000, 0x00000007c0000000)
  eden space 956928K, 11% used [0x000000076af00000,0x0000000771f230c8,0x00000007a5580000)
  from space 1024K, 78% used [0x00000007bc580000,0x00000007bc648000,0x00000007bc680000)
  to   space 2560K, 0% used [0x00000007bc780000,0x00000007bc780000,0x00000007bca00000)
 ParOldGen       total 175104K, used 11253K [0x00000006c0c00000, 0x00000006cb700000, 0x000000076af00000)
  object space 175104K, 6% used [0x00000006c0c00000,0x00000006c16fd478,0x00000006cb700000)
 Metaspace       used 4250K, capacity 4704K, committed 4864K, reserved 1056768K
  class space    used 422K, capacity 464K, committed 512K, reserved 1048576K
GC Heap History (10 events):
Event: 14.299 GC heap before
{Heap before GC invocations=15 (full 0):
 PSYoungGen      total 1218048K, used 1217824K [0x000000076af00000, 0x00000007bcf00000, 0x00000007c0000000)
  eden space 1216512K, 100% used [0x000000076af00000,0x00000007b5300000,0x00000007b5300000)
  from space 1536K, 85% used [0x00000007bcd80000,0x00000007bcec8000,0x00000007bcf00000)
  to   space 3072K, 0% used [0x00000007bc900000,0x00000007bc900000,0x00000007bcc00000)
 ParOldGen       total 175104K, used 6437K [0x00000006c0c00000, 0x00000006cb700000, 0x000000076af00000)
  object space 175104K, 3% used [0x00000006c0c00000,0x00000006c1249478,0x00000006cb700000)
 Metaspace       used 4250K, capacity 4704K, committed 4864K, reserved 1056768K
  class space    used 422K, capacity 464K, committed 512K, reserved 1048576K
Event: 14.302 GC heap after
Heap after GC invocations=15 (full 0):
 PSYoungGen      total 1160192K, used 960K [0x000000076af00000, 0x00000007bce00000, 0x00000007c0000000)
  eden space 1159168K, 0% used [0x000000076af00000,0x000000076af00000,0x00000007b1b00000)
  from space 1024K, 93% used [0x00000007bc900000,0x00000007bc9f0000,0x00000007bca00000)
  to   space 2560K, 0% used [0x00000007bcb80000,0x00000007bcb80000,0x00000007bce00000)
 ParOldGen       total 175104K, used 7661K [0x00000006c0c00000, 0x00000006cb700000, 0x000000076af00000)
  object space 175104K, 4% used [0x00000006c0c00000,0x00000006c137b478,0x00000006cb700000)
 Metaspace       used 4250K, capacity 4704K, committed 4864K, reserved 1056768K
  class space    used 422K, capacity 464K, committed 512K, reserved 1048576K
}
Event: 16.373 GC heap before
{Heap before GC invocations=16 (full 0):
 PSYoungGen      total 1160192K, used 1160128K [0x000000076af00000, 0x00000007bce00000, 0x00000007c0000000)
  eden space 1159168K, 100% used [0x000000076af00000,0x00000007b1b00000,0x00000007b1b00000)
  from space 1024K, 93% used [0x00000007bc900000,0x00000007bc9f0000,0x00000007bca00000)
  to   space 2560K, 0% used [0x00000007bcb80000,0x00000007bcb80000,0x00000007bce00000)
 ParOldGen       total 175104K, used 7661K [0x00000006c0c00000, 0x00000006cb700000, 0x000000076af00000)
  object space 175104K, 4% used [0x00000006c0c00000,0x00000006c137b478,0x00000006cb700000)
 Metaspace       used 4250K, capacity 4704K, committed 4864K, reserved 1056768K
  class space    used 422K, capacity 464K, committed 512K, reserved 1048576K
Event: 16.376 GC heap after
Heap after GC invocations=16 (full 0):
 PSYoungGen      total 1105408K, used 1024K [0x000000076af00000, 0x00000007bcc80000, 0x00000007c0000000)
  eden space 1104384K, 0% used [0x000000076af00000,0x000000076af00000,0x00000007ae580000)
  from space 1024K, 100% used [0x00000007bcb80000,0x00000007bcc80000,0x00000007bcc80000)
  to   space 2560K, 0% used [0x00000007bc780000,0x00000007bc780000,0x00000007bca00000)
 ParOldGen       total 175104K, used 8597K [0x00000006c0c00000, 0x00000006cb700000, 0x000000076af00000)
  object space 175104K, 4% used [0x00000006c0c00000,0x00000006c1465478,0x00000006cb700000)
 Metaspace       used 4250K, capacity 4704K, committed 4864K, reserved 1056768K
  class space    used 422K, capacity 464K, committed 512K, reserved 1048576K
}
Event: 18.287 GC heap before
{Heap before GC invocations=17 (full 0):
 PSYoungGen      total 1105408K, used 1105408K [0x000000076af00000, 0x00000007bcc80000, 0x00000007c0000000)
  eden space 1104384K, 100% used [0x000000076af00000,0x00000007ae580000,0x00000007ae580000)
  from space 1024K, 100% used [0x00000007bcb80000,0x00000007bcc80000,0x00000007bcc80000)
  to   space 2560K, 0% used [0x00000007bc780000,0x00000007bc780000,0x00000007bca00000)
 ParOldGen       total 175104K, used 8597K [0x00000006c0c00000, 0x00000006cb700000, 0x000000076af00000)
  object space 175104K, 4% used [0x00000006c0c00000,0x00000006c1465478,0x00000006cb700000)
 Metaspace       used 4250K, capacity 4704K, committed 4864K, reserved 1056768K
  class space    used 422K, capacity 464K, committed 512K, reserved 1048576K
Event: 18.289 GC heap after
Heap after GC invocations=17 (full 0):
 PSYoungGen      total 1053696K, used 896K [0x000000076af00000, 0x00000007bcc00000, 0x00000007c0000000)
  eden space 1052672K, 0% used [0x000000076af00000,0x000000076af00000,0x00000007ab300000)
  from space 1024K, 87% used [0x00000007bc780000,0x00000007bc860000,0x00000007bc880000)
  to   space 2560K, 0% used [0x00000007bc980000,0x00000007bc980000,0x00000007bcc00000)
 ParOldGen       total 175104K, used 9557K [0x00000006c0c00000, 0x00000006cb700000, 0x000000076af00000)
  object space 175104K, 5% used [0x00000006c0c00000,0x00000006c1555478,0x00000006cb700000)
 Metaspace       used 4250K, capacity 4704K, committed 4864K, reserved 1056768K
  class space    used 422K, capacity 464K, committed 512K, reserved 1048576K
}
Event: 20.229 GC heap before
{Heap before GC invocations=18 (full 0):
 PSYoungGen      total 1053696K, used 1053568K [0x000000076af00000, 0x00000007bcc00000, 0x00000007c0000000)
  eden space 1052672K, 100% used [0x000000076af00000,0x00000007ab300000,0x00000007ab300000)
  from space 1024K, 87% used [0x00000007bc780000,0x00000007bc860000,0x00000007bc880000)
  to   space 2560K, 0% used [0x00000007bc980000,0x00000007bc980000,0x00000007bcc00000)
 ParOldGen       total 175104K, used 9557K [0x00000006c0c00000, 0x00000006cb700000, 0x000000076af00000)
  object space 175104K, 5% used [0x00000006c0c00000,0x00000006c1555478,0x00000006cb700000)
 Metaspace       used 4250K, capacity 4704K, committed 4864K, reserved 1056768K
  class space    used 422K, capacity 464K, committed 512K, reserved 1048576K
Event: 20.232 GC heap after
Heap after GC invocations=18 (full 0):
 PSYoungGen      total 1004544K, used 896K [0x000000076af00000, 0x00000007bca80000, 0x00000007c0000000)
  eden space 1003520K, 0% used [0x000000076af00000,0x000000076af00000,0x00000007a8300000)
  from space 1024K, 87% used [0x00000007bc980000,0x00000007bca60000,0x00000007bca80000)
  to   space 2560K, 0% used [0x00000007bc580000,0x00000007bc580000,0x00000007bc800000)
 ParOldGen       total 175104K, used 10389K [0x00000006c0c00000, 0x00000006cb700000, 0x000000076af00000)
  object space 175104K, 5% used [0x00000006c0c00000,0x00000006c1625478,0x00000006cb700000)
 Metaspace       used 4250K, capacity 4704K, committed 4864K, reserved 1056768K
  class space    used 422K, capacity 464K, committed 512K, reserved 1048576K
}
Event: 22.202 GC heap before
{Heap before GC invocations=19 (full 0):
 PSYoungGen      total 1004544K, used 1004416K [0x000000076af00000, 0x00000007bca80000, 0x00000007c0000000)
  eden space 1003520K, 100% used [0x000000076af00000,0x00000007a8300000,0x00000007a8300000)
  from space 1024K, 87% used [0x00000007bc980000,0x00000007bca60000,0x00000007bca80000)
  to   space 2560K, 0% used [0x00000007bc580000,0x00000007bc580000,0x00000007bc800000)
 ParOldGen       total 175104K, used 10389K [0x00000006c0c00000, 0x00000006cb700000, 0x000000076af00000)
  object space 175104K, 5% used [0x00000006c0c00000,0x00000006c1625478,0x00000006cb700000)
 Metaspace       used 4250K, capacity 4704K, committed 4864K, reserved 1056768K
  class space    used 422K, capacity 464K, committed 512K, reserved 1048576K
Event: 22.205 GC heap after
Heap after GC invocations=19 (full 0):
 PSYoungGen      total 957952K, used 800K [0x000000076af00000, 0x00000007bca00000, 0x00000007c0000000)
  eden space 956928K, 0% used [0x000000076af00000,0x000000076af00000,0x00000007a5580000)
  from space 1024K, 78% used [0x00000007bc580000,0x00000007bc648000,0x00000007bc680000)
  to   space 2560K, 0% used [0x00000007bc780000,0x00000007bc780000,0x00000007bca00000)
 ParOldGen       total 175104K, used 11253K [0x00000006c0c00000, 0x00000006cb700000, 0x000000076af00000)
  object space 175104K, 6% used [0x00000006c0c00000,0x00000006c16fd478,0x00000006cb700000)
 Metaspace       used 4250K, capacity 4704K, committed 4864K, reserved 1056768K
  class space    used 422K, capacity 464K, committed 512K, reserved 1048576K
}

