# JRE version: Java(TM) SE Runtime Environment (8.0_191-b12) (build 1.8.0_191-b12)
# Java VM: Java HotSpot(TM) 64-Bit Server VM (25.191-b12 mixed mode windows-amd64 compressed oops)
Heap:
 PSYoungGen      total 535040K, used 280420K [0x00000000d5980000, 0x00000000f6780000, 0x0000000100000000)
  eden space 531456K, 52% used [0x00000000d5980000,0x00000000e6a01058,0x00000000f6080000)
  from space 3584K, 38% used [0x00000000f6400000,0x00000000f6558000,0x00000000f6780000)
  to   space 3584K, 0% used [0x00000000f6080000,0x00000000f6080000,0x00000000f6400000)
 ParOldGen       total 87552K, used 2225K [0x0000000080c00000, 0x0000000086180000, 0x00000000d5980000)
  object space 87552K, 2% used [0x0000000080c00000,0x0000000080e2c458,0x0000000086180000)
 Metaspace       used 4003K, capacity 4606K, committed 4864K, reserved 1056768K
  class space    used 405K, capacity 430K, committed 512K, reserved 1048576K
GC Heap History (10 events):
Event: 0.602 GC heap before
{Heap before GC invocations=4 (full 0):
 PSYoungGen      total 71680K, used 68512K [0x00000000d5980000, 0x00000000de580000, 0x0000000100000000)
  eden space 66560K, 100% used [0x00000000d5980000,0x00000000d9a80000,0x00000000d9a80000)
  from space 5120K, 38% used [0x00000000d9a80000,0x00000000d9c68000,0x00000000d9f80000)
  to   space 5120K, 0% used [0x00000000de080000,0x00000000de080000,0x00000000de580000)
 ParOldGen       total 87552K, used 24K [0x0000000080c00000, 0x0000000086180000, 0x00000000d5980000)
  object space 87552K, 0% used [0x0000000080c00000,0x0000000080c06000,0x0000000086180000)
 Metaspace       used 3966K, capacity 4606K, committed 4864K, reserved 1056768K
  class space    used 405K, capacity 430K, committed 512K, reserved 1048576K
Event: 0.611 GC heap after
Heap after GC invocations=4 (full 0):
 PSYoungGen      total 138240K, used 2240K [0x00000000d5980000, 0x00000000de580000, 0x0000000100000000)
  eden space 133120K, 0% used [0x00000000d5980000,0x00000000d5980000,0x00000000ddb80000)
  from space 5120K, 43% used [0x00000000de080000,0x00000000de2b0000,0x00000000de580000)
  to   space 5120K, 0% used [0x00000000ddb80000,0x00000000ddb80000,0x00000000de080000)
 ParOldGen       total 87552K, used 24K [0x0000000080c00000, 0x0000000086180000, 0x00000000d5980000)
  object space 87552K, 0% used [0x0000000080c00000,0x0000000080c06000,0x0000000086180000)
 Metaspace       used 3966K, capacity 4606K, committed 4864K, reserved 1056768K
  class space    used 405K, capacity 430K, committed 512K, reserved 1048576K
}
Event: 0.927 GC heap before
{Heap before GC invocations=5 (full 0):
 PSYoungGen      total 138240K, used 135360K [0x00000000d5980000, 0x00000000de580000, 0x0000000100000000)
  eden space 133120K, 100% used [0x00000000d5980000,0x00000000ddb80000,0x00000000ddb80000)
  from space 5120K, 43% used [0x00000000de080000,0x00000000de2b0000,0x00000000de580000)
  to   space 5120K, 0% used [0x00000000ddb80000,0x00000000ddb80000,0x00000000de080000)
 ParOldGen       total 87552K, used 24K [0x0000000080c00000, 0x0000000086180000, 0x00000000d5980000)
  object space 87552K, 0% used [0x0000000080c00000,0x0000000080c06000,0x0000000086180000)
 Metaspace       used 3977K, capacity 4606K, committed 4864K, reserved 1056768K
  class space    used 405K, capacity 430K, committed 512K, reserved 1048576K
Event: 0.929 GC heap after
Heap after GC invocations=5 (full 0):
 PSYoungGen      total 138240K, used 2544K [0x00000000d5980000, 0x00000000e6380000, 0x0000000100000000)
  eden space 133120K, 0% used [0x00000000d5980000,0x00000000d5980000,0x00000000ddb80000)
  from space 5120K, 49% used [0x00000000ddb80000,0x00000000dddfc010,0x00000000de080000)
  to   space 3072K, 0% used [0x00000000e6080000,0x00000000e6080000,0x00000000e6380000)
 ParOldGen       total 87552K, used 32K [0x0000000080c00000, 0x0000000086180000, 0x00000000d5980000)
  object space 87552K, 0% used [0x0000000080c00000,0x0000000080c08000,0x0000000086180000)
 Metaspace       used 3977K, capacity 4606K, committed 4864K, reserved 1056768K
  class space    used 405K, capacity 430K, committed 512K, reserved 1048576K
}
Event: 1.183 GC heap before
{Heap before GC invocations=6 (full 0):
 PSYoungGen      total 138240K, used 135664K [0x00000000d5980000, 0x00000000e6380000, 0x0000000100000000)
  eden space 133120K, 100% used [0x00000000d5980000,0x00000000ddb80000,0x00000000ddb80000)
  from space 5120K, 49% used [0x00000000ddb80000,0x00000000dddfc010,0x00000000de080000)
  to   space 3072K, 0% used [0x00000000e6080000,0x00000000e6080000,0x00000000e6380000)
 ParOldGen       total 87552K, used 32K [0x0000000080c00000, 0x0000000086180000, 0x00000000d5980000)
  object space 87552K, 0% used [0x0000000080c00000,0x0000000080c08000,0x0000000086180000)
 Metaspace       used 3977K, capacity 4606K, committed 4864K, reserved 1056768K
  class space    used 405K, capacity 430K, committed 512K, reserved 1048576K
Event: 1.185 GC heap after
Heap after GC invocations=6 (full 0):
 PSYoungGen      total 268800K, used 2800K [0x00000000d5980000, 0x00000000e6480000, 0x0000000100000000)
  eden space 265728K, 0% used [0x00000000d5980000,0x00000000d5980000,0x00000000e5d00000)
  from space 3072K, 91% used [0x00000000e6080000,0x00000000e633c010,0x00000000e6380000)
  to   space 3584K, 0% used [0x00000000e5d00000,0x00000000e5d00000,0x00000000e6080000)
 ParOldGen       total 87552K, used 40K [0x0000000080c00000, 0x0000000086180000, 0x00000000d5980000)
  object space 87552K, 0% used [0x0000000080c00000,0x0000000080c0a000,0x0000000086180000)
 Metaspace       used 3977K, capacity 4606K, committed 4864K, reserved 1056768K
  class space    used 405K, capacity 430K, committed 512K, reserved 1048576K
}
Event: 1.783 GC heap before
{Heap before GC invocations=7 (full 0):
 PSYoungGen      total 268800K, used 268528K [0x00000000d5980000, 0x00000000e6480000, 0x0000000100000000)
  eden space 265728K, 100% used [0x00000000d5980000,0x00000000e5d00000,0x00000000e5d00000)
  from space 3072K, 91% used [0x00000000e6080000,0x00000000e633c010,0x00000000e6380000)
  to   space 3584K, 0% used [0x00000000e5d00000,0x00000000e5d00000,0x00000000e6080000)
 ParOldGen       total 87552K, used 40K [0x0000000080c00000, 0x0000000086180000, 0x00000000d5980000)
  object space 87552K, 0% used [0x0000000080c00000,0x0000000080c0a000,0x0000000086180000)
 Metaspace       used 3984K, capacity 4606K, committed 4864K, reserved 1056768K
  class space    used 405K, capacity 430K, committed 512K, reserved 1048576K
Event: 1.784 GC heap after
Heap after GC invocations=7 (full 0):
 PSYoungGen      total 269312K, used 1728K [0x00000000d5980000, 0x00000000f6780000, 0x0000000100000000)
  eden space 265728K, 0% used [0x00000000d5980000,0x00000000d5980000,0x00000000e5d00000)
  from space 3584K, 48% used [0x00000000e5d00000,0x00000000e5eb0000,0x00000000e6080000)
  to   space 3584K, 0% used [0x00000000f6400000,0x00000000f6400000,0x00000000f6780000)
 ParOldGen       total 87552K, used 1465K [0x0000000080c00000, 0x0000000086180000, 0x00000000d5980000)
  object space 87552K, 1% used [0x0000000080c00000,0x0000000080d6e458,0x0000000086180000)
 Metaspace       used 3984K, capacity 4606K, committed 4864K, reserved 1056768K
  class space    used 405K, capacity 430K, committed 512K, reserved 1048576K
}
Event: 2.308 GC heap before
{Heap before GC invocations=8 (full 0):
 PSYoungGen      total 269312K, used 267456K [0x00000000d5980000, 0x00000000f6780000, 0x0000000100000000)
  eden space 265728K, 100% used [0x00000000d5980000,0x00000000e5d00000,0x00000000e5d00000)
  from space 3584K, 48% used [0x00000000e5d00000,0x00000000e5eb0000,0x00000000e6080000)
  to   space 3584K, 0% used [0x00000000f6400000,0x00000000f6400000,0x00000000f6780000)
 ParOldGen       total 87552K, used 1465K [0x0000000080c00000, 0x0000000086180000, 0x00000000d5980000)
  object space 87552K, 1% used [0x0000000080c00000,0x0000000080d6e458,0x0000000086180000)
 Metaspace       used 3984K, capacity 4606K, committed 4864K, reserved 1056768K
  class space    used 405K, capacity 430K, committed 512K, reserved 1048576K
Event: 2.309 GC heap after
Heap after GC invocations=8 (full 0):
 PSYoungGen      total 535040K, used 1376K [0x00000000d5980000, 0x00000000f6780000, 0x0000000100000000)
  eden space 531456K, 0% used [0x00000000d5980000,0x00000000d5980000,0x00000000f6080000)
  from space 3584K, 38% used [0x00000000f6400000,0x00000000f6558000,0x00000000f6780000)
  to   space 3584K, 0% used [0x00000000f6080000,0x00000000f6080000,0x00000000f6400000)
 ParOldGen       total 87552K, used 2225K [0x0000000080c00000, 0x0000000086180000, 0x00000000d5980000)
  object space 87552K, 2% used [0x0000000080c00000,0x0000000080e2c458,0x0000000086180000)
 Metaspace       used 3984K, capacity 4606K, committed 4864K, reserved 1056768K
  class space    used 405K, capacity 430K, committed 512K, reserved 1048576K
}

