# JRE version: Java(TM) SE Runtime Environment (8.0_191-b12) (build 1.8.0_191-b12)
# Java VM: Java HotSpot(TM) 64-Bit Server VM (25.191-b12 mixed mode windows-amd64 compressed oops)
Heap:
 PSYoungGen      total 527872K, used 496159K [0x000000076af00000, 0x000000079d900000, 0x00000007c0000000)
  eden space 527360K, 93% used [0x000000076af00000,0x0000000789317d50,0x000000078b200000)
  from space 512K, 87% used [0x000000079d880000,0x000000079d8f0000,0x000000079d900000)
  to   space 2560K, 0% used [0x000000079d400000,0x000000079d400000,0x000000079d680000)
 ParOldGen       total 175104K, used 9444K [0x00000006c0c00000, 0x00000006cb700000, 0x000000076af00000)
  object space 175104K, 5% used [0x00000006c0c00000,0x00000006c15390b0,0x00000006cb700000)
 Metaspace       used 4246K, capacity 4704K, committed 4864K, reserved 1056768K
  class space    used 422K, capacity 464K, committed 512K, reserved 1048576K
GC Heap History (10 events):
Event: 11.416 GC heap before
{Heap before GC invocations=16 (full 0):
 PSYoungGen      total 664064K, used 663776K [0x000000076af00000, 0x000000079e000000, 0x00000007c0000000)
  eden space 663040K, 100% used [0x000000076af00000,0x0000000793680000,0x0000000793680000)
  from space 1024K, 71% used [0x000000079da80000,0x000000079db38000,0x000000079db80000)
  to   space 3072K, 0% used [0x000000079dd00000,0x000000079dd00000,0x000000079e000000)
 ParOldGen       total 175104K, used 6596K [0x00000006c0c00000, 0x00000006cb700000, 0x000000076af00000)
  object space 175104K, 3% used [0x00000006c0c00000,0x00000006c12710b0,0x00000006cb700000)
 Metaspace       used 4246K, capacity 4704K, committed 4864K, reserved 1056768K
  class space    used 422K, capacity 464K, committed 512K, reserved 1048576K
Event: 11.418 GC heap after
Heap after GC invocations=16 (full 0):
 PSYoungGen      total 634368K, used 768K [0x000000076af00000, 0x000000079de00000, 0x00000007c0000000)
  eden space 633344K, 0% used [0x000000076af00000,0x000000076af00000,0x0000000791980000)
  from space 1024K, 75% used [0x000000079dd00000,0x000000079ddc0000,0x000000079de00000)
  to   space 3072K, 0% used [0x000000079d800000,0x000000079d800000,0x000000079db00000)
 ParOldGen       total 175104K, used 7284K [0x00000006c0c00000, 0x00000006cb700000, 0x000000076af00000)
  object space 175104K, 4% used [0x00000006c0c00000,0x00000006c131d0b0,0x00000006cb700000)
 Metaspace       used 4246K, capacity 4704K, committed 4864K, reserved 1056768K
  class space    used 422K, capacity 464K, committed 512K, reserved 1048576K
}
Event: 12.508 GC heap before
{Heap before GC invocations=17 (full 0):
 PSYoungGen      total 634368K, used 634112K [0x000000076af00000, 0x000000079de00000, 0x00000007c0000000)
  eden space 633344K, 100% used [0x000000076af00000,0x0000000791980000,0x0000000791980000)
  from space 1024K, 75% used [0x000000079dd00000,0x000000079ddc0000,0x000000079de00000)
  to   space 3072K, 0% used [0x000000079d800000,0x000000079d800000,0x000000079db00000)
 ParOldGen       total 175104K, used 7284K [0x00000006c0c00000, 0x00000006cb700000, 0x000000076af00000)
  object space 175104K, 4% used [0x00000006c0c00000,0x00000006c131d0b0,0x00000006cb700000)
 Metaspace       used 4246K, capacity 4704K, committed 4864K, reserved 1056768K
  class space    used 422K, capacity 464K, committed 512K, reserved 1048576K
Event: 12.509 GC heap after
Heap after GC invocations=17 (full 0):
 PSYoungGen      total 605696K, used 640K [0x000000076af00000, 0x000000079dd80000, 0x00000007c0000000)
  eden space 604672K, 0% used [0x000000076af00000,0x000000076af00000,0x000000078fd80000)
  from space 1024K, 62% used [0x000000079d800000,0x000000079d8a0000,0x000000079d900000)
  to   space 3072K, 0% used [0x000000079da80000,0x000000079da80000,0x000000079dd80000)
 ParOldGen       total 175104K, used 7996K [0x00000006c0c00000, 0x00000006cb700000, 0x000000076af00000)
  object space 175104K, 4% used [0x00000006c0c00000,0x00000006c13cf0b0,0x00000006cb700000)
 Metaspace       used 4246K, capacity 4704K, committed 4864K, reserved 1056768K
  class space    used 422K, capacity 464K, committed 512K, reserved 1048576K
}
Event: 13.575 GC heap before
{Heap before GC invocations=18 (full 0):
 PSYoungGen      total 605696K, used 605312K [0x000000076af00000, 0x000000079dd80000, 0x00000007c0000000)
  eden space 604672K, 100% used [0x000000076af00000,0x000000078fd80000,0x000000078fd80000)
  from space 1024K, 62% used [0x000000079d800000,0x000000079d8a0000,0x000000079d900000)
  to   space 3072K, 0% used [0x000000079da80000,0x000000079da80000,0x000000079dd80000)
 ParOldGen       total 175104K, used 7996K [0x00000006c0c00000, 0x00000006cb700000, 0x000000076af00000)
  object space 175104K, 4% used [0x00000006c0c00000,0x00000006c13cf0b0,0x00000006cb700000)
 Metaspace       used 4246K, capacity 4704K, committed 4864K, reserved 1056768K
  class space    used 422K, capacity 464K, committed 512K, reserved 1048576K
Event: 13.577 GC heap after
Heap after GC invocations=18 (full 0):
 PSYoungGen      total 578048K, used 480K [0x000000076af00000, 0x000000079db00000, 0x00000007c0000000)
  eden space 577536K, 0% used [0x000000076af00000,0x000000076af00000,0x000000078e300000)
  from space 512K, 93% used [0x000000079da80000,0x000000079daf8000,0x000000079db00000)
  to   space 2560K, 0% used [0x000000079d600000,0x000000079d600000,0x000000079d880000)
 ParOldGen       total 175104K, used 8540K [0x00000006c0c00000, 0x00000006cb700000, 0x000000076af00000)
  object space 175104K, 4% used [0x00000006c0c00000,0x00000006c14570b0,0x00000006cb700000)
 Metaspace       used 4246K, capacity 4704K, committed 4864K, reserved 1056768K
  class space    used 422K, capacity 464K, committed 512K, reserved 1048576K
}
Event: 14.449 GC heap before
{Heap before GC invocations=19 (full 0):
 PSYoungGen      total 578048K, used 578016K [0x000000076af00000, 0x000000079db00000, 0x00000007c0000000)
  eden space 577536K, 100% used [0x000000076af00000,0x000000078e300000,0x000000078e300000)
  from space 512K, 93% used [0x000000079da80000,0x000000079daf8000,0x000000079db00000)
  to   space 2560K, 0% used [0x000000079d600000,0x000000079d600000,0x000000079d880000)
 ParOldGen       total 175104K, used 8540K [0x00000006c0c00000, 0x00000006cb700000, 0x000000076af00000)
  object space 175104K, 4% used [0x00000006c0c00000,0x00000006c14570b0,0x00000006cb700000)
 Metaspace       used 4246K, capacity 4704K, committed 4864K, reserved 1056768K
  class space    used 422K, capacity 464K, committed 512K, reserved 1048576K
Event: 14.450 GC heap after
Heap after GC invocations=19 (full 0):
 PSYoungGen      total 554496K, used 544K [0x000000076af00000, 0x000000079db00000, 0x00000007c0000000)
  eden space 551936K, 0% used [0x000000076af00000,0x000000076af00000,0x000000078ca00000)
  from space 2560K, 21% used [0x000000079d600000,0x000000079d688000,0x000000079d880000)
  to   space 2560K, 0% used [0x000000079d880000,0x000000079d880000,0x000000079db00000)
 ParOldGen       total 175104K, used 8956K [0x00000006c0c00000, 0x00000006cb700000, 0x000000076af00000)
  object space 175104K, 5% used [0x00000006c0c00000,0x00000006c14bf0b0,0x00000006cb700000)
 Metaspace       used 4246K, capacity 4704K, committed 4864K, reserved 1056768K
  class space    used 422K, capacity 464K, committed 512K, reserved 1048576K
}
Event: 15.481 GC heap before
{Heap before GC invocations=20 (full 0):
 PSYoungGen      total 554496K, used 552480K [0x000000076af00000, 0x000000079db00000, 0x00000007c0000000)
  eden space 551936K, 100% used [0x000000076af00000,0x000000078ca00000,0x000000078ca00000)
  from space 2560K, 21% used [0x000000079d600000,0x000000079d688000,0x000000079d880000)
  to   space 2560K, 0% used [0x000000079d880000,0x000000079d880000,0x000000079db00000)
 ParOldGen       total 175104K, used 8956K [0x00000006c0c00000, 0x00000006cb700000, 0x000000076af00000)
  object space 175104K, 5% used [0x00000006c0c00000,0x00000006c14bf0b0,0x00000006cb700000)
 Metaspace       used 4246K, capacity 4704K, committed 4864K, reserved 1056768K
  class space    used 422K, capacity 464K, committed 512K, reserved 1048576K
Event: 15.483 GC heap after
Heap after GC invocations=20 (full 0):
 PSYoungGen      total 527872K, used 448K [0x000000076af00000, 0x000000079d900000, 0x00000007c0000000)
  eden space 527360K, 0% used [0x000000076af00000,0x000000076af00000,0x000000078b200000)
  from space 512K, 87% used [0x000000079d880000,0x000000079d8f0000,0x000000079d900000)
  to   space 2560K, 0% used [0x000000079d400000,0x000000079d400000,0x000000079d680000)
 ParOldGen       total 175104K, used 9444K [0x00000006c0c00000, 0x00000006cb700000, 0x000000076af00000)
  object space 175104K, 5% used [0x00000006c0c00000,0x00000006c15390b0,0x00000006cb700000)
 Metaspace       used 4246K, capacity 4704K, committed 4864K, reserved 1056768K
  class space    used 422K, capacity 464K, committed 512K, reserved 1048576K
}

